<?xml version="1.0" encoding="utf-8"?>
<TestRun id="5a2d5fe4-c162-4e85-be9e-f2aef21739a2" name="ContainerAdministrator@EF62BDD48EA6 2023-10-10 12:00:23" runUser="User Manager\ContainerAdministrator" xmlns="http://microsoft.com/schemas/VisualStudio/TeamTest/2010">
  <Times creation="2023-10-10T12:00:23.3510570+02:00" queuing="2023-10-10T12:00:23.3510570+02:00" start="2023-10-10T11:59:48.6919086+02:00" finish="2023-10-10T12:28:53.4985736+02:00" />
  <TestSettings name="default" id="a6978ebc-78c8-4d04-b748-f6f839204182">
    <Deployment runDeploymentRoot="2fb4cef87a25ff01e5b3a105ffa1d4da" />
  </TestSettings>
  <Results>
    <UnitTestResult executionId="dac69f61-7577-4186-b838-21df03f168b3" testId="cc5c78f0-0eb8-4bd1-802e-66c6ee98bb58" testName="Designer_31785" computerName="EF62BDD48EA6" duration="00:00:26.1410241" startTime="2023-10-10T12:02:26.6419167+02:00" endTime="2023-10-10T12:02:52.7835833+02:00" testType="13cdc9d9-ddb5-4fa4-a97d-d965ccfc6d4b" outcome="Passed" testListId="8c84fa94-04c1-424b-9868-57a2d4851a1d" relativeResultsDirectory="dac69f61-7577-4186-b838-21df03f168b3">
      <Output>
        <StdOut>[12:02:26]  Start Test: Designer_31785&#xD;
[12:02:28]  Defining database with name Standard...
Given paths are: c:\appveyor\bin\E3.3DRoutingBridge\Mainline\E3.BridgeTest\TestFiles\Designer-31785\..\Databases\Standard\Components.mdb	c:\appveyor\bin\E3.3DRoutingBridge\Mainline\E3.BridgeTest\TestFiles\Designer-31785\..\Databases\Standard\symbols.mdb	c:\appveyor\bin\E3.3DRoutingBridge\Mainline\E3.BridgeTest\TestFiles\Designer-31785\..\Databases\Standard\Configuration.mdb&#xD;
[12:02:32]  Setting current database Standard&#xD;
[12:02:33]  E3 open project&#xD;
[12:02:34]  Doing repaircheck...&#xD;
[12:02:34]  Tool startet: c:\\appveyor\\bin\\E3.3DRoutingBridge\\Mainline\\bin\\Release\\x64\\E3_3DRoutingBridge.exe&#xD;
[12:02:52]  Tool fertig: c:\\appveyor\\bin\\E3.3DRoutingBridge\\Mainline\\bin\\Release\\x64\\E3_3DRoutingBridge.exe : ExitCode 0&#xD;
[12:02:52]  test.NAME: Designer_31785&#xD;
[12:02:52]  preparedOutputFile: c:\appveyor\bin\E3.3DRoutingBridge\Mainline\E3.BridgeTest\TestFiles\Designer-31785\Results\2023-10-10--12-02-52_Designer_31785_temp.xml&#xD;
[12:02:52]  preparedReferenceFile: c:\appveyor\bin\E3.3DRoutingBridge\Mainline\E3.BridgeTest\TestFiles\Designer-31785\Results\2023-10-10--12-02-52_Designer_31785_ref_temp.xml&#xD;
[12:02:52]  Start CompareXML: xmlExportFileName: c:\appveyor\bin\E3.3DRoutingBridge\Mainline\E3.BridgeTest\TestFiles\Designer-31785\Results\2023-10-10--12-02-52_Designer_31785_temp.xml to xmlRefFileName: c:\appveyor\bin\E3.3DRoutingBridge\Mainline\E3.BridgeTest\TestFiles\Designer-31785\Results\2023-10-10--12-02-52_Designer_31785_ref_temp.xml&#xD;
[12:02:52]  Test Designer_31785 for Tool 3DRoutingBridge equal to Reference!&#xD;
[12:02:52]  Der Test  3DRoutingBridge is successful!&#xD;
[12:02:52]  TestCleanup</StdOut>
      </Output>
    </UnitTestResult>
    <UnitTestResult executionId="08c376d9-2d7d-4409-b6fe-ce4e925e76ce" testId="4e942a7e-0b73-4c26-88c6-cfde7c731f52" testName="ProtectionsImport_9_QM850" computerName="EF62BDD48EA6" duration="00:00:43.0597802" startTime="2023-10-10T12:26:53.4906796+02:00" endTime="2023-10-10T12:27:36.5596992+02:00" testType="13cdc9d9-ddb5-4fa4-a97d-d965ccfc6d4b" outcome="Passed" testListId="8c84fa94-04c1-424b-9868-57a2d4851a1d" relativeResultsDirectory="08c376d9-2d7d-4409-b6fe-ce4e925e76ce">
      <Output>
        <StdOut>[12:26:53]  Start Test: ProtectionsImport_9_QM850&#xD;
[12:26:54]  Defining database with name Standard...
Given paths are: c:\appveyor\bin\E3.3DRoutingBridge\Mainline\E3.BridgeTest\TestFiles\Harness_Update_QM850\..\Databases\Standard\Components.mdb	c:\appveyor\bin\E3.3DRoutingBridge\Mainline\E3.BridgeTest\TestFiles\Harness_Update_QM850\..\Databases\Standard\symbols.mdb	c:\appveyor\bin\E3.3DRoutingBridge\Mainline\E3.BridgeTest\TestFiles\Harness_Update_QM850\..\Databases\Standard\Configuration.mdb&#xD;
[12:26:58]  Setting current database Standard&#xD;
[12:26:59]  E3 open project&#xD;
[12:26:59]  Doing repaircheck...&#xD;
[12:26:59]  Tool startet: c:\\appveyor\\bin\\E3.3DRoutingBridge\\Mainline\\bin\\Release\\x64\\E3_3DRoutingBridge.exe&#xD;
[12:27:15]  Tool fertig: c:\\appveyor\\bin\\E3.3DRoutingBridge\\Mainline\\bin\\Release\\x64\\E3_3DRoutingBridge.exe : ExitCode 0&#xD;
[12:27:15]  test.NAME: ProtectionsImport_9_QM850&#xD;
[12:27:15]  preparedOutputFile: c:\appveyor\bin\E3.3DRoutingBridge\Mainline\E3.BridgeTest\TestFiles\Harness_Update_QM850\Results\2023-10-10--12-27-15_ProtectionsImport_9_QM850_temp.xml&#xD;
[12:27:15]  preparedReferenceFile: c:\appveyor\bin\E3.3DRoutingBridge\Mainline\E3.BridgeTest\TestFiles\Harness_Update_QM850\Results\2023-10-10--12-27-15_ProtectionsImport_9_QM850_ref_temp.xml&#xD;
[12:27:15]  Start CompareXML: xmlExportFileName: c:\appveyor\bin\E3.3DRoutingBridge\Mainline\E3.BridgeTest\TestFiles\Harness_Update_QM850\Results\2023-10-10--12-27-15_ProtectionsImport_9_QM850_temp.xml to xmlRefFileName: c:\appveyor\bin\E3.3DRoutingBridge\Mainline\E3.BridgeTest\TestFiles\Harness_Update_QM850\Results\2023-10-10--12-27-15_ProtectionsImport_9_QM850_ref_temp.xml&#xD;
[12:27:15]  Test ProtectionsImport_9_QM850 for Tool 3DRoutingBridge equal to Reference!&#xD;
[12:27:15]  Der Test  3DRoutingBridge is successful!&#xD;
[12:27:15]  Project is successful saved: c:\appveyor\bin\E3.3DRoutingBridge\Mainline\E3.BridgeTest\TestFiles\Harness_Update_QM850\Results\2023-10-10--12-27-15_ProtectionsImport_9_QM850_temp.e3s&#xD;
[12:27:17]  Defining database with name Standard...
Given paths are: c:\appveyor\bin\E3.3DRoutingBridge\Mainline\E3.BridgeTest\TestFiles\Harness_Update_QM850\..\Databases\Standard\Components.mdb	c:\appveyor\bin\E3.3DRoutingBridge\Mainline\E3.BridgeTest\TestFiles\Harness_Update_QM850\..\Databases\Standard\symbols.mdb	c:\appveyor\bin\E3.3DRoutingBridge\Mainline\E3.BridgeTest\TestFiles\Harness_Update_QM850\..\Databases\Standard\Configuration.mdb&#xD;
[12:27:20]  Setting current database Standard&#xD;
[12:27:21]  E3 open project&#xD;
[12:27:22]  Doing repaircheck...&#xD;
[12:27:22]  Tool startet: c:\\appveyor\\bin\\E3.3DRoutingBridge\\Mainline\\bin\\Release\\x64\\E3_3DRoutingBridge.exe&#xD;
[12:27:35]  Tool fertig: c:\\appveyor\\bin\\E3.3DRoutingBridge\\Mainline\\bin\\Release\\x64\\E3_3DRoutingBridge.exe : ExitCode 0&#xD;
[12:27:36]  test.NAME: ProtectionsImport_9_QM850&#xD;
[12:27:36]  preparedOutputFile: c:\appveyor\bin\E3.3DRoutingBridge\Mainline\E3.BridgeTest\TestFiles\Harness_Update_QM850\Results\2023-10-10--12-27-36_ProtectionsImport_9_QM850_temp.xml&#xD;
[12:27:36]  preparedReferenceFile: c:\appveyor\bin\E3.3DRoutingBridge\Mainline\E3.BridgeTest\TestFiles\Harness_Update_QM850\Results\2023-10-10--12-27-36_ProtectionsImport_9_QM850_ref_temp.xml&#xD;
[12:27:36]  Start CompareXML: xmlExportFileName: c:\appveyor\bin\E3.3DRoutingBridge\Mainline\E3.BridgeTest\TestFiles\Harness_Update_QM850\Results\2023-10-10--12-27-36_ProtectionsImport_9_QM850_temp.xml to xmlRefFileName: c:\appveyor\bin\E3.3DRoutingBridge\Mainline\E3.BridgeTest\TestFiles\Harness_Update_QM850\Results\2023-10-10--12-27-36_ProtectionsImport_9_QM850_ref_temp.xml&#xD;
[12:27:36]  Test ProtectionsImport_9_QM850 for Tool 3DRoutingBridge equal to Reference!&#xD;
[12:27:36]  Der Test  3DRoutingBridge is successful!&#xD;
[12:27:36]  TestCleanup</StdOut>
      </Output>
    </UnitTestResult>
    <UnitTestResult executionId="971cbb47-f0da-4368-9016-51e50829164c" testId="182b7748-4a8f-4bd4-953d-7dd165d3d615" testName="SpezialImport_1_QM850" computerName="EF62BDD48EA6" duration="00:00:21.6210495" startTime="2023-10-10T12:14:07.8068460+02:00" endTime="2023-10-10T12:14:29.4269722+02:00" testType="13cdc9d9-ddb5-4fa4-a97d-d965ccfc6d4b" outcome="Passed" testListId="8c84fa94-04c1-424b-9868-57a2d4851a1d" relativeResultsDirectory="971cbb47-f0da-4368-9016-51e50829164c">
      <Output>
        <StdOut>[12:14:07]  Start Test: SpezialImport_1_QM850&#xD;
[12:14:10]  Defining database with name TestDB...
Given paths are: c:\appveyor\bin\E3.3DRoutingBridge\Mainline\E3.BridgeTest\TestFiles\Harness_Update_QM850\..\Databases\TestDB\Components.mdb	c:\appveyor\bin\E3.3DRoutingBridge\Mainline\E3.BridgeTest\TestFiles\Harness_Update_QM850\..\Databases\TestDB\symbols.mdb	c:\appveyor\bin\E3.3DRoutingBridge\Mainline\E3.BridgeTest\TestFiles\Harness_Update_QM850\..\Databases\TestDB\Configuration.mdb&#xD;
[12:14:14]  Setting current database TestDB&#xD;
[12:14:15]  E3 open project&#xD;
[12:14:15]  Doing repaircheck...&#xD;
[12:14:15]  Tool startet: c:\\appveyor\\bin\\E3.3DRoutingBridge\\Mainline\\bin\\Release\\x64\\E3_3DRoutingBridge.exe&#xD;
[12:14:29]  Tool fertig: c:\\appveyor\\bin\\E3.3DRoutingBridge\\Mainline\\bin\\Release\\x64\\E3_3DRoutingBridge.exe : ExitCode 0&#xD;
[12:14:29]  test.NAME: SpezialImport_1_QM850&#xD;
[12:14:29]  preparedOutputFile: c:\appveyor\bin\E3.3DRoutingBridge\Mainline\E3.BridgeTest\TestFiles\Harness_Update_QM850\Results\2023-10-10--12-14-29_SpezialImport_1_QM850_temp.xml&#xD;
[12:14:29]  preparedReferenceFile: c:\appveyor\bin\E3.3DRoutingBridge\Mainline\E3.BridgeTest\TestFiles\Harness_Update_QM850\Results\2023-10-10--12-14-29_SpezialImport_1_QM850_ref_temp.xml&#xD;
[12:14:29]  Start CompareXML: xmlExportFileName: c:\appveyor\bin\E3.3DRoutingBridge\Mainline\E3.BridgeTest\TestFiles\Harness_Update_QM850\Results\2023-10-10--12-14-29_SpezialImport_1_QM850_temp.xml to xmlRefFileName: c:\appveyor\bin\E3.3DRoutingBridge\Mainline\E3.BridgeTest\TestFiles\Harness_Update_QM850\Results\2023-10-10--12-14-29_SpezialImport_1_QM850_ref_temp.xml&#xD;
[12:14:29]  Test SpezialImport_1_QM850 for Tool 3DRoutingBridge equal to Reference!&#xD;
[12:14:29]  Der Test  3DRoutingBridge is successful!&#xD;
[12:14:29]  TestCleanup</StdOut>
      </Output>
    </UnitTestResult>
    <UnitTestResult executionId="ca6d4bd7-1569-4939-9341-935263ebc587" testId="ee3c66ef-2510-47fd-9d97-9cc554da2e98" testName="Template_DynSymbole_2_QM850" computerName="EF62BDD48EA6" duration="00:00:39.4094552" startTime="2023-10-10T12:16:31.6549174+02:00" endTime="2023-10-10T12:17:11.0676947+02:00" testType="13cdc9d9-ddb5-4fa4-a97d-d965ccfc6d4b" outcome="Passed" testListId="8c84fa94-04c1-424b-9868-57a2d4851a1d" relativeResultsDirectory="ca6d4bd7-1569-4939-9341-935263ebc587">
      <Output>
        <StdOut>[12:16:31]  Start Test: Template_DynSymbole_2_QM850&#xD;
[12:16:33]  Defining database with name TestDB...
Given paths are: c:\appveyor\bin\E3.3DRoutingBridge\Mainline\E3.BridgeTest\TestFiles\Harness_Update_QM850\..\Databases\TestDB\Components.mdb	c:\appveyor\bin\E3.3DRoutingBridge\Mainline\E3.BridgeTest\TestFiles\Harness_Update_QM850\..\Databases\TestDB\symbols.mdb	c:\appveyor\bin\E3.3DRoutingBridge\Mainline\E3.BridgeTest\TestFiles\Harness_Update_QM850\..\Databases\TestDB\Configuration.mdb&#xD;
[12:16:38]  Setting current database TestDB&#xD;
[12:16:38]  E3 open project&#xD;
[12:16:39]  Doing repaircheck...&#xD;
[12:16:39]  Tool startet: c:\\appveyor\\bin\\E3.3DRoutingBridge\\Mainline\\bin\\Release\\x64\\E3_3DRoutingBridge.exe&#xD;
[12:16:52]  Tool fertig: c:\\appveyor\\bin\\E3.3DRoutingBridge\\Mainline\\bin\\Release\\x64\\E3_3DRoutingBridge.exe : ExitCode 0&#xD;
[12:16:52]  test.NAME: Template_DynSymbole_2_QM850&#xD;
[12:16:52]  preparedOutputFile: c:\appveyor\bin\E3.3DRoutingBridge\Mainline\E3.BridgeTest\TestFiles\Harness_Update_QM850\Results\2023-10-10--12-16-52_Template_DynSymbole_2_QM850_temp.xml&#xD;
[12:16:52]  preparedReferenceFile: c:\appveyor\bin\E3.3DRoutingBridge\Mainline\E3.BridgeTest\TestFiles\Harness_Update_QM850\Results\2023-10-10--12-16-52_Template_DynSymbole_2_QM850_ref_temp.xml&#xD;
[12:16:52]  Start CompareXML: xmlExportFileName: c:\appveyor\bin\E3.3DRoutingBridge\Mainline\E3.BridgeTest\TestFiles\Harness_Update_QM850\Results\2023-10-10--12-16-52_Template_DynSymbole_2_QM850_temp.xml to xmlRefFileName: c:\appveyor\bin\E3.3DRoutingBridge\Mainline\E3.BridgeTest\TestFiles\Harness_Update_QM850\Results\2023-10-10--12-16-52_Template_DynSymbole_2_QM850_ref_temp.xml&#xD;
[12:16:52]  Test Template_DynSymbole_2_QM850 for Tool 3DRoutingBridge equal to Reference!&#xD;
[12:16:52]  Der Test  3DRoutingBridge is successful!&#xD;
[12:16:52]  Project is successful saved: c:\appveyor\bin\E3.3DRoutingBridge\Mainline\E3.BridgeTest\TestFiles\Harness_Update_QM850\Results\2023-10-10--12-16-52_Template_DynSymbole_2_QM850_temp.e3s&#xD;
[12:16:54]  Defining database with name TestDB...
Given paths are: c:\appveyor\bin\E3.3DRoutingBridge\Mainline\E3.BridgeTest\TestFiles\Harness_Update_QM850\..\Databases\TestDB\Components.mdb	c:\appveyor\bin\E3.3DRoutingBridge\Mainline\E3.BridgeTest\TestFiles\Harness_Update_QM850\..\Databases\TestDB\symbols.mdb	c:\appveyor\bin\E3.3DRoutingBridge\Mainline\E3.BridgeTest\TestFiles\Harness_Update_QM850\..\Databases\TestDB\Configuration.mdb&#xD;
[12:16:58]  Setting current database TestDB&#xD;
[12:16:59]  E3 open project&#xD;
[12:17:00]  Doing repaircheck...&#xD;
[12:17:00]  Tool startet: c:\\appveyor\\bin\\E3.3DRoutingBridge\\Mainline\\bin\\Release\\x64\\E3_3DRoutingBridge.exe&#xD;
[12:17:10]  Tool fertig: c:\\appveyor\\bin\\E3.3DRoutingBridge\\Mainline\\bin\\Release\\x64\\E3_3DRoutingBridge.exe : ExitCode 0&#xD;
[12:17:10]  test.NAME: Template_DynSymbole_2_QM850&#xD;
[12:17:10]  preparedOutputFile: c:\appveyor\bin\E3.3DRoutingBridge\Mainline\E3.BridgeTest\TestFiles\Harness_Update_QM850\Results\2023-10-10--12-17-10_Template_DynSymbole_2_QM850_temp.xml&#xD;
[12:17:10]  preparedReferenceFile: c:\appveyor\bin\E3.3DRoutingBridge\Mainline\E3.BridgeTest\TestFiles\Harness_Update_QM850\Results\2023-10-10--12-17-10_Template_DynSymbole_2_QM850_ref_temp.xml&#xD;
[12:17:10]  Start CompareXML: xmlExportFileName: c:\appveyor\bin\E3.3DRoutingBridge\Mainline\E3.BridgeTest\TestFiles\Harness_Update_QM850\Results\2023-10-10--12-17-10_Template_DynSymbole_2_QM850_temp.xml to xmlRefFileName: c:\appveyor\bin\E3.3DRoutingBridge\Mainline\E3.BridgeTest\TestFiles\Harness_Update_QM850\Results\2023-10-10--12-17-10_Template_DynSymbole_2_QM850_ref_temp.xml&#xD;
[12:17:10]  Test Template_DynSymbole_2_QM850 for Tool 3DRoutingBridge equal to Reference!&#xD;
[12:17:10]  Der Test  3DRoutingBridge is successful!&#xD;
[12:17:10]  TestCleanup</StdOut>
      </Output>
    </UnitTestResult>
    <UnitTestResult executionId="eebcbff8-43a4-4ba8-8ff9-82518aa79ac0" testId="be8405fe-299e-6a43-a0fe-709ccb3816b4" testName="Designer_36162" computerName="EF62BDD48EA6" startTime="2023-10-10T12:05:00.1464243+02:00" endTime="2023-10-10T12:05:00.1464243+02:00" testType="13cdc9d9-ddb5-4fa4-a97d-d965ccfc6d4b" outcome="NotExecuted" testListId="8c84fa94-04c1-424b-9868-57a2d4851a1d" relativeResultsDirectory="eebcbff8-43a4-4ba8-8ff9-82518aa79ac0">
      <Output></Output>
    </UnitTestResult>
    <UnitTestResult executionId="f86516ec-faa0-46f5-900d-82242de9fe23" testId="5809ba0c-a78a-4958-a44c-0cf06cc796a8" testName="Designer_37735" computerName="EF62BDD48EA6" duration="00:00:20.7474931" startTime="2023-10-10T12:10:11.9003686+02:00" endTime="2023-10-10T12:10:32.6530350+02:00" testType="13cdc9d9-ddb5-4fa4-a97d-d965ccfc6d4b" outcome="Passed" testListId="8c84fa94-04c1-424b-9868-57a2d4851a1d" relativeResultsDirectory="f86516ec-faa0-46f5-900d-82242de9fe23">
      <Output>
        <StdOut>[12:10:11]  Start Test: Designer_37735&#xD;
[12:10:12]  Defining database with name Standard...
Given paths are: c:\appveyor\bin\E3.3DRoutingBridge\Mainline\E3.BridgeTest\TestFiles\Designer-37735\..\Databases\Standard\Components.mdb	c:\appveyor\bin\E3.3DRoutingBridge\Mainline\E3.BridgeTest\TestFiles\Designer-37735\..\Databases\Standard\symbols.mdb	c:\appveyor\bin\E3.3DRoutingBridge\Mainline\E3.BridgeTest\TestFiles\Designer-37735\..\Databases\Standard\Configuration.mdb&#xD;
[12:10:16]  Setting current database Standard&#xD;
[12:10:17]  E3 open project&#xD;
[12:10:18]  Doing repaircheck...&#xD;
[12:10:18]  Tool startet: c:\\appveyor\\bin\\E3.3DRoutingBridge\\Mainline\\bin\\Release\\x64\\E3_3DRoutingBridge.exe&#xD;
[12:10:32]  Tool fertig: c:\\appveyor\\bin\\E3.3DRoutingBridge\\Mainline\\bin\\Release\\x64\\E3_3DRoutingBridge.exe : ExitCode 0&#xD;
[12:10:32]  test.NAME: Designer_37735&#xD;
[12:10:32]  preparedOutputFile: c:\appveyor\bin\E3.3DRoutingBridge\Mainline\E3.BridgeTest\TestFiles\Designer-37735\Results\2023-10-10--12-10-32_Designer_37735_temp.xml&#xD;
[12:10:32]  preparedReferenceFile: c:\appveyor\bin\E3.3DRoutingBridge\Mainline\E3.BridgeTest\TestFiles\Designer-37735\Results\2023-10-10--12-10-32_Designer_37735_ref_temp.xml&#xD;
[12:10:32]  Start CompareXML: xmlExportFileName: c:\appveyor\bin\E3.3DRoutingBridge\Mainline\E3.BridgeTest\TestFiles\Designer-37735\Results\2023-10-10--12-10-32_Designer_37735_temp.xml to xmlRefFileName: c:\appveyor\bin\E3.3DRoutingBridge\Mainline\E3.BridgeTest\TestFiles\Designer-37735\Results\2023-10-10--12-10-32_Designer_37735_ref_temp.xml&#xD;
[12:10:32]  Test Designer_37735 for Tool 3DRoutingBridge equal to Reference!&#xD;
[12:10:32]  Der Test  3DRoutingBridge is successful!&#xD;
[12:10:32]  TestCleanup</StdOut>
      </Output>
    </UnitTestResult>
    <UnitTestResult executionId="32c5426c-d3fc-4c8a-8715-df71a4f47794" testId="350002e4-71eb-469d-b42e-3785ed1768ae" testName="Import_12_QM850" computerName="EF62BDD48EA6" duration="00:00:18.1463867" startTime="2023-10-10T12:15:33.7100510+02:00" endTime="2023-10-10T12:15:51.8585227+02:00" testType="13cdc9d9-ddb5-4fa4-a97d-d965ccfc6d4b" outcome="Passed" testListId="8c84fa94-04c1-424b-9868-57a2d4851a1d" relativeResultsDirectory="32c5426c-d3fc-4c8a-8715-df71a4f47794">
      <Output>
        <StdOut>[12:15:33]  Start Test: Import_12_QM850&#xD;
[12:15:34]  Defining database with name Standard...
Given paths are: c:\appveyor\bin\E3.3DRoutingBridge\Mainline\E3.BridgeTest\TestFiles\Harness_Update_QM850\..\Databases\Standard\Components.mdb	c:\appveyor\bin\E3.3DRoutingBridge\Mainline\E3.BridgeTest\TestFiles\Harness_Update_QM850\..\Databases\Standard\symbols.mdb	c:\appveyor\bin\E3.3DRoutingBridge\Mainline\E3.BridgeTest\TestFiles\Harness_Update_QM850\..\Databases\Standard\Configuration.mdb&#xD;
[12:15:38]  Setting current database Standard&#xD;
[12:15:39]  E3 open project&#xD;
[12:15:40]  Doing repaircheck...&#xD;
[12:15:40]  Tool startet: c:\\appveyor\\bin\\E3.3DRoutingBridge\\Mainline\\bin\\Release\\x64\\E3_3DRoutingBridge.exe&#xD;
[12:15:51]  Tool fertig: c:\\appveyor\\bin\\E3.3DRoutingBridge\\Mainline\\bin\\Release\\x64\\E3_3DRoutingBridge.exe : ExitCode 0&#xD;
[12:15:51]  test.NAME: Import_12_QM850&#xD;
[12:15:51]  preparedOutputFile: c:\appveyor\bin\E3.3DRoutingBridge\Mainline\E3.BridgeTest\TestFiles\Harness_Update_QM850\Results\2023-10-10--12-15-51_Import_12_QM850_temp.xml&#xD;
[12:15:51]  preparedReferenceFile: c:\appveyor\bin\E3.3DRoutingBridge\Mainline\E3.BridgeTest\TestFiles\Harness_Update_QM850\Results\2023-10-10--12-15-51_Import_12_QM850_ref_temp.xml&#xD;
[12:15:51]  Start CompareXML: xmlExportFileName: c:\appveyor\bin\E3.3DRoutingBridge\Mainline\E3.BridgeTest\TestFiles\Harness_Update_QM850\Results\2023-10-10--12-15-51_Import_12_QM850_temp.xml to xmlRefFileName: c:\appveyor\bin\E3.3DRoutingBridge\Mainline\E3.BridgeTest\TestFiles\Harness_Update_QM850\Results\2023-10-10--12-15-51_Import_12_QM850_ref_temp.xml&#xD;
[12:15:51]  Test Import_12_QM850 for Tool 3DRoutingBridge equal to Reference!&#xD;
[12:15:51]  Der Test  3DRoutingBridge is successful!&#xD;
[12:15:51]  TestCleanup</StdOut>
      </Output>
    </UnitTestResult>
    <UnitTestResult executionId="acfc45c9-58b1-40c4-9e7d-7aa59d73361e" testId="6ede9899-a7bc-4ea5-9735-461aaee693d5" testName="Designer_41425_2" computerName="EF62BDD48EA6" duration="00:00:54.3541399" startTime="2023-10-10T12:11:55.4356468+02:00" endTime="2023-10-10T12:12:49.7968781+02:00" testType="13cdc9d9-ddb5-4fa4-a97d-d965ccfc6d4b" outcome="Passed" testListId="8c84fa94-04c1-424b-9868-57a2d4851a1d" relativeResultsDirectory="acfc45c9-58b1-40c4-9e7d-7aa59d73361e">
      <Output>
        <StdOut>[12:11:55]  Start Test: Designer_41425_2&#xD;
[12:11:56]  Defining database with name Standard...
Given paths are: c:\appveyor\bin\E3.3DRoutingBridge\Mainline\E3.BridgeTest\TestFiles\Designer-41425\..\Databases\Standard\Components.mdb	c:\appveyor\bin\E3.3DRoutingBridge\Mainline\E3.BridgeTest\TestFiles\Designer-41425\..\Databases\Standard\symbols.mdb	c:\appveyor\bin\E3.3DRoutingBridge\Mainline\E3.BridgeTest\TestFiles\Designer-41425\..\Databases\Standard\Configuration.mdb&#xD;
[12:12:00]  Setting current database Standard&#xD;
[12:12:01]  E3 open project&#xD;
[12:12:01]  Doing repaircheck...&#xD;
[12:12:02]  Tool startet: c:\\appveyor\\bin\\E3.3DRoutingBridge\\Mainline\\bin\\Release\\x64\\E3_3DRoutingBridge.exe&#xD;
[12:12:49]  Tool fertig: c:\\appveyor\\bin\\E3.3DRoutingBridge\\Mainline\\bin\\Release\\x64\\E3_3DRoutingBridge.exe : ExitCode 0&#xD;
[12:12:49]  test.NAME: Designer_41425_2&#xD;
[12:12:49]  preparedOutputFile: c:\appveyor\bin\E3.3DRoutingBridge\Mainline\E3.BridgeTest\TestFiles\Designer-41425\Results\2023-10-10--12-12-49_Designer_41425_2_temp.xml&#xD;
[12:12:49]  preparedReferenceFile: c:\appveyor\bin\E3.3DRoutingBridge\Mainline\E3.BridgeTest\TestFiles\Designer-41425\Results\2023-10-10--12-12-49_Designer_41425_2_ref_temp.xml&#xD;
[12:12:49]  Start CompareXML: xmlExportFileName: c:\appveyor\bin\E3.3DRoutingBridge\Mainline\E3.BridgeTest\TestFiles\Designer-41425\Results\2023-10-10--12-12-49_Designer_41425_2_temp.xml to xmlRefFileName: c:\appveyor\bin\E3.3DRoutingBridge\Mainline\E3.BridgeTest\TestFiles\Designer-41425\Results\2023-10-10--12-12-49_Designer_41425_2_ref_temp.xml&#xD;
[12:12:49]  Test Designer_41425_2 for Tool 3DRoutingBridge equal to Reference!&#xD;
[12:12:49]  Der Test  3DRoutingBridge is successful!&#xD;
[12:12:49]  TestCleanup</StdOut>
      </Output>
    </UnitTestResult>
    <UnitTestResult executionId="c55cbf02-1b45-4afb-83f6-04c0809c7bd4" testId="5832233b-2617-4abc-80e3-0e63dd3d9819" testName="Designer_42803_HarnessImport_NoSignalConflictOnBranches" computerName="EF62BDD48EA6" duration="00:00:18.3303054" startTime="2023-10-10T12:13:49.4828730+02:00" endTime="2023-10-10T12:14:07.8068460+02:00" testType="13cdc9d9-ddb5-4fa4-a97d-d965ccfc6d4b" outcome="Passed" testListId="8c84fa94-04c1-424b-9868-57a2d4851a1d" relativeResultsDirectory="c55cbf02-1b45-4afb-83f6-04c0809c7bd4">
      <Output>
        <StdOut>[12:13:49]  Start Test: Designer_42803_HarnessImport_NoSignalConflictOnBranches&#xD;
[12:13:50]  Defining database with name Standard...
Given paths are: c:\appveyor\bin\E3.3DRoutingBridge\Mainline\E3.BridgeTest\TestFiles\Designer-42803_HarnessImport\..\Databases\Standard\Components.mdb	c:\appveyor\bin\E3.3DRoutingBridge\Mainline\E3.BridgeTest\TestFiles\Designer-42803_HarnessImport\..\Databases\Standard\symbols.mdb	c:\appveyor\bin\E3.3DRoutingBridge\Mainline\E3.BridgeTest\TestFiles\Designer-42803_HarnessImport\..\Databases\Standard\Configuration.mdb&#xD;
[12:13:54]  Setting current database Standard&#xD;
[12:13:56]  E3 open project&#xD;
[12:13:56]  Doing repaircheck...&#xD;
[12:13:56]  Tool startet: c:\\appveyor\\bin\\E3.3DRoutingBridge\\Mainline\\bin\\Release\\x64\\E3_3DRoutingBridge.exe&#xD;
[12:14:07]  Tool fertig: c:\\appveyor\\bin\\E3.3DRoutingBridge\\Mainline\\bin\\Release\\x64\\E3_3DRoutingBridge.exe : ExitCode 0&#xD;
[12:14:07]  test.NAME: Designer_42803_HarnessImport_NoSignalConflictOnBranches&#xD;
[12:14:07]  preparedOutputFile: c:\appveyor\bin\E3.3DRoutingBridge\Mainline\E3.BridgeTest\TestFiles\Designer-42803_HarnessImport\Results\2023-10-10--12-14-07_Designer_42803_HarnessImport_NoSignalConflictOnBranches_temp.xml&#xD;
[12:14:07]  preparedReferenceFile: c:\appveyor\bin\E3.3DRoutingBridge\Mainline\E3.BridgeTest\TestFiles\Designer-42803_HarnessImport\Results\2023-10-10--12-14-07_Designer_42803_HarnessImport_NoSignalConflictOnBranches_ref_temp.xml&#xD;
[12:14:07]  Start CompareXML: xmlExportFileName: c:\appveyor\bin\E3.3DRoutingBridge\Mainline\E3.BridgeTest\TestFiles\Designer-42803_HarnessImport\Results\2023-10-10--12-14-07_Designer_42803_HarnessImport_NoSignalConflictOnBranches_temp.xml to xmlRefFileName: c:\appveyor\bin\E3.3DRoutingBridge\Mainline\E3.BridgeTest\TestFiles\Designer-42803_HarnessImport\Results\2023-10-10--12-14-07_Designer_42803_HarnessImport_NoSignalConflictOnBranches_ref_temp.xml&#xD;
[12:14:07]  Test Designer_42803_HarnessImport_NoSignalConflictOnBranches for Tool 3DRoutingBridge equal to Reference!&#xD;
[12:14:07]  Der Test  3DRoutingBridge is successful!&#xD;
[12:14:07]  TestCleanup</StdOut>
      </Output>
    </UnitTestResult>
    <UnitTestResult executionId="4c999939-bd48-4bc1-af4e-f750d0167142" testId="70a8c423-5d7a-433f-8676-a1eb064390b1" testName="Designer_37339" computerName="EF62BDD48EA6" duration="00:00:50.3267064" startTime="2023-10-10T12:07:58.8052732+02:00" endTime="2023-10-10T12:08:49.1264976+02:00" testType="13cdc9d9-ddb5-4fa4-a97d-d965ccfc6d4b" outcome="Passed" testListId="8c84fa94-04c1-424b-9868-57a2d4851a1d" relativeResultsDirectory="4c999939-bd48-4bc1-af4e-f750d0167142">
      <Output>
        <StdOut>[12:07:58]  Start Test: Designer_37339&#xD;
[12:07:59]  Defining database with name KundenDB...
Given paths are: c:\appveyor\bin\E3.3DRoutingBridge\Mainline\E3.BridgeTest\TestFiles\Designer-37339\..\Databases\Ford\E3-Exports_MDB_v2018.mdb	c:\appveyor\bin\E3.3DRoutingBridge\Mainline\E3.BridgeTest\TestFiles\Designer-37339\..\Databases\Ford\E3-Exports_MDB_v2018.mdb	c:\appveyor\bin\E3.3DRoutingBridge\Mainline\E3.BridgeTest\TestFiles\Designer-37339\..\Databases\Ford\E3-Exports_MDB_v2018.mdb&#xD;
[12:08:03]  Setting current database KundenDB&#xD;
[12:08:05]  E3 open project&#xD;
[12:08:05]  Doing repaircheck...&#xD;
[12:08:06]  Tool startet: c:\\appveyor\\bin\\E3.3DRoutingBridge\\Mainline\\bin\\Release\\x64\\E3_3DRoutingBridge.exe&#xD;
[12:08:47]  Tool fertig: c:\\appveyor\\bin\\E3.3DRoutingBridge\\Mainline\\bin\\Release\\x64\\E3_3DRoutingBridge.exe : ExitCode 0&#xD;
[12:08:48]  test.NAME: Designer_37339&#xD;
[12:08:48]  preparedOutputFile: c:\appveyor\bin\E3.3DRoutingBridge\Mainline\E3.BridgeTest\TestFiles\Designer-37339\Results\2023-10-10--12-08-48_Designer_37339_temp.xml&#xD;
[12:08:48]  preparedReferenceFile: c:\appveyor\bin\E3.3DRoutingBridge\Mainline\E3.BridgeTest\TestFiles\Designer-37339\Results\2023-10-10--12-08-48_Designer_37339_ref_temp.xml&#xD;
[12:08:48]  Start CompareXML: xmlExportFileName: c:\appveyor\bin\E3.3DRoutingBridge\Mainline\E3.BridgeTest\TestFiles\Designer-37339\Results\2023-10-10--12-08-48_Designer_37339_temp.xml to xmlRefFileName: c:\appveyor\bin\E3.3DRoutingBridge\Mainline\E3.BridgeTest\TestFiles\Designer-37339\Results\2023-10-10--12-08-48_Designer_37339_ref_temp.xml&#xD;
[12:08:48]  Test Designer_37339 for Tool 3DRoutingBridge equal to Reference!&#xD;
[12:08:48]  Der Test  3DRoutingBridge is successful!&#xD;
[12:08:48]  TestCleanup</StdOut>
      </Output>
    </UnitTestResult>
    <UnitTestResult executionId="cc8e3f02-7047-421b-a95a-7137155a68e1" testId="347c3ccb-a226-4a8f-b159-14f9817dbe58" testName="Template_DynSymbole_6_QM850" computerName="EF62BDD48EA6" duration="00:00:40.0759420" startTime="2023-10-10T12:19:08.3592469+02:00" endTime="2023-10-10T12:19:48.4510832+02:00" testType="13cdc9d9-ddb5-4fa4-a97d-d965ccfc6d4b" outcome="Passed" testListId="8c84fa94-04c1-424b-9868-57a2d4851a1d" relativeResultsDirectory="cc8e3f02-7047-421b-a95a-7137155a68e1">
      <Output>
        <StdOut>[12:19:08]  Start Test: Template_DynSymbole_6_QM850&#xD;
[12:19:10]  Defining database with name TestDB...
Given paths are: c:\appveyor\bin\E3.3DRoutingBridge\Mainline\E3.BridgeTest\TestFiles\Harness_Update_QM850\..\Databases\TestDB\Components.mdb	c:\appveyor\bin\E3.3DRoutingBridge\Mainline\E3.BridgeTest\TestFiles\Harness_Update_QM850\..\Databases\TestDB\symbols.mdb	c:\appveyor\bin\E3.3DRoutingBridge\Mainline\E3.BridgeTest\TestFiles\Harness_Update_QM850\..\Databases\TestDB\Configuration.mdb&#xD;
[12:19:14]  Setting current database TestDB&#xD;
[12:19:15]  E3 open project&#xD;
[12:19:16]  Doing repaircheck...&#xD;
[12:19:16]  Tool startet: c:\\appveyor\\bin\\E3.3DRoutingBridge\\Mainline\\bin\\Release\\x64\\E3_3DRoutingBridge.exe&#xD;
[12:19:29]  Tool fertig: c:\\appveyor\\bin\\E3.3DRoutingBridge\\Mainline\\bin\\Release\\x64\\E3_3DRoutingBridge.exe : ExitCode 0&#xD;
[12:19:29]  test.NAME: Template_DynSymbole_6_QM850&#xD;
[12:19:29]  preparedOutputFile: c:\appveyor\bin\E3.3DRoutingBridge\Mainline\E3.BridgeTest\TestFiles\Harness_Update_QM850\Results\2023-10-10--12-19-29_Template_DynSymbole_6_QM850_temp.xml&#xD;
[12:19:29]  preparedReferenceFile: c:\appveyor\bin\E3.3DRoutingBridge\Mainline\E3.BridgeTest\TestFiles\Harness_Update_QM850\Results\2023-10-10--12-19-29_Template_DynSymbole_6_QM850_ref_temp.xml&#xD;
[12:19:29]  Start CompareXML: xmlExportFileName: c:\appveyor\bin\E3.3DRoutingBridge\Mainline\E3.BridgeTest\TestFiles\Harness_Update_QM850\Results\2023-10-10--12-19-29_Template_DynSymbole_6_QM850_temp.xml to xmlRefFileName: c:\appveyor\bin\E3.3DRoutingBridge\Mainline\E3.BridgeTest\TestFiles\Harness_Update_QM850\Results\2023-10-10--12-19-29_Template_DynSymbole_6_QM850_ref_temp.xml&#xD;
[12:19:29]  Test Template_DynSymbole_6_QM850 for Tool 3DRoutingBridge equal to Reference!&#xD;
[12:19:29]  Der Test  3DRoutingBridge is successful!&#xD;
[12:19:29]  Project is successful saved: c:\appveyor\bin\E3.3DRoutingBridge\Mainline\E3.BridgeTest\TestFiles\Harness_Update_QM850\Results\2023-10-10--12-19-29_Template_DynSymbole_6_QM850_temp.e3s&#xD;
[12:19:31]  Defining database with name TestDB...
Given paths are: c:\appveyor\bin\E3.3DRoutingBridge\Mainline\E3.BridgeTest\TestFiles\Harness_Update_QM850\..\Databases\TestDB\Components.mdb	c:\appveyor\bin\E3.3DRoutingBridge\Mainline\E3.BridgeTest\TestFiles\Harness_Update_QM850\..\Databases\TestDB\symbols.mdb	c:\appveyor\bin\E3.3DRoutingBridge\Mainline\E3.BridgeTest\TestFiles\Harness_Update_QM850\..\Databases\TestDB\Configuration.mdb&#xD;
[12:19:35]  Setting current database TestDB&#xD;
[12:19:36]  E3 open project&#xD;
[12:19:37]  Doing repaircheck...&#xD;
[12:19:37]  Tool startet: c:\\appveyor\\bin\\E3.3DRoutingBridge\\Mainline\\bin\\Release\\x64\\E3_3DRoutingBridge.exe&#xD;
[12:19:48]  Tool fertig: c:\\appveyor\\bin\\E3.3DRoutingBridge\\Mainline\\bin\\Release\\x64\\E3_3DRoutingBridge.exe : ExitCode 0&#xD;
[12:19:48]  test.NAME: Template_DynSymbole_6_QM850&#xD;
[12:19:48]  preparedOutputFile: c:\appveyor\bin\E3.3DRoutingBridge\Mainline\E3.BridgeTest\TestFiles\Harness_Update_QM850\Results\2023-10-10--12-19-48_Template_DynSymbole_6_QM850_temp.xml&#xD;
[12:19:48]  preparedReferenceFile: c:\appveyor\bin\E3.3DRoutingBridge\Mainline\E3.BridgeTest\TestFiles\Harness_Update_QM850\Results\2023-10-10--12-19-48_Template_DynSymbole_6_QM850_ref_temp.xml&#xD;
[12:19:48]  Start CompareXML: xmlExportFileName: c:\appveyor\bin\E3.3DRoutingBridge\Mainline\E3.BridgeTest\TestFiles\Harness_Update_QM850\Results\2023-10-10--12-19-48_Template_DynSymbole_6_QM850_temp.xml to xmlRefFileName: c:\appveyor\bin\E3.3DRoutingBridge\Mainline\E3.BridgeTest\TestFiles\Harness_Update_QM850\Results\2023-10-10--12-19-48_Template_DynSymbole_6_QM850_ref_temp.xml&#xD;
[12:19:48]  Test Template_DynSymbole_6_QM850 for Tool 3DRoutingBridge equal to Reference!&#xD;
[12:19:48]  Der Test  3DRoutingBridge is successful!&#xD;
[12:19:48]  TestCleanup</StdOut>
      </Output>
    </UnitTestResult>
    <UnitTestResult executionId="bd90700a-217f-4106-a5b9-16617a8fc50f" testId="c03bdce1-2234-47f4-89d5-bcd8ba2edbaf" testName="Update_12_QM850" computerName="EF62BDD48EA6" duration="00:00:19.6254037" startTime="2023-10-10T12:28:14.7491975+02:00" endTime="2023-10-10T12:28:34.3648961+02:00" testType="13cdc9d9-ddb5-4fa4-a97d-d965ccfc6d4b" outcome="Passed" testListId="8c84fa94-04c1-424b-9868-57a2d4851a1d" relativeResultsDirectory="bd90700a-217f-4106-a5b9-16617a8fc50f">
      <Output>
        <StdOut>[12:28:14]  Start Test: Update_12_QM850&#xD;
[12:28:16]  Defining database with name TestDB...
Given paths are: c:\appveyor\bin\E3.3DRoutingBridge\Mainline\E3.BridgeTest\TestFiles\Harness_Update_QM850\..\Databases\TestDB\Components.mdb	c:\appveyor\bin\E3.3DRoutingBridge\Mainline\E3.BridgeTest\TestFiles\Harness_Update_QM850\..\Databases\TestDB\symbols.mdb	c:\appveyor\bin\E3.3DRoutingBridge\Mainline\E3.BridgeTest\TestFiles\Harness_Update_QM850\..\Databases\TestDB\Configuration.mdb&#xD;
[12:28:20]  Setting current database TestDB&#xD;
[12:28:21]  E3 open project&#xD;
[12:28:22]  Doing repaircheck...&#xD;
[12:28:22]  Tool startet: c:\\appveyor\\bin\\E3.3DRoutingBridge\\Mainline\\bin\\Release\\x64\\E3_3DRoutingBridge.exe&#xD;
[12:28:34]  Tool fertig: c:\\appveyor\\bin\\E3.3DRoutingBridge\\Mainline\\bin\\Release\\x64\\E3_3DRoutingBridge.exe : ExitCode 0&#xD;
[12:28:34]  test.NAME: Update_12_QM850&#xD;
[12:28:34]  preparedOutputFile: c:\appveyor\bin\E3.3DRoutingBridge\Mainline\E3.BridgeTest\TestFiles\Harness_Update_QM850\Results\2023-10-10--12-28-34_Update_12_QM850_temp.xml&#xD;
[12:28:34]  preparedReferenceFile: c:\appveyor\bin\E3.3DRoutingBridge\Mainline\E3.BridgeTest\TestFiles\Harness_Update_QM850\Results\2023-10-10--12-28-34_Update_12_QM850_ref_temp.xml&#xD;
[12:28:34]  Start CompareXML: xmlExportFileName: c:\appveyor\bin\E3.3DRoutingBridge\Mainline\E3.BridgeTest\TestFiles\Harness_Update_QM850\Results\2023-10-10--12-28-34_Update_12_QM850_temp.xml to xmlRefFileName: c:\appveyor\bin\E3.3DRoutingBridge\Mainline\E3.BridgeTest\TestFiles\Harness_Update_QM850\Results\2023-10-10--12-28-34_Update_12_QM850_ref_temp.xml&#xD;
[12:28:34]  Test Update_12_QM850 for Tool 3DRoutingBridge equal to Reference!&#xD;
[12:28:34]  Der Test  3DRoutingBridge is successful!&#xD;
[12:28:34]  TestCleanup</StdOut>
      </Output>
    </UnitTestResult>
    <UnitTestResult executionId="1634ac66-9424-4f52-bd64-4b7b4450e35b" testId="d1f744d2-46a0-41a0-aac1-fd4c45ce2cf3" testName="Template_DynSymbole_7_QM850" computerName="EF62BDD48EA6" duration="00:00:40.0160404" startTime="2023-10-10T12:19:48.4520828+02:00" endTime="2023-10-10T12:20:28.4543830+02:00" testType="13cdc9d9-ddb5-4fa4-a97d-d965ccfc6d4b" outcome="Passed" testListId="8c84fa94-04c1-424b-9868-57a2d4851a1d" relativeResultsDirectory="1634ac66-9424-4f52-bd64-4b7b4450e35b">
      <Output>
        <StdOut>[12:19:48]  Start Test: Template_DynSymbole_7_QM850&#xD;
[12:19:50]  Defining database with name TestDB...
Given paths are: c:\appveyor\bin\E3.3DRoutingBridge\Mainline\E3.BridgeTest\TestFiles\Harness_Update_QM850\..\Databases\TestDB\Components.mdb	c:\appveyor\bin\E3.3DRoutingBridge\Mainline\E3.BridgeTest\TestFiles\Harness_Update_QM850\..\Databases\TestDB\symbols.mdb	c:\appveyor\bin\E3.3DRoutingBridge\Mainline\E3.BridgeTest\TestFiles\Harness_Update_QM850\..\Databases\TestDB\Configuration.mdb&#xD;
[12:19:54]  Setting current database TestDB&#xD;
[12:19:55]  E3 open project&#xD;
[12:19:55]  Doing repaircheck...&#xD;
[12:19:55]  Tool startet: c:\\appveyor\\bin\\E3.3DRoutingBridge\\Mainline\\bin\\Release\\x64\\E3_3DRoutingBridge.exe&#xD;
[12:20:08]  Tool fertig: c:\\appveyor\\bin\\E3.3DRoutingBridge\\Mainline\\bin\\Release\\x64\\E3_3DRoutingBridge.exe : ExitCode 0&#xD;
[12:20:08]  test.NAME: Template_DynSymbole_7_QM850&#xD;
[12:20:08]  preparedOutputFile: c:\appveyor\bin\E3.3DRoutingBridge\Mainline\E3.BridgeTest\TestFiles\Harness_Update_QM850\Results\2023-10-10--12-20-08_Template_DynSymbole_7_QM850_temp.xml&#xD;
[12:20:08]  preparedReferenceFile: c:\appveyor\bin\E3.3DRoutingBridge\Mainline\E3.BridgeTest\TestFiles\Harness_Update_QM850\Results\2023-10-10--12-20-08_Template_DynSymbole_7_QM850_ref_temp.xml&#xD;
[12:20:08]  Start CompareXML: xmlExportFileName: c:\appveyor\bin\E3.3DRoutingBridge\Mainline\E3.BridgeTest\TestFiles\Harness_Update_QM850\Results\2023-10-10--12-20-08_Template_DynSymbole_7_QM850_temp.xml to xmlRefFileName: c:\appveyor\bin\E3.3DRoutingBridge\Mainline\E3.BridgeTest\TestFiles\Harness_Update_QM850\Results\2023-10-10--12-20-08_Template_DynSymbole_7_QM850_ref_temp.xml&#xD;
[12:20:08]  Test Template_DynSymbole_7_QM850 for Tool 3DRoutingBridge equal to Reference!&#xD;
[12:20:08]  Der Test  3DRoutingBridge is successful!&#xD;
[12:20:09]  Project is successful saved: c:\appveyor\bin\E3.3DRoutingBridge\Mainline\E3.BridgeTest\TestFiles\Harness_Update_QM850\Results\2023-10-10--12-20-08_Template_DynSymbole_7_QM850_temp.e3s&#xD;
[12:20:11]  Defining database with name TestDB...
Given paths are: c:\appveyor\bin\E3.3DRoutingBridge\Mainline\E3.BridgeTest\TestFiles\Harness_Update_QM850\..\Databases\TestDB\Components.mdb	c:\appveyor\bin\E3.3DRoutingBridge\Mainline\E3.BridgeTest\TestFiles\Harness_Update_QM850\..\Databases\TestDB\symbols.mdb	c:\appveyor\bin\E3.3DRoutingBridge\Mainline\E3.BridgeTest\TestFiles\Harness_Update_QM850\..\Databases\TestDB\Configuration.mdb&#xD;
[12:20:15]  Setting current database TestDB&#xD;
[12:20:16]  E3 open project&#xD;
[12:20:16]  Doing repaircheck...&#xD;
[12:20:16]  Tool startet: c:\\appveyor\\bin\\E3.3DRoutingBridge\\Mainline\\bin\\Release\\x64\\E3_3DRoutingBridge.exe&#xD;
[12:20:28]  Tool fertig: c:\\appveyor\\bin\\E3.3DRoutingBridge\\Mainline\\bin\\Release\\x64\\E3_3DRoutingBridge.exe : ExitCode 0&#xD;
[12:20:28]  test.NAME: Template_DynSymbole_7_QM850&#xD;
[12:20:28]  preparedOutputFile: c:\appveyor\bin\E3.3DRoutingBridge\Mainline\E3.BridgeTest\TestFiles\Harness_Update_QM850\Results\2023-10-10--12-20-28_Template_DynSymbole_7_QM850_temp.xml&#xD;
[12:20:28]  preparedReferenceFile: c:\appveyor\bin\E3.3DRoutingBridge\Mainline\E3.BridgeTest\TestFiles\Harness_Update_QM850\Results\2023-10-10--12-20-28_Template_DynSymbole_7_QM850_ref_temp.xml&#xD;
[12:20:28]  Start CompareXML: xmlExportFileName: c:\appveyor\bin\E3.3DRoutingBridge\Mainline\E3.BridgeTest\TestFiles\Harness_Update_QM850\Results\2023-10-10--12-20-28_Template_DynSymbole_7_QM850_temp.xml to xmlRefFileName: c:\appveyor\bin\E3.3DRoutingBridge\Mainline\E3.BridgeTest\TestFiles\Harness_Update_QM850\Results\2023-10-10--12-20-28_Template_DynSymbole_7_QM850_ref_temp.xml&#xD;
[12:20:28]  Test Template_DynSymbole_7_QM850 for Tool 3DRoutingBridge equal to Reference!&#xD;
[12:20:28]  Der Test  3DRoutingBridge is successful!&#xD;
[12:20:28]  TestCleanup</StdOut>
      </Output>
    </UnitTestResult>
    <UnitTestResult executionId="be0078af-58ec-4985-9814-92e02e7955a7" testId="c0b2047d-f4ed-44fa-b375-d3fd65e16986" testName="Designer_35915" computerName="EF62BDD48EA6" duration="00:00:19.4094739" startTime="2023-10-10T12:04:40.7351365+02:00" endTime="2023-10-10T12:05:00.1464243+02:00" testType="13cdc9d9-ddb5-4fa4-a97d-d965ccfc6d4b" outcome="Passed" testListId="8c84fa94-04c1-424b-9868-57a2d4851a1d" relativeResultsDirectory="be0078af-58ec-4985-9814-92e02e7955a7">
      <Output>
        <StdOut>[12:04:40]  Start Test: Designer_35915&#xD;
[12:04:43]  Defining database with name Standard...
Given paths are: c:\appveyor\bin\E3.3DRoutingBridge\Mainline\E3.BridgeTest\TestFiles\Designer-35915\..\Databases\Standard\Components.mdb	c:\appveyor\bin\E3.3DRoutingBridge\Mainline\E3.BridgeTest\TestFiles\Designer-35915\..\Databases\Standard\symbols.mdb	c:\appveyor\bin\E3.3DRoutingBridge\Mainline\E3.BridgeTest\TestFiles\Designer-35915\..\Databases\Standard\Configuration.mdb&#xD;
[12:04:47]  Setting current database Standard&#xD;
[12:04:48]  E3 open project&#xD;
[12:04:48]  Doing repaircheck...&#xD;
[12:04:48]  Tool startet: c:\\appveyor\\bin\\E3.3DRoutingBridge\\Mainline\\bin\\Release\\x64\\E3_3DRoutingBridge.exe&#xD;
[12:04:59]  Tool fertig: c:\\appveyor\\bin\\E3.3DRoutingBridge\\Mainline\\bin\\Release\\x64\\E3_3DRoutingBridge.exe : ExitCode 0&#xD;
[12:04:59]  test.NAME: Designer_35915&#xD;
[12:04:59]  preparedOutputFile: c:\appveyor\bin\E3.3DRoutingBridge\Mainline\E3.BridgeTest\TestFiles\Designer-35915\Results\2023-10-10--12-04-59_Designer_35915_temp.xml&#xD;
[12:04:59]  preparedReferenceFile: c:\appveyor\bin\E3.3DRoutingBridge\Mainline\E3.BridgeTest\TestFiles\Designer-35915\Results\2023-10-10--12-04-59_Designer_35915_ref_temp.xml&#xD;
[12:04:59]  Start CompareXML: xmlExportFileName: c:\appveyor\bin\E3.3DRoutingBridge\Mainline\E3.BridgeTest\TestFiles\Designer-35915\Results\2023-10-10--12-04-59_Designer_35915_temp.xml to xmlRefFileName: c:\appveyor\bin\E3.3DRoutingBridge\Mainline\E3.BridgeTest\TestFiles\Designer-35915\Results\2023-10-10--12-04-59_Designer_35915_ref_temp.xml&#xD;
[12:04:59]  Test Designer_35915 for Tool 3DRoutingBridge equal to Reference!&#xD;
[12:04:59]  Der Test  3DRoutingBridge is successful!&#xD;
[12:04:59]  TestCleanup</StdOut>
      </Output>
    </UnitTestResult>
    <UnitTestResult executionId="4ff38651-81d9-4e03-a665-4df043317d5e" testId="9cbca25a-acab-a3a0-4a42-d680f5ae0b1e" testName="Designer_39086" computerName="EF62BDD48EA6" startTime="2023-10-10T12:11:12.0797326+02:00" endTime="2023-10-10T12:11:12.0797326+02:00" testType="13cdc9d9-ddb5-4fa4-a97d-d965ccfc6d4b" outcome="NotExecuted" testListId="8c84fa94-04c1-424b-9868-57a2d4851a1d" relativeResultsDirectory="4ff38651-81d9-4e03-a665-4df043317d5e">
      <Output></Output>
    </UnitTestResult>
    <UnitTestResult executionId="934cb485-9729-4467-9315-079ed9ae2119" testId="b85e2e67-aed9-4a51-9f59-6ac7fb2390c0" testName="Template_DynSymbole_5_QM850" computerName="EF62BDD48EA6" duration="00:00:40.1512006" startTime="2023-10-10T12:18:28.2181183+02:00" endTime="2023-10-10T12:19:08.3592469+02:00" testType="13cdc9d9-ddb5-4fa4-a97d-d965ccfc6d4b" outcome="Passed" testListId="8c84fa94-04c1-424b-9868-57a2d4851a1d" relativeResultsDirectory="934cb485-9729-4467-9315-079ed9ae2119">
      <Output>
        <StdOut>[12:18:28]  Start Test: Template_DynSymbole_5_QM850&#xD;
[12:18:30]  Defining database with name TestDB...
Given paths are: c:\appveyor\bin\E3.3DRoutingBridge\Mainline\E3.BridgeTest\TestFiles\Harness_Update_QM850\..\Databases\TestDB\Components.mdb	c:\appveyor\bin\E3.3DRoutingBridge\Mainline\E3.BridgeTest\TestFiles\Harness_Update_QM850\..\Databases\TestDB\symbols.mdb	c:\appveyor\bin\E3.3DRoutingBridge\Mainline\E3.BridgeTest\TestFiles\Harness_Update_QM850\..\Databases\TestDB\Configuration.mdb&#xD;
[12:18:34]  Setting current database TestDB&#xD;
[12:18:35]  E3 open project&#xD;
[12:18:35]  Doing repaircheck...&#xD;
[12:18:36]  Tool startet: c:\\appveyor\\bin\\E3.3DRoutingBridge\\Mainline\\bin\\Release\\x64\\E3_3DRoutingBridge.exe&#xD;
[12:18:48]  Tool fertig: c:\\appveyor\\bin\\E3.3DRoutingBridge\\Mainline\\bin\\Release\\x64\\E3_3DRoutingBridge.exe : ExitCode 0&#xD;
[12:18:48]  test.NAME: Template_DynSymbole_5_QM850&#xD;
[12:18:48]  preparedOutputFile: c:\appveyor\bin\E3.3DRoutingBridge\Mainline\E3.BridgeTest\TestFiles\Harness_Update_QM850\Results\2023-10-10--12-18-48_Template_DynSymbole_5_QM850_temp.xml&#xD;
[12:18:48]  preparedReferenceFile: c:\appveyor\bin\E3.3DRoutingBridge\Mainline\E3.BridgeTest\TestFiles\Harness_Update_QM850\Results\2023-10-10--12-18-48_Template_DynSymbole_5_QM850_ref_temp.xml&#xD;
[12:18:48]  Start CompareXML: xmlExportFileName: c:\appveyor\bin\E3.3DRoutingBridge\Mainline\E3.BridgeTest\TestFiles\Harness_Update_QM850\Results\2023-10-10--12-18-48_Template_DynSymbole_5_QM850_temp.xml to xmlRefFileName: c:\appveyor\bin\E3.3DRoutingBridge\Mainline\E3.BridgeTest\TestFiles\Harness_Update_QM850\Results\2023-10-10--12-18-48_Template_DynSymbole_5_QM850_ref_temp.xml&#xD;
[12:18:49]  Test Template_DynSymbole_5_QM850 for Tool 3DRoutingBridge equal to Reference!&#xD;
[12:18:49]  Der Test  3DRoutingBridge is successful!&#xD;
[12:18:49]  Project is successful saved: c:\appveyor\bin\E3.3DRoutingBridge\Mainline\E3.BridgeTest\TestFiles\Harness_Update_QM850\Results\2023-10-10--12-18-49_Template_DynSymbole_5_QM850_temp.e3s&#xD;
[12:18:51]  Defining database with name TestDB...
Given paths are: c:\appveyor\bin\E3.3DRoutingBridge\Mainline\E3.BridgeTest\TestFiles\Harness_Update_QM850\..\Databases\TestDB\Components.mdb	c:\appveyor\bin\E3.3DRoutingBridge\Mainline\E3.BridgeTest\TestFiles\Harness_Update_QM850\..\Databases\TestDB\symbols.mdb	c:\appveyor\bin\E3.3DRoutingBridge\Mainline\E3.BridgeTest\TestFiles\Harness_Update_QM850\..\Databases\TestDB\Configuration.mdb&#xD;
[12:18:55]  Setting current database TestDB&#xD;
[12:18:56]  E3 open project&#xD;
[12:18:57]  Doing repaircheck...&#xD;
[12:18:57]  Tool startet: c:\\appveyor\\bin\\E3.3DRoutingBridge\\Mainline\\bin\\Release\\x64\\E3_3DRoutingBridge.exe&#xD;
[12:19:07]  Tool fertig: c:\\appveyor\\bin\\E3.3DRoutingBridge\\Mainline\\bin\\Release\\x64\\E3_3DRoutingBridge.exe : ExitCode 0&#xD;
[12:19:08]  test.NAME: Template_DynSymbole_5_QM850&#xD;
[12:19:08]  preparedOutputFile: c:\appveyor\bin\E3.3DRoutingBridge\Mainline\E3.BridgeTest\TestFiles\Harness_Update_QM850\Results\2023-10-10--12-19-08_Template_DynSymbole_5_QM850_temp.xml&#xD;
[12:19:08]  preparedReferenceFile: c:\appveyor\bin\E3.3DRoutingBridge\Mainline\E3.BridgeTest\TestFiles\Harness_Update_QM850\Results\2023-10-10--12-19-08_Template_DynSymbole_5_QM850_ref_temp.xml&#xD;
[12:19:08]  Start CompareXML: xmlExportFileName: c:\appveyor\bin\E3.3DRoutingBridge\Mainline\E3.BridgeTest\TestFiles\Harness_Update_QM850\Results\2023-10-10--12-19-08_Template_DynSymbole_5_QM850_temp.xml to xmlRefFileName: c:\appveyor\bin\E3.3DRoutingBridge\Mainline\E3.BridgeTest\TestFiles\Harness_Update_QM850\Results\2023-10-10--12-19-08_Template_DynSymbole_5_QM850_ref_temp.xml&#xD;
[12:19:08]  Test Template_DynSymbole_5_QM850 for Tool 3DRoutingBridge equal to Reference!&#xD;
[12:19:08]  Der Test  3DRoutingBridge is successful!&#xD;
[12:19:08]  TestCleanup</StdOut>
      </Output>
    </UnitTestResult>
    <UnitTestResult executionId="fe29368d-d2bd-4dc4-8cd7-7dbabb7fe51f" testId="e1d5cca8-dc41-47c4-b0a3-3719f9026b51" testName="Designer_32394" computerName="EF62BDD48EA6" duration="00:00:19.4916958" startTime="2023-10-10T12:04:21.2428986+02:00" endTime="2023-10-10T12:04:40.7351365+02:00" testType="13cdc9d9-ddb5-4fa4-a97d-d965ccfc6d4b" outcome="Passed" testListId="8c84fa94-04c1-424b-9868-57a2d4851a1d" relativeResultsDirectory="fe29368d-d2bd-4dc4-8cd7-7dbabb7fe51f">
      <Output>
        <StdOut>[12:04:21]  Start Test: Designer_32394&#xD;
[12:04:23]  Defining database with name KundenDB...
Given paths are: c:\appveyor\bin\E3.3DRoutingBridge\Mainline\E3.BridgeTest\TestFiles\Designer-32394\..\Databases\LAM\QA_SQL_ACCESS_26Jun.mdb	c:\appveyor\bin\E3.3DRoutingBridge\Mainline\E3.BridgeTest\TestFiles\Designer-32394\..\Databases\LAM\QA_SQL_ACCESS_26Jun.mdb	c:\appveyor\bin\E3.3DRoutingBridge\Mainline\E3.BridgeTest\TestFiles\Designer-32394\..\Databases\LAM\QA_SQL_ACCESS_26Jun.mdb&#xD;
[12:04:27]  Setting current database KundenDB&#xD;
[12:04:28]  E3 open project&#xD;
[12:04:29]  Doing repaircheck...&#xD;
[12:04:29]  Tool startet: c:\\appveyor\\bin\\E3.3DRoutingBridge\\Mainline\\bin\\Release\\x64\\E3_3DRoutingBridge.exe&#xD;
[12:04:40]  Tool fertig: c:\\appveyor\\bin\\E3.3DRoutingBridge\\Mainline\\bin\\Release\\x64\\E3_3DRoutingBridge.exe : ExitCode 0&#xD;
[12:04:40]  test.NAME: Designer_32394&#xD;
[12:04:40]  preparedOutputFile: c:\appveyor\bin\E3.3DRoutingBridge\Mainline\E3.BridgeTest\TestFiles\Designer-32394\Results\2023-10-10--12-04-40_Designer_32394_temp.xml&#xD;
[12:04:40]  preparedReferenceFile: c:\appveyor\bin\E3.3DRoutingBridge\Mainline\E3.BridgeTest\TestFiles\Designer-32394\Results\2023-10-10--12-04-40_Designer_32394_ref_temp.xml&#xD;
[12:04:40]  Start CompareXML: xmlExportFileName: c:\appveyor\bin\E3.3DRoutingBridge\Mainline\E3.BridgeTest\TestFiles\Designer-32394\Results\2023-10-10--12-04-40_Designer_32394_temp.xml to xmlRefFileName: c:\appveyor\bin\E3.3DRoutingBridge\Mainline\E3.BridgeTest\TestFiles\Designer-32394\Results\2023-10-10--12-04-40_Designer_32394_ref_temp.xml&#xD;
[12:04:40]  Test Designer_32394 for Tool 3DRoutingBridge equal to Reference!&#xD;
[12:04:40]  Der Test  3DRoutingBridge is successful!&#xD;
[12:04:40]  TestCleanup</StdOut>
      </Output>
    </UnitTestResult>
    <UnitTestResult executionId="b6ff72b8-5979-4166-ab52-42cd5b1b9942" testId="ebde3011-8346-450b-8939-64557cf636bf" testName="Import_11_QM850" computerName="EF62BDD48EA6" duration="00:00:17.6910817" startTime="2023-10-10T12:15:16.0195701+02:00" endTime="2023-10-10T12:15:33.7100510+02:00" testType="13cdc9d9-ddb5-4fa4-a97d-d965ccfc6d4b" outcome="Passed" testListId="8c84fa94-04c1-424b-9868-57a2d4851a1d" relativeResultsDirectory="b6ff72b8-5979-4166-ab52-42cd5b1b9942">
      <Output>
        <StdOut>[12:15:16]  Start Test: Import_11_QM850&#xD;
[12:15:16]  Defining database with name Standard...
Given paths are: c:\appveyor\bin\E3.3DRoutingBridge\Mainline\E3.BridgeTest\TestFiles\Harness_Update_QM850\..\Databases\Standard\Components.mdb	c:\appveyor\bin\E3.3DRoutingBridge\Mainline\E3.BridgeTest\TestFiles\Harness_Update_QM850\..\Databases\Standard\symbols.mdb	c:\appveyor\bin\E3.3DRoutingBridge\Mainline\E3.BridgeTest\TestFiles\Harness_Update_QM850\..\Databases\Standard\Configuration.mdb&#xD;
[12:15:20]  Setting current database Standard&#xD;
[12:15:21]  E3 open project&#xD;
[12:15:22]  Doing repaircheck...&#xD;
[12:15:22]  Tool startet: c:\\appveyor\\bin\\E3.3DRoutingBridge\\Mainline\\bin\\Release\\x64\\E3_3DRoutingBridge.exe&#xD;
[12:15:33]  Tool fertig: c:\\appveyor\\bin\\E3.3DRoutingBridge\\Mainline\\bin\\Release\\x64\\E3_3DRoutingBridge.exe : ExitCode 0&#xD;
[12:15:33]  test.NAME: Import_11_QM850&#xD;
[12:15:33]  preparedOutputFile: c:\appveyor\bin\E3.3DRoutingBridge\Mainline\E3.BridgeTest\TestFiles\Harness_Update_QM850\Results\2023-10-10--12-15-33_Import_11_QM850_temp.xml&#xD;
[12:15:33]  preparedReferenceFile: c:\appveyor\bin\E3.3DRoutingBridge\Mainline\E3.BridgeTest\TestFiles\Harness_Update_QM850\Results\2023-10-10--12-15-33_Import_11_QM850_ref_temp.xml&#xD;
[12:15:33]  Start CompareXML: xmlExportFileName: c:\appveyor\bin\E3.3DRoutingBridge\Mainline\E3.BridgeTest\TestFiles\Harness_Update_QM850\Results\2023-10-10--12-15-33_Import_11_QM850_temp.xml to xmlRefFileName: c:\appveyor\bin\E3.3DRoutingBridge\Mainline\E3.BridgeTest\TestFiles\Harness_Update_QM850\Results\2023-10-10--12-15-33_Import_11_QM850_ref_temp.xml&#xD;
[12:15:33]  Test Import_11_QM850 for Tool 3DRoutingBridge equal to Reference!&#xD;
[12:15:33]  Der Test  3DRoutingBridge is successful!&#xD;
[12:15:33]  TestCleanup</StdOut>
      </Output>
    </UnitTestResult>
    <UnitTestResult executionId="52ffc97b-730e-41e9-8a37-57329fcd1b90" testId="bc207ec4-a9c7-4ef5-a2fc-8a960f3dcc87" testName="Designer_41425_1" computerName="EF62BDD48EA6" duration="00:00:19.1751210" startTime="2023-10-10T12:11:36.2722626+02:00" endTime="2023-10-10T12:11:55.4356468+02:00" testType="13cdc9d9-ddb5-4fa4-a97d-d965ccfc6d4b" outcome="Passed" testListId="8c84fa94-04c1-424b-9868-57a2d4851a1d" relativeResultsDirectory="52ffc97b-730e-41e9-8a37-57329fcd1b90">
      <Output>
        <StdOut>[12:11:36]  Start Test: Designer_41425_1&#xD;
[12:11:37]  Defining database with name Standard...
Given paths are: c:\appveyor\bin\E3.3DRoutingBridge\Mainline\E3.BridgeTest\TestFiles\Designer-41425\..\Databases\Standard\Components.mdb	c:\appveyor\bin\E3.3DRoutingBridge\Mainline\E3.BridgeTest\TestFiles\Designer-41425\..\Databases\Standard\symbols.mdb	c:\appveyor\bin\E3.3DRoutingBridge\Mainline\E3.BridgeTest\TestFiles\Designer-41425\..\Databases\Standard\Configuration.mdb&#xD;
[12:11:41]  Setting current database Standard&#xD;
[12:11:42]  E3 open project&#xD;
[12:11:42]  Doing repaircheck...&#xD;
[12:11:43]  Tool startet: c:\\appveyor\\bin\\E3.3DRoutingBridge\\Mainline\\bin\\Release\\x64\\E3_3DRoutingBridge.exe&#xD;
[12:11:55]  Tool fertig: c:\\appveyor\\bin\\E3.3DRoutingBridge\\Mainline\\bin\\Release\\x64\\E3_3DRoutingBridge.exe : ExitCode 0&#xD;
[12:11:55]  test.NAME: Designer_41425_1&#xD;
[12:11:55]  preparedOutputFile: c:\appveyor\bin\E3.3DRoutingBridge\Mainline\E3.BridgeTest\TestFiles\Designer-41425\Results\2023-10-10--12-11-55_Designer_41425_1_temp.xml&#xD;
[12:11:55]  preparedReferenceFile: c:\appveyor\bin\E3.3DRoutingBridge\Mainline\E3.BridgeTest\TestFiles\Designer-41425\Results\2023-10-10--12-11-55_Designer_41425_1_ref_temp.xml&#xD;
[12:11:55]  Start CompareXML: xmlExportFileName: c:\appveyor\bin\E3.3DRoutingBridge\Mainline\E3.BridgeTest\TestFiles\Designer-41425\Results\2023-10-10--12-11-55_Designer_41425_1_temp.xml to xmlRefFileName: c:\appveyor\bin\E3.3DRoutingBridge\Mainline\E3.BridgeTest\TestFiles\Designer-41425\Results\2023-10-10--12-11-55_Designer_41425_1_ref_temp.xml&#xD;
[12:11:55]  Test Designer_41425_1 for Tool 3DRoutingBridge equal to Reference!&#xD;
[12:11:55]  Der Test  3DRoutingBridge is successful!&#xD;
[12:11:55]  TestCleanup</StdOut>
      </Output>
    </UnitTestResult>
    <UnitTestResult executionId="2c68ff41-dcfc-4fbc-8860-1e5a57dcd563" testId="4d130565-c344-4ef0-afa9-d856f257701f" testName="Designer_37636" computerName="EF62BDD48EA6" duration="00:00:17.1779294" startTime="2023-10-10T12:08:49.1264976+02:00" endTime="2023-10-10T12:09:06.3185161+02:00" testType="13cdc9d9-ddb5-4fa4-a97d-d965ccfc6d4b" outcome="Passed" testListId="8c84fa94-04c1-424b-9868-57a2d4851a1d" relativeResultsDirectory="2c68ff41-dcfc-4fbc-8860-1e5a57dcd563">
      <Output>
        <StdOut>[12:08:49]  Start Test: Designer_37636&#xD;
[12:08:50]  Defining database with name Standard...
Given paths are: c:\appveyor\bin\E3.3DRoutingBridge\Mainline\E3.BridgeTest\TestFiles\Designer-37636\..\Databases\Standard\Components.mdb	c:\appveyor\bin\E3.3DRoutingBridge\Mainline\E3.BridgeTest\TestFiles\Designer-37636\..\Databases\Standard\symbols.mdb	c:\appveyor\bin\E3.3DRoutingBridge\Mainline\E3.BridgeTest\TestFiles\Designer-37636\..\Databases\Standard\Configuration.mdb&#xD;
[12:08:54]  Setting current database Standard&#xD;
[12:08:55]  E3 open project&#xD;
[12:08:55]  Doing repaircheck...&#xD;
[12:08:55]  Tool startet: c:\\appveyor\\bin\\E3.3DRoutingBridge\\Mainline\\bin\\Release\\x64\\E3_3DRoutingBridge.exe&#xD;
[12:09:06]  Tool fertig: c:\\appveyor\\bin\\E3.3DRoutingBridge\\Mainline\\bin\\Release\\x64\\E3_3DRoutingBridge.exe : ExitCode 0&#xD;
[12:09:06]  test.NAME: Designer_37636&#xD;
[12:09:06]  preparedOutputFile: c:\appveyor\bin\E3.3DRoutingBridge\Mainline\E3.BridgeTest\TestFiles\Designer-37636\Results\2023-10-10--12-09-06_Designer_37636_temp.xml&#xD;
[12:09:06]  preparedReferenceFile: c:\appveyor\bin\E3.3DRoutingBridge\Mainline\E3.BridgeTest\TestFiles\Designer-37636\Results\2023-10-10--12-09-06_Designer_37636_ref_temp.xml&#xD;
[12:09:06]  Start CompareXML: xmlExportFileName: c:\appveyor\bin\E3.3DRoutingBridge\Mainline\E3.BridgeTest\TestFiles\Designer-37636\Results\2023-10-10--12-09-06_Designer_37636_temp.xml to xmlRefFileName: c:\appveyor\bin\E3.3DRoutingBridge\Mainline\E3.BridgeTest\TestFiles\Designer-37636\Results\2023-10-10--12-09-06_Designer_37636_ref_temp.xml&#xD;
[12:09:06]  Test Designer_37636 for Tool 3DRoutingBridge equal to Reference!&#xD;
[12:09:06]  Der Test  3DRoutingBridge is successful!&#xD;
[12:09:06]  TestCleanup</StdOut>
      </Output>
    </UnitTestResult>
    <UnitTestResult executionId="c3f5396e-5041-4f92-8fc9-1a3d79fae479" testId="31a74908-feff-4fff-9ccf-f020bc811879" testName="Designer_41384" computerName="EF62BDD48EA6" duration="00:00:24.1812506" startTime="2023-10-10T12:11:12.0797326+02:00" endTime="2023-10-10T12:11:36.2712630+02:00" testType="13cdc9d9-ddb5-4fa4-a97d-d965ccfc6d4b" outcome="Passed" testListId="8c84fa94-04c1-424b-9868-57a2d4851a1d" relativeResultsDirectory="c3f5396e-5041-4f92-8fc9-1a3d79fae479">
      <Output>
        <StdOut>[12:11:12]  Start Test: Designer_41384&#xD;
[12:11:14]  Defining database with name TestDB...
Given paths are: c:\appveyor\bin\E3.3DRoutingBridge\Mainline\E3.BridgeTest\TestFiles\Designer-41384_Harness_Update\..\Databases\TestDB\Components.mdb	c:\appveyor\bin\E3.3DRoutingBridge\Mainline\E3.BridgeTest\TestFiles\Designer-41384_Harness_Update\..\Databases\TestDB\symbols.mdb	c:\appveyor\bin\E3.3DRoutingBridge\Mainline\E3.BridgeTest\TestFiles\Designer-41384_Harness_Update\..\Databases\TestDB\Configuration.mdb&#xD;
[12:11:18]  Setting current database TestDB&#xD;
[12:11:19]  E3 open project&#xD;
[12:11:20]  Doing repaircheck...&#xD;
[12:11:20]  Tool startet: c:\\appveyor\\bin\\E3.3DRoutingBridge\\Mainline\\bin\\Release\\x64\\E3_3DRoutingBridge.exe&#xD;
[12:11:35]  Tool fertig: c:\\appveyor\\bin\\E3.3DRoutingBridge\\Mainline\\bin\\Release\\x64\\E3_3DRoutingBridge.exe : ExitCode 0&#xD;
[12:11:35]  test.NAME: Designer_41384&#xD;
[12:11:35]  preparedOutputFile: c:\appveyor\bin\E3.3DRoutingBridge\Mainline\E3.BridgeTest\TestFiles\Designer-41384_Harness_Update\Results\2023-10-10--12-11-35_Designer_41384_temp.xml&#xD;
[12:11:35]  preparedReferenceFile: c:\appveyor\bin\E3.3DRoutingBridge\Mainline\E3.BridgeTest\TestFiles\Designer-41384_Harness_Update\Results\2023-10-10--12-11-35_Designer_41384_ref_temp.xml&#xD;
[12:11:35]  Start CompareXML: xmlExportFileName: c:\appveyor\bin\E3.3DRoutingBridge\Mainline\E3.BridgeTest\TestFiles\Designer-41384_Harness_Update\Results\2023-10-10--12-11-35_Designer_41384_temp.xml to xmlRefFileName: c:\appveyor\bin\E3.3DRoutingBridge\Mainline\E3.BridgeTest\TestFiles\Designer-41384_Harness_Update\Results\2023-10-10--12-11-35_Designer_41384_ref_temp.xml&#xD;
[12:11:36]  Test Designer_41384 for Tool 3DRoutingBridge equal to Reference!&#xD;
[12:11:36]  Der Test  3DRoutingBridge is successful!&#xD;
[12:11:36]  TestCleanup</StdOut>
      </Output>
    </UnitTestResult>
    <UnitTestResult executionId="bd7c73e0-0818-4e55-b334-a373d629dc0e" testId="dae34efe-92e8-47d5-adcc-d647cb59abab" testName="ProtectionsImport_1_QM850" computerName="EF62BDD48EA6" duration="00:00:36.8905531" startTime="2023-10-10T12:21:54.9228839+02:00" endTime="2023-10-10T12:22:31.8157578+02:00" testType="13cdc9d9-ddb5-4fa4-a97d-d965ccfc6d4b" outcome="Passed" testListId="8c84fa94-04c1-424b-9868-57a2d4851a1d" relativeResultsDirectory="bd7c73e0-0818-4e55-b334-a373d629dc0e">
      <Output>
        <StdOut>[12:21:54]  Start Test: ProtectionsImport_1_QM850&#xD;
[12:21:55]  Defining database with name Standard...
Given paths are: c:\appveyor\bin\E3.3DRoutingBridge\Mainline\E3.BridgeTest\TestFiles\Harness_Update_QM850\..\Databases\Standard\Components.mdb	c:\appveyor\bin\E3.3DRoutingBridge\Mainline\E3.BridgeTest\TestFiles\Harness_Update_QM850\..\Databases\Standard\symbols.mdb	c:\appveyor\bin\E3.3DRoutingBridge\Mainline\E3.BridgeTest\TestFiles\Harness_Update_QM850\..\Databases\Standard\Configuration.mdb&#xD;
[12:21:59]  Setting current database Standard&#xD;
[12:22:00]  E3 open project&#xD;
[12:22:01]  Doing repaircheck...&#xD;
[12:22:01]  Tool startet: c:\\appveyor\\bin\\E3.3DRoutingBridge\\Mainline\\bin\\Release\\x64\\E3_3DRoutingBridge.exe&#xD;
[12:22:13]  Tool fertig: c:\\appveyor\\bin\\E3.3DRoutingBridge\\Mainline\\bin\\Release\\x64\\E3_3DRoutingBridge.exe : ExitCode 0&#xD;
[12:22:13]  test.NAME: ProtectionsImport_1_QM850&#xD;
[12:22:13]  preparedOutputFile: c:\appveyor\bin\E3.3DRoutingBridge\Mainline\E3.BridgeTest\TestFiles\Harness_Update_QM850\Results\2023-10-10--12-22-13_ProtectionsImport_1_QM850_temp.xml&#xD;
[12:22:13]  preparedReferenceFile: c:\appveyor\bin\E3.3DRoutingBridge\Mainline\E3.BridgeTest\TestFiles\Harness_Update_QM850\Results\2023-10-10--12-22-13_ProtectionsImport_1_QM850_ref_temp.xml&#xD;
[12:22:13]  Start CompareXML: xmlExportFileName: c:\appveyor\bin\E3.3DRoutingBridge\Mainline\E3.BridgeTest\TestFiles\Harness_Update_QM850\Results\2023-10-10--12-22-13_ProtectionsImport_1_QM850_temp.xml to xmlRefFileName: c:\appveyor\bin\E3.3DRoutingBridge\Mainline\E3.BridgeTest\TestFiles\Harness_Update_QM850\Results\2023-10-10--12-22-13_ProtectionsImport_1_QM850_ref_temp.xml&#xD;
[12:22:13]  Test ProtectionsImport_1_QM850 for Tool 3DRoutingBridge equal to Reference!&#xD;
[12:22:13]  Der Test  3DRoutingBridge is successful!&#xD;
[12:22:14]  Project is successful saved: c:\appveyor\bin\E3.3DRoutingBridge\Mainline\E3.BridgeTest\TestFiles\Harness_Update_QM850\Results\2023-10-10--12-22-13_ProtectionsImport_1_QM850_temp.e3s&#xD;
[12:22:15]  Defining database with name Standard...
Given paths are: c:\appveyor\bin\E3.3DRoutingBridge\Mainline\E3.BridgeTest\TestFiles\Harness_Update_QM850\..\Databases\Standard\Components.mdb	c:\appveyor\bin\E3.3DRoutingBridge\Mainline\E3.BridgeTest\TestFiles\Harness_Update_QM850\..\Databases\Standard\symbols.mdb	c:\appveyor\bin\E3.3DRoutingBridge\Mainline\E3.BridgeTest\TestFiles\Harness_Update_QM850\..\Databases\Standard\Configuration.mdb&#xD;
[12:22:19]  Setting current database Standard&#xD;
[12:22:20]  E3 open project&#xD;
[12:22:20]  Doing repaircheck...&#xD;
[12:22:20]  Tool startet: c:\\appveyor\\bin\\E3.3DRoutingBridge\\Mainline\\bin\\Release\\x64\\E3_3DRoutingBridge.exe&#xD;
[12:22:31]  Tool fertig: c:\\appveyor\\bin\\E3.3DRoutingBridge\\Mainline\\bin\\Release\\x64\\E3_3DRoutingBridge.exe : ExitCode 0&#xD;
[12:22:31]  test.NAME: ProtectionsImport_1_QM850&#xD;
[12:22:31]  preparedOutputFile: c:\appveyor\bin\E3.3DRoutingBridge\Mainline\E3.BridgeTest\TestFiles\Harness_Update_QM850\Results\2023-10-10--12-22-31_ProtectionsImport_1_QM850_temp.xml&#xD;
[12:22:31]  preparedReferenceFile: c:\appveyor\bin\E3.3DRoutingBridge\Mainline\E3.BridgeTest\TestFiles\Harness_Update_QM850\Results\2023-10-10--12-22-31_ProtectionsImport_1_QM850_ref_temp.xml&#xD;
[12:22:31]  Start CompareXML: xmlExportFileName: c:\appveyor\bin\E3.3DRoutingBridge\Mainline\E3.BridgeTest\TestFiles\Harness_Update_QM850\Results\2023-10-10--12-22-31_ProtectionsImport_1_QM850_temp.xml to xmlRefFileName: c:\appveyor\bin\E3.3DRoutingBridge\Mainline\E3.BridgeTest\TestFiles\Harness_Update_QM850\Results\2023-10-10--12-22-31_ProtectionsImport_1_QM850_ref_temp.xml&#xD;
[12:22:31]  Test ProtectionsImport_1_QM850 for Tool 3DRoutingBridge equal to Reference!&#xD;
[12:22:31]  Der Test  3DRoutingBridge is successful!&#xD;
[12:22:31]  TestCleanup</StdOut>
      </Output>
    </UnitTestResult>
    <UnitTestResult executionId="584d5085-0d24-4dbc-ade6-e2108df9d92d" testId="2453c1e3-c8bb-4f0f-9d80-9760792c05c7" testName="Designer_42795_HarnessImport_NoBundleStructInXML" computerName="EF62BDD48EA6" duration="00:00:19.5642902" startTime="2023-10-10T12:13:29.9213897+02:00" endTime="2023-10-10T12:13:49.4828730+02:00" testType="13cdc9d9-ddb5-4fa4-a97d-d965ccfc6d4b" outcome="Passed" testListId="8c84fa94-04c1-424b-9868-57a2d4851a1d" relativeResultsDirectory="584d5085-0d24-4dbc-ade6-e2108df9d92d">
      <Output>
        <StdOut>[12:13:29]  Start Test: Designer_42795_HarnessImport_NoBundleStructInXML&#xD;
[12:13:30]  Defining database with name Standard...
Given paths are: c:\appveyor\bin\E3.3DRoutingBridge\Mainline\E3.BridgeTest\TestFiles\Designer-42795_HarnessImport\..\Databases\Standard\Components.mdb	c:\appveyor\bin\E3.3DRoutingBridge\Mainline\E3.BridgeTest\TestFiles\Designer-42795_HarnessImport\..\Databases\Standard\symbols.mdb	c:\appveyor\bin\E3.3DRoutingBridge\Mainline\E3.BridgeTest\TestFiles\Designer-42795_HarnessImport\..\Databases\Standard\Configuration.mdb&#xD;
[12:13:35]  Setting current database Standard&#xD;
[12:13:36]  E3 open project&#xD;
[12:13:36]  Doing repaircheck...&#xD;
[12:13:37]  Tool startet: c:\\appveyor\\bin\\E3.3DRoutingBridge\\Mainline\\bin\\Release\\x64\\E3_3DRoutingBridge.exe&#xD;
[12:13:48]  Tool fertig: c:\\appveyor\\bin\\E3.3DRoutingBridge\\Mainline\\bin\\Release\\x64\\E3_3DRoutingBridge.exe : ExitCode 0&#xD;
[12:13:49]  test.NAME: Designer_42795_HarnessImport_NoBundleStructInXML&#xD;
[12:13:49]  preparedOutputFile: c:\appveyor\bin\E3.3DRoutingBridge\Mainline\E3.BridgeTest\TestFiles\Designer-42795_HarnessImport\Results3\2023-10-10--12-13-48_Designer_42795_HarnessImport_NoBundleStructInXML_temp.xml&#xD;
[12:13:49]  preparedReferenceFile: c:\appveyor\bin\E3.3DRoutingBridge\Mainline\E3.BridgeTest\TestFiles\Designer-42795_HarnessImport\Results3\2023-10-10--12-13-48_Designer_42795_HarnessImport_NoBundleStructInXML_ref_temp.xml&#xD;
[12:13:49]  Start CompareXML: xmlExportFileName: c:\appveyor\bin\E3.3DRoutingBridge\Mainline\E3.BridgeTest\TestFiles\Designer-42795_HarnessImport\Results3\2023-10-10--12-13-48_Designer_42795_HarnessImport_NoBundleStructInXML_temp.xml to xmlRefFileName: c:\appveyor\bin\E3.3DRoutingBridge\Mainline\E3.BridgeTest\TestFiles\Designer-42795_HarnessImport\Results3\2023-10-10--12-13-48_Designer_42795_HarnessImport_NoBundleStructInXML_ref_temp.xml&#xD;
[12:13:49]  Test Designer_42795_HarnessImport_NoBundleStructInXML for Tool 3DRoutingBridge equal to Reference!&#xD;
[12:13:49]  Der Test  3DRoutingBridge is successful!&#xD;
[12:13:49]  TestCleanup</StdOut>
      </Output>
    </UnitTestResult>
    <UnitTestResult executionId="b9011371-35c6-464f-909f-ec014cf6d738" testId="caf29760-15d9-4076-a4cd-53e743aa3f60" testName="AttributeUpdateTest_A_B_weg_QM829" computerName="EF62BDD48EA6" duration="00:00:17.3957530" startTime="2023-10-10T12:00:23.3080771+02:00" endTime="2023-10-10T12:00:40.6997249+02:00" testType="13cdc9d9-ddb5-4fa4-a97d-d965ccfc6d4b" outcome="Passed" testListId="8c84fa94-04c1-424b-9868-57a2d4851a1d" relativeResultsDirectory="b9011371-35c6-464f-909f-ec014cf6d738">
      <Output>
        <StdOut>[12:00:23]  Start Test: AttributeUpdateTest_A_B_weg_QM829&#xD;
[12:00:24]  Defining database with name Standard...
Given paths are: c:\appveyor\bin\E3.3DRoutingBridge\Mainline\E3.BridgeTest\TestFiles\AttributeUpdateTest_A_B_weg_QM829\..\Databases\Standard\Components.mdb	c:\appveyor\bin\E3.3DRoutingBridge\Mainline\E3.BridgeTest\TestFiles\AttributeUpdateTest_A_B_weg_QM829\..\Databases\Standard\symbols.mdb	c:\appveyor\bin\E3.3DRoutingBridge\Mainline\E3.BridgeTest\TestFiles\AttributeUpdateTest_A_B_weg_QM829\..\Databases\Standard\Configuration.mdb&#xD;
[12:00:28]  Setting current database Standard&#xD;
[12:00:29]  E3 open project&#xD;
[12:00:29]  Doing repaircheck...&#xD;
[12:00:30]  Tool startet: c:\\appveyor\\bin\\E3.3DRoutingBridge\\Mainline\\bin\\Release\\x64\\E3_3DRoutingBridge.exe&#xD;
[12:00:40]  Tool fertig: c:\\appveyor\\bin\\E3.3DRoutingBridge\\Mainline\\bin\\Release\\x64\\E3_3DRoutingBridge.exe : ExitCode 0&#xD;
[12:00:40]  test.NAME: AttributeUpdateTest_A_B_weg_QM829&#xD;
[12:00:40]  preparedOutputFile: c:\appveyor\bin\E3.3DRoutingBridge\Mainline\E3.BridgeTest\TestFiles\AttributeUpdateTest_A_B_weg_QM829\Results\2023-10-10--12-00-40_AttributeUpdateTest_A_B_weg_QM829_temp.xml&#xD;
[12:00:40]  preparedReferenceFile: c:\appveyor\bin\E3.3DRoutingBridge\Mainline\E3.BridgeTest\TestFiles\AttributeUpdateTest_A_B_weg_QM829\Results\2023-10-10--12-00-40_AttributeUpdateTest_A_B_weg_QM829_ref_temp.xml&#xD;
[12:00:40]  Start CompareXML: xmlExportFileName: c:\appveyor\bin\E3.3DRoutingBridge\Mainline\E3.BridgeTest\TestFiles\AttributeUpdateTest_A_B_weg_QM829\Results\2023-10-10--12-00-40_AttributeUpdateTest_A_B_weg_QM829_temp.xml to xmlRefFileName: c:\appveyor\bin\E3.3DRoutingBridge\Mainline\E3.BridgeTest\TestFiles\AttributeUpdateTest_A_B_weg_QM829\Results\2023-10-10--12-00-40_AttributeUpdateTest_A_B_weg_QM829_ref_temp.xml&#xD;
[12:00:40]  Test AttributeUpdateTest_A_B_weg_QM829 for Tool 3DRoutingBridge equal to Reference!&#xD;
[12:00:40]  Der Test  3DRoutingBridge is successful!&#xD;
[12:00:40]  TestCleanup</StdOut>
      </Output>
    </UnitTestResult>
    <UnitTestResult executionId="3fdd331f-3cde-4843-b258-a26f16e75215" testId="adbbc35a-13ee-45e1-9e2c-9abd49caa7a9" testName="Designer_31172" computerName="EF62BDD48EA6" duration="00:00:23.6807003" startTime="2023-10-10T12:01:32.9791336+02:00" endTime="2023-10-10T12:01:56.6549267+02:00" testType="13cdc9d9-ddb5-4fa4-a97d-d965ccfc6d4b" outcome="Passed" testListId="8c84fa94-04c1-424b-9868-57a2d4851a1d" relativeResultsDirectory="3fdd331f-3cde-4843-b258-a26f16e75215">
      <Output>
        <StdOut>[12:01:32]  Start Test: Designer_31172&#xD;
[12:01:33]  Defining database with name Standard...
Given paths are: c:\appveyor\bin\E3.3DRoutingBridge\Mainline\E3.BridgeTest\TestFiles\Designer-31172\..\Databases\Standard\Components.mdb	c:\appveyor\bin\E3.3DRoutingBridge\Mainline\E3.BridgeTest\TestFiles\Designer-31172\..\Databases\Standard\symbols.mdb	c:\appveyor\bin\E3.3DRoutingBridge\Mainline\E3.BridgeTest\TestFiles\Designer-31172\..\Databases\Standard\Configuration.mdb&#xD;
[12:01:37]  Setting current database Standard&#xD;
[12:01:38]  E3 open project&#xD;
[12:01:39]  Doing repaircheck...&#xD;
[12:01:39]  Tool startet: c:\\appveyor\\bin\\E3.3DRoutingBridge\\Mainline\\bin\\Release\\x64\\E3_3DRoutingBridge.exe&#xD;
[12:01:56]  Tool fertig: c:\\appveyor\\bin\\E3.3DRoutingBridge\\Mainline\\bin\\Release\\x64\\E3_3DRoutingBridge.exe : ExitCode 0&#xD;
[12:01:56]  test.NAME: Designer_31172&#xD;
[12:01:56]  preparedOutputFile: c:\appveyor\bin\E3.3DRoutingBridge\Mainline\E3.BridgeTest\TestFiles\Designer-31172\Results\2023-10-10--12-01-56_Designer_31172_temp.xml&#xD;
[12:01:56]  preparedReferenceFile: c:\appveyor\bin\E3.3DRoutingBridge\Mainline\E3.BridgeTest\TestFiles\Designer-31172\Results\2023-10-10--12-01-56_Designer_31172_ref_temp.xml&#xD;
[12:01:56]  Start CompareXML: xmlExportFileName: c:\appveyor\bin\E3.3DRoutingBridge\Mainline\E3.BridgeTest\TestFiles\Designer-31172\Results\2023-10-10--12-01-56_Designer_31172_temp.xml to xmlRefFileName: c:\appveyor\bin\E3.3DRoutingBridge\Mainline\E3.BridgeTest\TestFiles\Designer-31172\Results\2023-10-10--12-01-56_Designer_31172_ref_temp.xml&#xD;
[12:01:56]  Test Designer_31172 for Tool 3DRoutingBridge equal to Reference!&#xD;
[12:01:56]  Der Test  3DRoutingBridge is successful!&#xD;
[12:01:56]  TestCleanup</StdOut>
      </Output>
    </UnitTestResult>
    <UnitTestResult executionId="d70a9e60-5a6a-4161-ac8f-2c3b8b4baab3" testId="f200ebdc-12f7-4b44-9a41-cada8a96aa6f" testName="ProtectionsImport_5_QM850" computerName="EF62BDD48EA6" duration="00:00:36.7488604" startTime="2023-10-10T12:24:20.1114853+02:00" endTime="2023-10-10T12:24:56.8497325+02:00" testType="13cdc9d9-ddb5-4fa4-a97d-d965ccfc6d4b" outcome="Passed" testListId="8c84fa94-04c1-424b-9868-57a2d4851a1d" relativeResultsDirectory="d70a9e60-5a6a-4161-ac8f-2c3b8b4baab3">
      <Output>
        <StdOut>[12:24:20]  Start Test: ProtectionsImport_5_QM850&#xD;
[12:24:20]  Defining database with name Standard...
Given paths are: c:\appveyor\bin\E3.3DRoutingBridge\Mainline\E3.BridgeTest\TestFiles\Harness_Update_QM850\..\Databases\Standard\Components.mdb	c:\appveyor\bin\E3.3DRoutingBridge\Mainline\E3.BridgeTest\TestFiles\Harness_Update_QM850\..\Databases\Standard\symbols.mdb	c:\appveyor\bin\E3.3DRoutingBridge\Mainline\E3.BridgeTest\TestFiles\Harness_Update_QM850\..\Databases\Standard\Configuration.mdb&#xD;
[12:24:24]  Setting current database Standard&#xD;
[12:24:25]  E3 open project&#xD;
[12:24:26]  Doing repaircheck...&#xD;
[12:24:26]  Tool startet: c:\\appveyor\\bin\\E3.3DRoutingBridge\\Mainline\\bin\\Release\\x64\\E3_3DRoutingBridge.exe&#xD;
[12:24:39]  Tool fertig: c:\\appveyor\\bin\\E3.3DRoutingBridge\\Mainline\\bin\\Release\\x64\\E3_3DRoutingBridge.exe : ExitCode 0&#xD;
[12:24:39]  test.NAME: ProtectionsImport_5_QM850&#xD;
[12:24:39]  preparedOutputFile: c:\appveyor\bin\E3.3DRoutingBridge\Mainline\E3.BridgeTest\TestFiles\Harness_Update_QM850\Results\2023-10-10--12-24-39_ProtectionsImport_5_QM850_temp.xml&#xD;
[12:24:39]  preparedReferenceFile: c:\appveyor\bin\E3.3DRoutingBridge\Mainline\E3.BridgeTest\TestFiles\Harness_Update_QM850\Results\2023-10-10--12-24-39_ProtectionsImport_5_QM850_ref_temp.xml&#xD;
[12:24:39]  Start CompareXML: xmlExportFileName: c:\appveyor\bin\E3.3DRoutingBridge\Mainline\E3.BridgeTest\TestFiles\Harness_Update_QM850\Results\2023-10-10--12-24-39_ProtectionsImport_5_QM850_temp.xml to xmlRefFileName: c:\appveyor\bin\E3.3DRoutingBridge\Mainline\E3.BridgeTest\TestFiles\Harness_Update_QM850\Results\2023-10-10--12-24-39_ProtectionsImport_5_QM850_ref_temp.xml&#xD;
[12:24:39]  Test ProtectionsImport_5_QM850 for Tool 3DRoutingBridge equal to Reference!&#xD;
[12:24:39]  Der Test  3DRoutingBridge is successful!&#xD;
[12:24:39]  Project is successful saved: c:\appveyor\bin\E3.3DRoutingBridge\Mainline\E3.BridgeTest\TestFiles\Harness_Update_QM850\Results\2023-10-10--12-24-39_ProtectionsImport_5_QM850_temp.e3s&#xD;
[12:24:40]  Defining database with name Standard...
Given paths are: c:\appveyor\bin\E3.3DRoutingBridge\Mainline\E3.BridgeTest\TestFiles\Harness_Update_QM850\..\Databases\Standard\Components.mdb	c:\appveyor\bin\E3.3DRoutingBridge\Mainline\E3.BridgeTest\TestFiles\Harness_Update_QM850\..\Databases\Standard\symbols.mdb	c:\appveyor\bin\E3.3DRoutingBridge\Mainline\E3.BridgeTest\TestFiles\Harness_Update_QM850\..\Databases\Standard\Configuration.mdb&#xD;
[12:24:44]  Setting current database Standard&#xD;
[12:24:45]  E3 open project&#xD;
[12:24:45]  Doing repaircheck...&#xD;
[12:24:45]  Tool startet: c:\\appveyor\\bin\\E3.3DRoutingBridge\\Mainline\\bin\\Release\\x64\\E3_3DRoutingBridge.exe&#xD;
[12:24:56]  Tool fertig: c:\\appveyor\\bin\\E3.3DRoutingBridge\\Mainline\\bin\\Release\\x64\\E3_3DRoutingBridge.exe : ExitCode 0&#xD;
[12:24:56]  test.NAME: ProtectionsImport_5_QM850&#xD;
[12:24:56]  preparedOutputFile: c:\appveyor\bin\E3.3DRoutingBridge\Mainline\E3.BridgeTest\TestFiles\Harness_Update_QM850\Results\2023-10-10--12-24-56_ProtectionsImport_5_QM850_temp.xml&#xD;
[12:24:56]  preparedReferenceFile: c:\appveyor\bin\E3.3DRoutingBridge\Mainline\E3.BridgeTest\TestFiles\Harness_Update_QM850\Results\2023-10-10--12-24-56_ProtectionsImport_5_QM850_ref_temp.xml&#xD;
[12:24:56]  Start CompareXML: xmlExportFileName: c:\appveyor\bin\E3.3DRoutingBridge\Mainline\E3.BridgeTest\TestFiles\Harness_Update_QM850\Results\2023-10-10--12-24-56_ProtectionsImport_5_QM850_temp.xml to xmlRefFileName: c:\appveyor\bin\E3.3DRoutingBridge\Mainline\E3.BridgeTest\TestFiles\Harness_Update_QM850\Results\2023-10-10--12-24-56_ProtectionsImport_5_QM850_ref_temp.xml&#xD;
[12:24:56]  Test ProtectionsImport_5_QM850 for Tool 3DRoutingBridge equal to Reference!&#xD;
[12:24:56]  Der Test  3DRoutingBridge is successful!&#xD;
[12:24:56]  TestCleanup</StdOut>
      </Output>
    </UnitTestResult>
    <UnitTestResult executionId="14613887-2828-4a0e-9b53-9a40d4186f61" testId="be92a248-a27a-485b-b83d-f61fca0fbc78" testName="Import_10_QM850" computerName="EF62BDD48EA6" duration="00:00:18.6231329" startTime="2023-10-10T12:14:57.3872001+02:00" endTime="2023-10-10T12:15:16.0184946+02:00" testType="13cdc9d9-ddb5-4fa4-a97d-d965ccfc6d4b" outcome="Passed" testListId="8c84fa94-04c1-424b-9868-57a2d4851a1d" relativeResultsDirectory="14613887-2828-4a0e-9b53-9a40d4186f61">
      <Output>
        <StdOut>[12:14:57]  Start Test: Import_10_QM850&#xD;
[12:14:58]  Defining database with name Standard...
Given paths are: c:\appveyor\bin\E3.3DRoutingBridge\Mainline\E3.BridgeTest\TestFiles\Harness_Update_QM850\..\Databases\Standard\Components.mdb	c:\appveyor\bin\E3.3DRoutingBridge\Mainline\E3.BridgeTest\TestFiles\Harness_Update_QM850\..\Databases\Standard\symbols.mdb	c:\appveyor\bin\E3.3DRoutingBridge\Mainline\E3.BridgeTest\TestFiles\Harness_Update_QM850\..\Databases\Standard\Configuration.mdb&#xD;
[12:15:02]  Setting current database Standard&#xD;
[12:15:03]  E3 open project&#xD;
[12:15:03]  Doing repaircheck...&#xD;
[12:15:04]  Tool startet: c:\\appveyor\\bin\\E3.3DRoutingBridge\\Mainline\\bin\\Release\\x64\\E3_3DRoutingBridge.exe&#xD;
[12:15:15]  Tool fertig: c:\\appveyor\\bin\\E3.3DRoutingBridge\\Mainline\\bin\\Release\\x64\\E3_3DRoutingBridge.exe : ExitCode 0&#xD;
[12:15:15]  test.NAME: Import_10_QM850&#xD;
[12:15:15]  preparedOutputFile: c:\appveyor\bin\E3.3DRoutingBridge\Mainline\E3.BridgeTest\TestFiles\Harness_Update_QM850\Results\2023-10-10--12-15-15_Import_10_QM850_temp.xml&#xD;
[12:15:15]  preparedReferenceFile: c:\appveyor\bin\E3.3DRoutingBridge\Mainline\E3.BridgeTest\TestFiles\Harness_Update_QM850\Results\2023-10-10--12-15-15_Import_10_QM850_ref_temp.xml&#xD;
[12:15:15]  Start CompareXML: xmlExportFileName: c:\appveyor\bin\E3.3DRoutingBridge\Mainline\E3.BridgeTest\TestFiles\Harness_Update_QM850\Results\2023-10-10--12-15-15_Import_10_QM850_temp.xml to xmlRefFileName: c:\appveyor\bin\E3.3DRoutingBridge\Mainline\E3.BridgeTest\TestFiles\Harness_Update_QM850\Results\2023-10-10--12-15-15_Import_10_QM850_ref_temp.xml&#xD;
[12:15:15]  Test Import_10_QM850 for Tool 3DRoutingBridge equal to Reference!&#xD;
[12:15:15]  Der Test  3DRoutingBridge is successful!&#xD;
[12:15:15]  TestCleanup</StdOut>
      </Output>
    </UnitTestResult>
    <UnitTestResult executionId="af93711a-07bc-45f7-8eea-d06661f8b140" testId="3dbf2562-ad57-434b-a0f8-33e698f27898" testName="Designer_31705" computerName="EF62BDD48EA6" duration="00:00:29.9824130" startTime="2023-10-10T12:01:56.6549267+02:00" endTime="2023-10-10T12:02:26.6419167+02:00" testType="13cdc9d9-ddb5-4fa4-a97d-d965ccfc6d4b" outcome="Passed" testListId="8c84fa94-04c1-424b-9868-57a2d4851a1d" relativeResultsDirectory="af93711a-07bc-45f7-8eea-d06661f8b140">
      <Output>
        <StdOut>[12:01:56]  Start Test: Designer_31705&#xD;
[12:01:57]  Defining database with name KundenDB...
Given paths are: c:\appveyor\bin\E3.3DRoutingBridge\Mainline\E3.BridgeTest\TestFiles\Designer-31705\..\Databases\LAM\QA_SQL_ACCESS_26Jun.mdb	c:\appveyor\bin\E3.3DRoutingBridge\Mainline\E3.BridgeTest\TestFiles\Designer-31705\..\Databases\LAM\QA_SQL_ACCESS_26Jun.mdb	c:\appveyor\bin\E3.3DRoutingBridge\Mainline\E3.BridgeTest\TestFiles\Designer-31705\..\Databases\LAM\QA_SQL_ACCESS_26Jun.mdb&#xD;
[12:02:01]  Setting current database KundenDB&#xD;
[12:02:02]  E3 open project&#xD;
[12:02:02]  Doing repaircheck...&#xD;
[12:02:04]  Tool startet: c:\\appveyor\\bin\\E3.3DRoutingBridge\\Mainline\\bin\\Release\\x64\\E3_3DRoutingBridge.exe&#xD;
[12:02:25]  Tool fertig: c:\\appveyor\\bin\\E3.3DRoutingBridge\\Mainline\\bin\\Release\\x64\\E3_3DRoutingBridge.exe : ExitCode 0&#xD;
[12:02:26]  test.NAME: Designer_31705&#xD;
[12:02:26]  preparedOutputFile: c:\appveyor\bin\E3.3DRoutingBridge\Mainline\E3.BridgeTest\TestFiles\Designer-31705\Results\2023-10-10--12-02-26_Designer_31705_temp.xml&#xD;
[12:02:26]  preparedReferenceFile: c:\appveyor\bin\E3.3DRoutingBridge\Mainline\E3.BridgeTest\TestFiles\Designer-31705\Results\2023-10-10--12-02-26_Designer_31705_ref_temp.xml&#xD;
[12:02:26]  Start CompareXML: xmlExportFileName: c:\appveyor\bin\E3.3DRoutingBridge\Mainline\E3.BridgeTest\TestFiles\Designer-31705\Results\2023-10-10--12-02-26_Designer_31705_temp.xml to xmlRefFileName: c:\appveyor\bin\E3.3DRoutingBridge\Mainline\E3.BridgeTest\TestFiles\Designer-31705\Results\2023-10-10--12-02-26_Designer_31705_ref_temp.xml&#xD;
[12:02:26]  Test Designer_31705 for Tool 3DRoutingBridge equal to Reference!&#xD;
[12:02:26]  Der Test  3DRoutingBridge is successful!&#xD;
[12:02:26]  TestCleanup</StdOut>
      </Output>
    </UnitTestResult>
    <UnitTestResult executionId="d4aa7a4f-a290-424d-8d9f-bc82cbacefd4" testId="9546deca-80f9-4ff3-9327-369bd6c03a7b" testName="AttributeUpdateTest_A_B_initial_QM829" computerName="EF62BDD48EA6" duration="00:00:19.6063297" startTime="2023-10-10T11:59:53.5406960+02:00" endTime="2023-10-10T12:00:23.2536986+02:00" testType="13cdc9d9-ddb5-4fa4-a97d-d965ccfc6d4b" outcome="Passed" testListId="8c84fa94-04c1-424b-9868-57a2d4851a1d" relativeResultsDirectory="d4aa7a4f-a290-424d-8d9f-bc82cbacefd4">
      <Output>
        <StdOut>TotalProcessorTime: 00:00:00.0625000&#xD;
ProcessName: E3.series&#xD;
StartTime: 10/10/2023 11:59:54 AM&#xD;
Cnt: 1&#xD;
TotalProcessorTime: 00:00:01.1562500&#xD;
ProcessName: E3.series&#xD;
StartTime: 10/10/2023 11:59:54 AM&#xD;
Cnt: 2&#xD;
TotalProcessorTime: 00:00:02.1093750&#xD;
ProcessName: E3.series&#xD;
StartTime: 10/10/2023 11:59:54 AM&#xD;
Cnt: 3&#xD;
TotalProcessorTime: 00:00:03.0468750&#xD;
ProcessName: E3.series&#xD;
StartTime: 10/10/2023 11:59:54 AM&#xD;
Cnt: 4&#xD;
---Start: 10.10.2023 - 12:00:03---
&#xD;
[12:00:03]  Using E3 2024 (Oct 10 2023 11:15:29 Build 25.00-Develop @264160) 64 Bit, ProcessId 32864&#xD;
[12:00:03]  Start Test: AttributeUpdateTest_A_B_initial_QM829&#xD;
[12:00:04]  Defining database with name Standard...
Given paths are: c:\appveyor\bin\E3.3DRoutingBridge\Mainline\E3.BridgeTest\TestFiles\AttributeUpdateTest_A_B_initial_QM829\..\Databases\Standard\Components.mdb	c:\appveyor\bin\E3.3DRoutingBridge\Mainline\E3.BridgeTest\TestFiles\AttributeUpdateTest_A_B_initial_QM829\..\Databases\Standard\symbols.mdb	c:\appveyor\bin\E3.3DRoutingBridge\Mainline\E3.BridgeTest\TestFiles\AttributeUpdateTest_A_B_initial_QM829\..\Databases\Standard\Configuration.mdb&#xD;
[...]
      <Execution id="be0078af-58ec-4985-9814-92e02e7955a7" />
      <TestMethod codeBase="C:\b5b4a108-6b54-44cb-9ba3-2f6deb52c48e\E3.BridgeTest.dll" adapterTypeName="executor://mstestadapter/v2" className="E3.BridgeTest.RoutingBridge+HarnessImport" name="Designer_35915" />
    </UnitTest>
    <UnitTest name="ProtectionsImport_5_QM850" storage="c:\b5b4a108-6b54-44cb-9ba3-2f6deb52c48e\e3.bridgetest.dll" id="f200ebdc-12f7-4b44-9a41-cada8a96aa6f">
      <Execution id="d70a9e60-5a6a-4161-ac8f-2c3b8b4baab3" />
      <TestMethod codeBase="C:\b5b4a108-6b54-44cb-9ba3-2f6deb52c48e\E3.BridgeTest.dll" adapterTypeName="executor://mstestadapter/v2" className="E3.BridgeTest.RoutingBridge+HarnessImport" name="ProtectionsImport_5_QM850" />
    </UnitTest>
    <UnitTest name="ProtectionsImport_8_QM850" storage="c:\b5b4a108-6b54-44cb-9ba3-2f6deb52c48e\e3.bridgetest.dll" id="1949c49b-a87f-466e-8572-d2a7135f2600">
      <Execution id="279c90c5-37b3-41d8-af5e-7b61fcee6286" />
      <TestMethod codeBase="C:\b5b4a108-6b54-44cb-9ba3-2f6deb52c48e\E3.BridgeTest.dll" adapterTypeName="executor://mstestadapter/v2" className="E3.BridgeTest.RoutingBridge+HarnessImport" name="ProtectionsImport_8_QM850" />
    </UnitTest>
    <UnitTest name="Designer_31894" storage="c:\b5b4a108-6b54-44cb-9ba3-2f6deb52c48e\e3.bridgetest.dll" id="ae8f0ff5-dc78-49f5-b8b9-f70e8a8c6173">
      <Execution id="aae14fc9-2271-43ad-ac25-0dee5c79659f" />
      <TestMethod codeBase="C:\b5b4a108-6b54-44cb-9ba3-2f6deb52c48e\E3.BridgeTest.dll" adapterTypeName="executor://mstestadapter/v2" className="E3.BridgeTest.RoutingBridge+HarnessImport" name="Designer_31894" />
    </UnitTest>
    <UnitTest name="ProtectionsImport_1_QM850" storage="c:\b5b4a108-6b54-44cb-9ba3-2f6deb52c48e\e3.bridgetest.dll" id="dae34efe-92e8-47d5-adcc-d647cb59abab">
      <Execution id="bd7c73e0-0818-4e55-b334-a373d629dc0e" />
      <TestMethod codeBase="C:\b5b4a108-6b54-44cb-9ba3-2f6deb52c48e\E3.BridgeTest.dll" adapterTypeName="executor://mstestadapter/v2" className="E3.BridgeTest.RoutingBridge+HarnessImport" name="ProtectionsImport_1_QM850" />
    </UnitTest>
    <UnitTest name="Designer_31172" storage="c:\b5b4a108-6b54-44cb-9ba3-2f6deb52c48e\e3.bridgetest.dll" id="adbbc35a-13ee-45e1-9e2c-9abd49caa7a9">
      <Execution id="3fdd331f-3cde-4843-b258-a26f16e75215" />
      <TestMethod codeBase="C:\b5b4a108-6b54-44cb-9ba3-2f6deb52c48e\E3.BridgeTest.dll" adapterTypeName="executor://mstestadapter/v2" className="E3.BridgeTest.RoutingBridge+HarnessImport" name="Designer_31172" />
    </UnitTest>
    <UnitTest name="ProtectionsImport_9_QM850" storage="c:\b5b4a108-6b54-44cb-9ba3-2f6deb52c48e\e3.bridgetest.dll" id="4e942a7e-0b73-4c26-88c6-cfde7c731f52">
      <Execution id="08c376d9-2d7d-4409-b6fe-ce4e925e76ce" />
      <TestMethod codeBase="C:\b5b4a108-6b54-44cb-9ba3-2f6deb52c48e\E3.BridgeTest.dll" adapterTypeName="executor://mstestadapter/v2" className="E3.BridgeTest.RoutingBridge+HarnessImport" name="ProtectionsImport_9_QM850" />
    </UnitTest>
    <UnitTest name="Designer_37339" storage="c:\b5b4a108-6b54-44cb-9ba3-2f6deb52c48e\e3.bridgetest.dll" id="70a8c423-5d7a-433f-8676-a1eb064390b1">
      <Execution id="4c999939-bd48-4bc1-af4e-f750d0167142" />
      <TestMethod codeBase="C:\b5b4a108-6b54-44cb-9ba3-2f6deb52c48e\E3.BridgeTest.dll" adapterTypeName="executor://mstestadapter/v2" className="E3.BridgeTest.RoutingBridge+HarnessImport" name="Designer_37339" />
    </UnitTest>
    <UnitTest name="Designer_42795_HarnessImport_BundleStructInXML_SameCoreNames" storage="c:\b5b4a108-6b54-44cb-9ba3-2f6deb52c48e\e3.bridgetest.dll" id="f11714b3-d191-4d5c-9b24-90a5f886d549">
      <Execution id="4a3758da-4a93-4f96-b27d-a4e775ce6207" />
      <TestMethod codeBase="C:\b5b4a108-6b54-44cb-9ba3-2f6deb52c48e\E3.BridgeTest.dll" adapterTypeName="executor://mstestadapter/v2" className="E3.BridgeTest.RoutingBridge+HarnessImport" name="Designer_42795_HarnessImport_BundleStructInXML_SameCoreNames" />
    </UnitTest>
    <UnitTest name="ProtectionsImport_4_QM850" storage="c:\b5b4a108-6b54-44cb-9ba3-2f6deb52c48e\e3.bridgetest.dll" id="a0805fa2-3c00-4e6a-87a7-ef58bd17fac8">
      <Execution id="2a1ad73b-c1cb-47f2-bca2-baf924b3dd63" />
      <TestMethod codeBase="C:\b5b4a108-6b54-44cb-9ba3-2f6deb52c48e\E3.BridgeTest.dll" adapterTypeName="executor://mstestadapter/v2" className="E3.BridgeTest.RoutingBridge+HarnessImport" name="ProtectionsImport_4_QM850" />
    </UnitTest>
    <UnitTest name="AttributeUpdateTest_C_dazu_QM829" storage="c:\b5b4a108-6b54-44cb-9ba3-2f6deb52c48e\e3.bridgetest.dll" id="bfd69151-a4dc-44f4-a07a-2ca7adb3b0f8">
      <Execution id="fdb71621-58e8-4eaf-a009-f77f4abbd1ff" />
      <TestMethod codeBase="C:\b5b4a108-6b54-44cb-9ba3-2f6deb52c48e\E3.BridgeTest.dll" adapterTypeName="executor://mstestadapter/v2" className="E3.BridgeTest.RoutingBridge+HarnessImport" name="AttributeUpdateTest_C_dazu_QM829" />
    </UnitTest>
    <UnitTest name="Template_DynSymbole_3_QM850" storage="c:\b5b4a108-6b54-44cb-9ba3-2f6deb52c48e\e3.bridgetest.dll" id="7281308e-6a22-46bd-a355-e9c30182ad73">
      <Execution id="b72d47d7-d51c-4dce-b48a-94c8205c98dc" />
      <TestMethod codeBase="C:\b5b4a108-6b54-44cb-9ba3-2f6deb52c48e\E3.BridgeTest.dll" adapterTypeName="executor://mstestadapter/v2" className="E3.BridgeTest.RoutingBridge+HarnessImport" name="Template_DynSymbole_3_QM850" />
    </UnitTest>
    <UnitTest name="Template_DynSymbole_9_QM850" storage="c:\b5b4a108-6b54-44cb-9ba3-2f6deb52c48e\e3.bridgetest.dll" id="5fb08932-2603-4f06-9731-d524a7cf13cb">
      <Execution id="5863e281-407e-4fb7-976f-4bf9fb0020c4" />
      <TestMethod codeBase="C:\b5b4a108-6b54-44cb-9ba3-2f6deb52c48e\E3.BridgeTest.dll" adapterTypeName="executor://mstestadapter/v2" className="E3.BridgeTest.RoutingBridge+HarnessImport" name="Template_DynSymbole_9_QM850" />
    </UnitTest>
    <UnitTest name="Designer_42803_HarnessImport_NoSignalConflictOnBranches" storage="c:\b5b4a108-6b54-44cb-9ba3-2f6deb52c48e\e3.bridgetest.dll" id="5832233b-2617-4abc-80e3-0e63dd3d9819">
      <Execution id="c55cbf02-1b45-4afb-83f6-04c0809c7bd4" />
      <TestMethod codeBase="C:\b5b4a108-6b54-44cb-9ba3-2f6deb52c48e\E3.BridgeTest.dll" adapterTypeName="executor://mstestadapter/v2" className="E3.BridgeTest.RoutingBridge+HarnessImport" name="Designer_42803_HarnessImport_NoSignalConflictOnBranches" />
    </UnitTest>
    <UnitTest name="Designer_36924" storage="c:\b5b4a108-6b54-44cb-9ba3-2f6deb52c48e\e3.bridgetest.dll" id="b0b7eabe-9229-4835-aa2d-920e31c17561">
      <Execution id="14e35c95-e95a-4562-8509-e8ec40f8b92e" />
      <TestMethod codeBase="C:\b5b4a108-6b54-44cb-9ba3-2f6deb52c48e\E3.BridgeTest.dll" adapterTypeName="executor://mstestadapter/v2" className="E3.BridgeTest.RoutingBridge+HarnessImport" name="Designer_36924" />
    </UnitTest>
    <UnitTest name="Update_10_QM850" storage="c:\b5b4a108-6b54-44cb-9ba3-2f6deb52c48e\e3.bridgetest.dll" id="9d54da5b-c7fe-40d6-a7e8-d402de157945">
      <Execution id="b85121c2-376e-4fb5-b17a-bc6161ae0eb6" />
      <TestMethod codeBase="C:\b5b4a108-6b54-44cb-9ba3-2f6deb52c48e\E3.BridgeTest.dll" adapterTypeName="executor://mstestadapter/v2" className="E3.BridgeTest.RoutingBridge+HarnessImport" name="Update_10_QM850" />
    </UnitTest>
    <UnitTest name="Designer_42554_Import" storage="c:\b5b4a108-6b54-44cb-9ba3-2f6deb52c48e\e3.bridgetest.dll" id="b1f3ec32-fdda-4852-ab42-4402576fe947">
      <Execution id="be361a84-6721-4e0c-b92b-f214ea84d8a7" />
      <TestMethod codeBase="C:\b5b4a108-6b54-44cb-9ba3-2f6deb52c48e\E3.BridgeTest.dll" adapterTypeName="executor://mstestadapter/v2" className="E3.BridgeTest.RoutingBridge+HarnessImport" name="Designer_42554_Import" />
    </UnitTest>
    <UnitTest name="Designer_31705" storage="c:\b5b4a108-6b54-44cb-9ba3-2f6deb52c48e\e3.bridgetest.dll" id="3dbf2562-ad57-434b-a0f8-33e698f27898">
      <Execution id="af93711a-07bc-45f7-8eea-d06661f8b140" />
      <TestMethod codeBase="C:\b5b4a108-6b54-44cb-9ba3-2f6deb52c48e\E3.BridgeTest.dll" adapterTypeName="executor://mstestadapter/v2" className="E3.BridgeTest.RoutingBridge+HarnessImport" name="Designer_31705" />
    </UnitTest>
    <UnitTest name="Designer_39086" storage="c:\b5b4a108-6b54-44cb-9ba3-2f6deb52c48e\e3.bridgetest.dll" id="9cbca25a-acab-a3a0-4a42-d680f5ae0b1e">
      <Execution id="4ff38651-81d9-4e03-a665-4df043317d5e" />
      <TestMethod codeBase="C:\b5b4a108-6b54-44cb-9ba3-2f6deb52c48e\E3.BridgeTest.dll" adapterTypeName="executor://mstestadapter/v2" className="E3.BridgeTest.RoutingBridge+HarnessImport" name="Designer_39086" />
    </UnitTest>
  </TestDefinitions>
  <TestEntries>
    <TestEntry testId="cc5c78f0-0eb8-4bd1-802e-66c6ee98bb58" executionId="dac69f61-7577-4186-b838-21df03f168b3" testListId="8c84fa94-04c1-424b-9868-57a2d4851a1d" />
    <TestEntry testId="4e942a7e-0b73-4c26-88c6-cfde7c731f52" executionId="08c376d9-2d7d-4409-b6fe-ce4e925e76ce" testListId="8c84fa94-04c1-424b-9868-57a2d4851a1d" />
    <TestEntry testId="182b7748-4a8f-4bd4-953d-7dd165d3d615" executionId="971cbb47-f0da-4368-9016-51e50829164c" testListId="8c84fa94-04c1-424b-9868-57a2d4851a1d" />
    <TestEntry testId="ee3c66ef-2510-47fd-9d97-9cc554da2e98" executionId="ca6d4bd7-1569-4939-9341-935263ebc587" testListId="8c84fa94-04c1-424b-9868-57a2d4851a1d" />
    <TestEntry testId="be8405fe-299e-6a43-a0fe-709ccb3816b4" executionId="eebcbff8-43a4-4ba8-8ff9-82518aa79ac0" testListId="8c84fa94-04c1-424b-9868-57a2d4851a1d" />
    <TestEntry testId="5809ba0c-a78a-4958-a44c-0cf06cc796a8" executionId="f86516ec-faa0-46f5-900d-82242de9fe23" testListId="8c84fa94-04c1-424b-9868-57a2d4851a1d" />
    <TestEntry testId="350002e4-71eb-469d-b42e-3785ed1768ae" executionId="32c5426c-d3fc-4c8a-8715-df71a4f47794" testListId="8c84fa94-04c1-424b-9868-57a2d4851a1d" />
    <TestEntry testId="6ede9899-a7bc-4ea5-9735-461aaee693d5" executionId="acfc45c9-58b1-40c4-9e7d-7aa59d73361e" testListId="8c84fa94-04c1-424b-9868-57a2d4851a1d" />
    <TestEntry testId="5832233b-2617-4abc-80e3-0e63dd3d9819" executionId="c55cbf02-1b45-4afb-83f6-04c0809c7bd4" testListId="8c84fa94-04c1-424b-9868-57a2d4851a1d" />
    <TestEntry testId="70a8c423-5d7a-433f-8676-a1eb064390b1" executionId="4c999939-bd48-4bc1-af4e-f750d0167142" testListId="8c84fa94-04c1-424b-9868-57a2d4851a1d" />
    <TestEntry testId="347c3ccb-a226-4a8f-b159-14f9817dbe58" executionId="cc8e3f02-7047-421b-a95a-7137155a68e1" testListId="8c84fa94-04c1-424b-9868-57a2d4851a1d" />
    <TestEntry testId="c03bdce1-2234-47f4-89d5-bcd8ba2edbaf" executionId="bd90700a-217f-4106-a5b9-16617a8fc50f" testListId="8c84fa94-04c1-424b-9868-57a2d4851a1d" />
    <TestEntry testId="d1f744d2-46a0-41a0-aac1-fd4c45ce2cf3" executionId="1634ac66-9424-4f52-bd64-4b7b4450e35b" testListId="8c84fa94-04c1-424b-9868-57a2d4851a1d" />
    <TestEntry testId="c0b2047d-f4ed-44fa-b375-d3fd65e16986" executionId="be0078af-58ec-4985-9814-92e02e7955a7" testListId="8c84fa94-04c1-424b-9868-57a2d4851a1d" />
    <TestEntry testId="9cbca25a-acab-a3a0-4a42-d680f5ae0b1e" executionId="4ff38651-81d9-4e03-a665-4df043317d5e" testListId="8c84fa94-04c1-424b-9868-57a2d4851a1d" />
    <TestEntry testId="b85e2e67-aed9-4a51-9f59-6ac7fb2390c0" executionId="934cb485-9729-4467-9315-079ed9ae2119" testListId="8c84fa94-04c1-424b-9868-57a2d4851a1d" />
    <TestEntry testId="e1d5cca8-dc41-47c4-b0a3-3719f9026b51" executionId="fe29368d-d2bd-4dc4-8cd7-7dbabb7fe51f" testListId="8c84fa94-04c1-424b-9868-57a2d4851a1d" />
    <TestEntry testId="ebde3011-8346-450b-8939-64557cf636bf" executionId="b6ff72b8-5979-4166-ab52-42cd5b1b9942" testListId="8c84fa94-04c1-424b-9868-57a2d4851a1d" />
    <TestEntry testId="bc207ec4-a9c7-4ef5-a2fc-8a960f3dcc87" executionId="52ffc97b-730e-41e9-8a37-57329fcd1b90" testListId="8c84fa94-04c1-424b-9868-57a2d4851a1d" />
    <TestEntry testId="4d130565-c344-4ef0-afa9-d856f257701f" executionId="2c68ff41-dcfc-4fbc-8860-1e5a57dcd563" testListId="8c84fa94-04c1-424b-9868-57a2d4851a1d" />
    <TestEntry testId="31a74908-feff-4fff-9ccf-f020bc811879" executionId="c3f5396e-5041-4f92-8fc9-1a3d79fae479" testListId="8c84fa94-04c1-424b-9868-57a2d4851a1d" />
    <TestEntry testId="dae34efe-92e8-47d5-adcc-d647cb59abab" executionId="bd7c73e0-0818-4e55-b334-a373d629dc0e" testListId="8c84fa94-04c1-424b-9868-57a2d4851a1d" />
    <TestEntry testId="2453c1e3-c8bb-4f0f-9d80-9760792c05c7" executionId="584d5085-0d24-4dbc-ade6-e2108df9d92d" testListId="8c84fa94-04c1-424b-9868-57a2d4851a1d" />
    <TestEntry testId="caf29760-15d9-4076-a4cd-53e743aa3f60" executionId="b9011371-35c6-464f-909f-ec014cf6d738" testListId="8c84fa94-04c1-424b-9868-57a2d4851a1d" />
    <TestEntry testId="adbbc35a-13ee-45e1-9e2c-9abd49caa7a9" executionId="3fdd331f-3cde-4843-b258-a26f16e75215" testListId="8c84fa94-04c1-424b-9868-57a2d4851a1d" />
    <TestEntry testId="f200ebdc-12f7-4b44-9a41-cada8a96aa6f" executionId="d70a9e60-5a6a-4161-ac8f-2c3b8b4baab3" testListId="8c84fa94-04c1-424b-9868-57a2d4851a1d" />
    <TestEntry testId="be92a248-a27a-485b-b83d-f61fca0fbc78" executionId="14613887-2828-4a0e-9b53-9a40d4186f61" testListId="8c84fa94-04c1-424b-9868-57a2d4851a1d" />
    <TestEntry testId="3dbf2562-ad57-434b-a0f8-33e698f27898" executionId="af93711a-07bc-45f7-8eea-d06661f8b140" testListId="8c84fa94-04c1-424b-9868-57a2d4851a1d" />
    <TestEntry testId="9546deca-80f9-4ff3-9327-369bd6c03a7b" executionId="d4aa7a4f-a290-424d-8d9f-bc82cbacefd4" testListId="8c84fa94-04c1-424b-9868-57a2d4851a1d" />
    <TestEntry testId="f11714b3-d191-4d5c-9b24-90a5f886d549" executionId="4a3758da-4a93-4f96-b27d-a4e775ce6207" testListId="8c84fa94-04c1-424b-9868-57a2d4851a1d" />
    <TestEntry testId="2d80274b-64e6-4775-a592-80f09837c11b" executionId="f8eb755c-8488-4bb0-8c33-665b2598bbf4" testListId="8c84fa94-04c1-424b-9868-57a2d4851a1d" />
    <TestEntry testId="e9ffe55b-c25c-4216-bdec-0040afd98fd7" executionId="b6842736-46f8-4a0f-9311-73c26eec8bcc" testListId="8c84fa94-04c1-424b-9868-57a2d4851a1d" />
    <TestEntry testId="75354e3e-f2c7-4084-acbe-fcdd12141c7b" executionId="c845a239-bb7c-4d7a-8184-0a33db992915" testListId="8c84fa94-04c1-424b-9868-57a2d4851a1d" />
    <TestEntry testId="ae8f0ff5-dc78-49f5-b8b9-f70e8a8c6173" executionId="aae14fc9-2271-43ad-ac25-0dee5c79659f" testListId="8c84fa94-04c1-424b-9868-57a2d4851a1d" />
    <TestEntry testId="7281308e-6a22-46bd-a355-e9c30182ad73" executionId="b72d47d7-d51c-4dce-b48a-94c8205c98dc" testListId="8c84fa94-04c1-424b-9868-57a2d4851a1d" />
    <TestEntry testId="5fb08932-2603-4f06-9731-d524a7cf13cb" executionId="5863e281-407e-4fb7-976f-4bf9fb0020c4" testListId="8c84fa94-04c1-424b-9868-57a2d4851a1d" />
    <TestEntry testId="bfd69151-a4dc-44f4-a07a-2ca7adb3b0f8" executionId="fdb71621-58e8-4eaf-a009-f77f4abbd1ff" testListId="8c84fa94-04c1-424b-9868-57a2d4851a1d" />
    <TestEntry testId="e73065c7-1dd7-4b17-afdc-4b70137bbcb9" executionId="14509781-2822-4879-a5d6-7f520cb6ff17" testListId="8c84fa94-04c1-424b-9868-57a2d4851a1d" />
    <TestEntry testId="b1f3ec32-fdda-4852-ab42-4402576fe947" executionId="be361a84-6721-4e0c-b92b-f214ea84d8a7" testListId="8c84fa94-04c1-424b-9868-57a2d4851a1d" />
    <TestEntry testId="3b8a2844-aebd-454b-9edc-0aaf99fbd663" executionId="750b6b4a-3d54-4140-86da-2f0bbceb375f" testListId="8c84fa94-04c1-424b-9868-57a2d4851a1d" />
    <TestEntry testId="1949c49b-a87f-466e-8572-d2a7135f2600" executionId="279c90c5-37b3-41d8-af5e-7b61fcee6286" testListId="8c84fa94-04c1-424b-9868-57a2d4851a1d" />
    <TestEntry testId="efdf0b15-95ed-4926-9ff0-5e162d2dbdb8" executionId="ab584684-7245-4131-b932-c660e0a43ec6" testListId="8c84fa94-04c1-424b-9868-57a2d4851a1d" />
    <TestEntry testId="c463ef65-9c74-4d0b-8e28-4b518be6b331" executionId="95f5d2fd-4f57-4839-bbd0-ce557f7c68c6" testListId="8c84fa94-04c1-424b-9868-57a2d4851a1d" />
    <TestEntry testId="1c7df266-8b51-4d2c-bab9-521698e3adfb" executionId="4edd4a1a-9d6a-4a89-80d1-6bc54c97489e" testListId="8c84fa94-04c1-424b-9868-57a2d4851a1d" />
    <TestEntry testId="454d220a-4daf-4614-8e27-15b05263c14d" executionId="1b9780e9-e9c2-43fe-87f3-abe931b5e278" testListId="8c84fa94-04c1-424b-9868-57a2d4851a1d" />
    <TestEntry testId="aed7a9fc-19b5-41df-b738-1f3f98e2e671" executionId="affc8a9e-4a1f-4f7c-81f9-e142821d4df1" testListId="8c84fa94-04c1-424b-9868-57a2d4851a1d" />
    <TestEntry testId="a0805fa2-3c00-4e6a-87a7-ef58bd17fac8" executionId="2a1ad73b-c1cb-47f2-bca2-baf924b3dd63" testListId="8c84fa94-04c1-424b-9868-57a2d4851a1d" />
    <TestEntry testId="2cfd3846-925e-47e5-97dd-f3019fa1637a" executionId="f33b38e5-2dfe-4316-abd6-32cbf87c00ba" testListId="8c84fa94-04c1-424b-9868-57a2d4851a1d" />
    <TestEntry testId="d436643b-f588-4154-9dc6-13b218d62615" executionId="6be77e71-3fb4-475d-8539-0232ee3f9d85" testListId="8c84fa94-04c1-424b-9868-57a2d4851a1d" />
    <TestEntry testId="e155ac08-ceee-4b01-a34c-9121368ea8a6" executionId="cb8b543a-f474-4381-8c1d-24feeeae183d" testListId="8c84fa94-04c1-424b-9868-57a2d4851a1d" />
    <TestEntry testId="5f218240-3bd1-4d7b-a8d4-0222a1f6617e" executionId="ba9b7c91-ecbf-4806-807d-07748e1f8ae7" testListId="8c84fa94-04c1-424b-9868-57a2d4851a1d" />
    <TestEntry testId="65517d05-ef79-4ef4-a2f2-7e1304aa4f8e" executionId="701fae45-2d6e-4666-98f5-a98840a6c4fd" testListId="8c84fa94-04c1-424b-9868-57a2d4851a1d" />
    <TestEntry testId="9d54da5b-c7fe-40d6-a7e8-d402de157945" executionId="b85121c2-376e-4fb5-b17a-bc6161ae0eb6" testListId="8c84fa94-04c1-424b-9868-57a2d4851a1d" />
    <TestEntry testId="eb3e5315-2dea-42dc-b033-aae3ebaabd8f" executionId="ecff0765-4b5e-462c-9721-ae79943877e4" testListId="8c84fa94-04c1-424b-9868-57a2d4851a1d" />
    <TestEntry testId="671be04a-1b78-4fcc-8b75-ed729f34b698" executionId="2a08200b-0ec8-4e5e-a8e0-34c72e152c48" testListId="8c84fa94-04c1-424b-9868-57a2d4851a1d" />
    <TestEntry testId="caf4d8da-e35b-4084-a0b1-26c55a253483" executionId="f91ecb0b-8c5a-4b40-bb2c-5aa5b3d35b8e" testListId="8c84fa94-04c1-424b-9868-57a2d4851a1d" />
    <TestEntry testId="6ba96d6b-0520-49b9-ae1b-18dc81422320" executionId="cc83b1bc-135d-4efc-9ddc-a3a7b3e2d3d1" testListId="8c84fa94-04c1-424b-9868-57a2d4851a1d" />
    <TestEntry testId="b0b7eabe-9229-4835-aa2d-920e31c17561" executionId="14e35c95-e95a-4562-8509-e8ec40f8b92e" testListId="8c84fa94-04c1-424b-9868-57a2d4851a1d" />
    <TestEntry testId="44af5f27-6975-4ab9-9960-1f9976835b8d" executionId="384866fc-c67f-46a6-a554-748fa78f7e79" testListId="8c84fa94-04c1-424b-9868-57a2d4851a1d" />
    <TestEntry testId="ea9f1e91-d1be-42ec-a5a0-62e87005a3a6" executionId="2683d1fd-1ffe-4e65-88a2-61d1da484748" testListId="8c84fa94-04c1-424b-9868-57a2d4851a1d" />
    <TestEntry testId="22a08bdf-9efa-4730-bc9f-13d9b78275a0" executionId="605e046e-c8bd-4aaf-9425-037239475c57" testListId="8c84fa94-04c1-424b-9868-57a2d4851a1d" />
  </TestEntries>
  <TestLists>
    <TestList name="Results Not in a List" id="8c84fa94-04c1-424b-9868-57a2d4851a1d" />
    <TestList name="All Loaded Results" id="19431567-8539-422a-85d7-44ee4e166bda" />
  </TestLists>
  <ResultSummary outcome="Failed">
    <Counters total="61" executed="59" passed="58" failed="1" error="0" timeout="0" aborted="0" inconclusive="0" passedButRunAborted="0" notRunnable="0" notExecuted="0" disconnected="0" warning="0" completed="0" inProgress="0" pending="0" />
    <Output>
      <StdOut>MSTest Executor: Test Parallelization enabled for C:\b5b4a108-6b54-44cb-9ba3-2f6deb52c48e\E3.BridgeTest.dll (Workers: 1, Scope: ClassLevel).&#xD;
Test 'Designer_36162' was skipped in the test run.&#xD;
Test 'Designer_39086' was skipped in the test run.&#xD;
</StdOut>
    </Output>
    <CollectorDataEntries>
      <Collector agentName="EF62BDD48EA6" uri="datacollector://microsoft/CodeCoverage/2.0" collectorDisplayName="Code Coverage">
        <UriAttachments>
          <UriAttachment>
            <A href="EF62BDD48EA6\ContainerAdministrator_EF62BDD48EA6_2023-10-10.11_59_50.coverage"></A>
          </UriAttachment>
        </UriAttachments>
      </Collector>
    </CollectorDataEntries>
  </ResultSummary>
</TestRun>