<?xml version="1.0" encoding="utf-8"?>
<TestRun id="adeb8042-6564-40c9-bd1f-829919364957" name="ContainerAdministrator@F27715BE3A7B 2023-10-10 12:00:30" runUser="User Manager\ContainerAdministrator" xmlns="http://microsoft.com/schemas/VisualStudio/TeamTest/2010">
  <Times creation="2023-10-10T12:00:30.9783450+02:00" queuing="2023-10-10T12:00:30.9783450+02:00" start="2023-10-10T11:59:44.4231340+02:00" finish="2023-10-10T12:26:33.2931537+02:00" />
  <TestSettings name="default" id="be86ca13-5c88-41ca-9fa0-f65989423426">
    <Deployment runDeploymentRoot="570b89d098d4b8e44306f10742c83ff8" />
  </TestSettings>
  <Results>
    <UnitTestResult executionId="b2d2ad61-c5bb-4fb5-8a18-35b1e110b9a3" testId="9edab09e-0194-437c-9daf-8552024886f3" testName="KBL_CABLING_CREO7_ASM" computerName="F27715BE3A7B" duration="00:00:32.9431087" startTime="2023-10-10T12:11:28.9828626+02:00" endTime="2023-10-10T12:12:01.9322438+02:00" testType="13cdc9d9-ddb5-4fa4-a97d-d965ccfc6d4b" outcome="Passed" testListId="8c84fa94-04c1-424b-9868-57a2d4851a1d" relativeResultsDirectory="b2d2ad61-c5bb-4fb5-8a18-35b1e110b9a3">
      <Output>
        <StdOut>[12:11:28]  Start Test: KBL_CABLING_CREO7_ASM&#xD;
[12:11:29]  Defining database with name Standard...
Given paths are: c:\appveyor\bin\E3.3DRoutingBridge\Mainline\E3.BridgeTest\TestFiles\KBL_Import_Tests\..\Databases\Standard\Components.mdb	c:\appveyor\bin\E3.3DRoutingBridge\Mainline\E3.BridgeTest\TestFiles\KBL_Import_Tests\..\Databases\Standard\symbols.mdb	c:\appveyor\bin\E3.3DRoutingBridge\Mainline\E3.BridgeTest\TestFiles\KBL_Import_Tests\..\Databases\Standard\Configuration.mdb&#xD;
[12:11:34]  Setting current database Standard&#xD;
[12:11:34]  E3 open project&#xD;
[12:11:35]  Doing repaircheck...&#xD;
[12:11:35]  Tool startet: c:\\appveyor\\bin\\E3.3DRoutingBridge\\Mainline\\bin\\Release\\x64\\E3_3DRoutingBridge.exe&#xD;
[12:12:01]  Tool fertig: c:\\appveyor\\bin\\E3.3DRoutingBridge\\Mainline\\bin\\Release\\x64\\E3_3DRoutingBridge.exe : ExitCode 0&#xD;
[12:12:01]  test.NAME: KBL_CABLING_CREO7_ASM&#xD;
[12:12:01]  preparedOutputFile: c:\appveyor\bin\E3.3DRoutingBridge\Mainline\E3.BridgeTest\TestFiles\KBL_Import_Tests\Results\2023-10-10--12-12-01_KBL_CABLING_CREO7_ASM_temp.xml&#xD;
[12:12:01]  preparedReferenceFile: c:\appveyor\bin\E3.3DRoutingBridge\Mainline\E3.BridgeTest\TestFiles\KBL_Import_Tests\Results\2023-10-10--12-12-01_KBL_CABLING_CREO7_ASM_ref_temp.xml&#xD;
[12:12:01]  Start CompareXML: xmlExportFileName: c:\appveyor\bin\E3.3DRoutingBridge\Mainline\E3.BridgeTest\TestFiles\KBL_Import_Tests\Results\2023-10-10--12-12-01_KBL_CABLING_CREO7_ASM_temp.xml to xmlRefFileName: c:\appveyor\bin\E3.3DRoutingBridge\Mainline\E3.BridgeTest\TestFiles\KBL_Import_Tests\Results\2023-10-10--12-12-01_KBL_CABLING_CREO7_ASM_ref_temp.xml&#xD;
[12:12:01]  Test KBL_CABLING_CREO7_ASM for Tool 3DRoutingBridge equal to Reference!&#xD;
[12:12:01]  Der Test  3DRoutingBridge is successful!&#xD;
[12:12:01]  TestCleanup</StdOut>
      </Output>
    </UnitTestResult>
    <UnitTestResult executionId="5cb5879e-a3ba-414e-8724-52596d9c2443" testId="5eb4b740-f476-46b7-aed9-f9672c9292a5" testName="KBL_10_400_000651_A1_01" computerName="F27715BE3A7B" duration="00:00:27.8072449" startTime="2023-10-10T12:01:13.0649786+02:00" endTime="2023-10-10T12:01:40.8595964+02:00" testType="13cdc9d9-ddb5-4fa4-a97d-d965ccfc6d4b" outcome="Passed" testListId="8c84fa94-04c1-424b-9868-57a2d4851a1d" relativeResultsDirectory="5cb5879e-a3ba-414e-8724-52596d9c2443">
      <Output>
        <StdOut>[12:01:13]  Start Test: KBL_10_400_000651_A1_01&#xD;
[12:01:13]  Defining database with name Standard...
Given paths are: c:\appveyor\bin\E3.3DRoutingBridge\Mainline\E3.BridgeTest\TestFiles\KBL_Import_Tests\..\Databases\Standard\Components.mdb	c:\appveyor\bin\E3.3DRoutingBridge\Mainline\E3.BridgeTest\TestFiles\KBL_Import_Tests\..\Databases\Standard\symbols.mdb	c:\appveyor\bin\E3.3DRoutingBridge\Mainline\E3.BridgeTest\TestFiles\KBL_Import_Tests\..\Databases\Standard\Configuration.mdb&#xD;
[12:01:18]  Setting current database Standard&#xD;
[12:01:19]  E3 open project&#xD;
[12:01:19]  Doing repaircheck...&#xD;
[12:01:20]  Tool startet: c:\\appveyor\\bin\\E3.3DRoutingBridge\\Mainline\\bin\\Release\\x64\\E3_3DRoutingBridge.exe&#xD;
[12:01:40]  Tool fertig: c:\\appveyor\\bin\\E3.3DRoutingBridge\\Mainline\\bin\\Release\\x64\\E3_3DRoutingBridge.exe : ExitCode 0&#xD;
[12:01:40]  test.NAME: KBL_10_400_000651_A1_01&#xD;
[12:01:40]  preparedOutputFile: c:\appveyor\bin\E3.3DRoutingBridge\Mainline\E3.BridgeTest\TestFiles\KBL_Import_Tests\Results\2023-10-10--12-01-40_KBL_10_400_000651_A1_01_temp.xml&#xD;
[12:01:40]  preparedReferenceFile: c:\appveyor\bin\E3.3DRoutingBridge\Mainline\E3.BridgeTest\TestFiles\KBL_Import_Tests\Results\2023-10-10--12-01-40_KBL_10_400_000651_A1_01_ref_temp.xml&#xD;
[12:01:40]  Start CompareXML: xmlExportFileName: c:\appveyor\bin\E3.3DRoutingBridge\Mainline\E3.BridgeTest\TestFiles\KBL_Import_Tests\Results\2023-10-10--12-01-40_KBL_10_400_000651_A1_01_temp.xml to xmlRefFileName: c:\appveyor\bin\E3.3DRoutingBridge\Mainline\E3.BridgeTest\TestFiles\KBL_Import_Tests\Results\2023-10-10--12-01-40_KBL_10_400_000651_A1_01_ref_temp.xml&#xD;
[12:01:40]  Test KBL_10_400_000651_A1_01 for Tool 3DRoutingBridge equal to Reference!&#xD;
[12:01:40]  Der Test  3DRoutingBridge is successful!&#xD;
[12:01:40]  TestCleanup</StdOut>
      </Output>
    </UnitTestResult>
    <UnitTestResult executionId="a7b980dd-6ae6-4b60-9e9c-d2d7c2bf49bd" testId="002503c6-793f-4b54-91e3-4492c80ea246" testName="Designer_41944" computerName="F27715BE3A7B" duration="00:00:31.5320974" startTime="2023-10-10T11:59:49.2506875+02:00" endTime="2023-10-10T12:00:30.8772920+02:00" testType="13cdc9d9-ddb5-4fa4-a97d-d965ccfc6d4b" outcome="Passed" testListId="8c84fa94-04c1-424b-9868-57a2d4851a1d" relativeResultsDirectory="a7b980dd-6ae6-4b60-9e9c-d2d7c2bf49bd">
      <Output>
        <StdOut>TotalProcessorTime: 00:00:00.0937500&#xD;
ProcessName: E3.series&#xD;
StartTime: 10/10/2023 11:59:49 AM&#xD;
Cnt: 1&#xD;
TotalProcessorTime: 00:00:01.1093750&#xD;
ProcessName: E3.series&#xD;
StartTime: 10/10/2023 11:59:49 AM&#xD;
Cnt: 2&#xD;
TotalProcessorTime: 00:00:02.0781250&#xD;
ProcessName: E3.series&#xD;
StartTime: 10/10/2023 11:59:49 AM&#xD;
Cnt: 3&#xD;
TotalProcessorTime: 00:00:03.0781250&#xD;
ProcessName: E3.series&#xD;
StartTime: 10/10/2023 11:59:49 AM&#xD;
Cnt: 4&#xD;
---Start: 10.10.2023 - 11:59:59---
&#xD;
[11:59:59]  Using E3 2024 (Oct 10 2023 11:15:29 Build 25.00-Develop @264160) 64 Bit, ProcessId 37448&#xD;
[11:59:59]  Start Test: Designer_41944&#xD;
[11:59:59]  Defining database with name Standard...
Given paths are: c:\appveyor\bin\E3.3DRoutingBridge\Mainline\E3.BridgeTest\TestFiles\Designer-41944\..\Databases\Standard\Components.mdb	c:\appveyor\bin\E3.3DRoutingBridge\Mainline\E3.BridgeTest\TestFiles\Designer-41944\..\Databases\Standard\symbols.mdb	c:\appveyor\bin\E3.3DRoutingBridge\Mainline\E3.BridgeTest\TestFiles\Designer-41944\..\Databases\Standard\Configuration.mdb&#xD;
[12:00:04]  Setting current database Standard&#xD;
[12:00:05]  E3 open project&#xD;
[12:00:05]  Doing repaircheck...&#xD;
[12:00:06]  Tool startet: c:\\appveyor\\bin\\E3.3DRoutingBridge\\Mainline\\bin\\Release\\x64\\E3_3DRoutingBridge.exe&#xD;
[12:00:29]  Tool fertig: c:\\appveyor\\bin\\E3.3DRoutingBridge\\Mainline\\bin\\Release\\x64\\E3_3DRoutingBridge.exe : ExitCode 0&#xD;
[12:00:30]  test.NAME: Designer_41944&#xD;
[12:00:30]  preparedOutputFile: c:\appveyor\bin\E3.3DRoutingBridge\Mainline\E3.BridgeTest\TestFiles\Designer-41944\Results\2023-10-10--12-00-29_Designer_41944_temp&#xD;
[12:00:30]  preparedReferenceFile: c:\appveyor\bin\E3.3DRoutingBridge\Mainline\E3.BridgeTest\TestFiles\Designer-41944\Results\2023-10-10--12-00-29_Designer_41944_ref_temp&#xD;
[12:00:30]  Start CompareXML: xmlExportFileName: c:\appveyor\bin\E3.3DRoutingBridge\Mainline\E3.BridgeTest\TestFiles\Designer-41944\Results\2023-10-10--12-00-29_Designer_41944_temp to xmlRefFileName: c:\appveyor\bin\E3.3DRoutingBridge\Mainline\E3.BridgeTest\TestFiles\Designer-41944\Results\2023-10-10--12-00-29_Designer_41944_ref_temp&#xD;
[12:00:30]  Test Designer_41944 for Tool 3DRoutingBridge equal to Reference!&#xD;
[12:00:30]  Der Test  3DRoutingBridge is successful!&#xD;
[12:00:30]  TestCleanup</StdOut>
      </Output>
    </UnitTestResult>
    <UnitTestResult executionId="b08244db-d357-4e1c-b8a5-1634a66b640d" testId="7f141627-e3e8-6243-ee5c-f49fd45e1eaf" testName="KBL_document" computerName="F27715BE3A7B" startTime="2023-10-10T12:12:01.9322438+02:00" endTime="2023-10-10T12:12:01.9322438+02:00" testType="13cdc9d9-ddb5-4fa4-a97d-d965ccfc6d4b" outcome="NotExecuted" testListId="8c84fa94-04c1-424b-9868-57a2d4851a1d" relativeResultsDirectory="b08244db-d357-4e1c-b8a5-1634a66b640d">
      <Output></Output>
    </UnitTestResult>
    <UnitTestResult executionId="f01d89a1-255b-48d3-aae0-2e40818cd11e" testId="354668f8-77dd-4512-aa45-a37690fbf304" testName="KBL_FNA4164913_1" computerName="F27715BE3A7B" duration="00:02:13.8135511" startTime="2023-10-10T12:14:16.7532788+02:00" endTime="2023-10-10T12:16:30.5664901+02:00" testType="13cdc9d9-ddb5-4fa4-a97d-d965ccfc6d4b" outcome="Passed" testListId="8c84fa94-04c1-424b-9868-57a2d4851a1d" relativeResultsDirectory="f01d89a1-255b-48d3-aae0-2e40818cd11e">
      <Output>
        <StdOut>[12:14:16]  Start Test: KBL_FNA4164913_1&#xD;
[12:14:17]  Defining database with name Standard...
Given paths are: c:\appveyor\bin\E3.3DRoutingBridge\Mainline\E3.BridgeTest\TestFiles\KBL_Import_Tests\..\Databases\Standard\Components.mdb	c:\appveyor\bin\E3.3DRoutingBridge\Mainline\E3.BridgeTest\TestFiles\KBL_Import_Tests\..\Databases\Standard\symbols.mdb	c:\appveyor\bin\E3.3DRoutingBridge\Mainline\E3.BridgeTest\TestFiles\KBL_Import_Tests\..\Databases\Standard\Configuration.mdb&#xD;
[12:14:22]  Setting current database Standard&#xD;
[12:14:23]  E3 open project&#xD;
[12:14:23]  Doing repaircheck...&#xD;
[12:14:24]  Tool startet: c:\\appveyor\\bin\\E3.3DRoutingBridge\\Mainline\\bin\\Release\\x64\\E3_3DRoutingBridge.exe&#xD;
[12:16:28]  Tool fertig: c:\\appveyor\\bin\\E3.3DRoutingBridge\\Mainline\\bin\\Release\\x64\\E3_3DRoutingBridge.exe : ExitCode 0&#xD;
[12:16:30]  test.NAME: KBL_FNA4164913_1&#xD;
[12:16:30]  preparedOutputFile: c:\appveyor\bin\E3.3DRoutingBridge\Mainline\E3.BridgeTest\TestFiles\KBL_Import_Tests\Results\2023-10-10--12-16-29_KBL_FNA4164913_1_temp.xml&#xD;
[12:16:30]  preparedReferenceFile: c:\appveyor\bin\E3.3DRoutingBridge\Mainline\E3.BridgeTest\TestFiles\KBL_Import_Tests\Results\2023-10-10--12-16-29_KBL_FNA4164913_1_ref_temp.xml&#xD;
[12:16:30]  Start CompareXML: xmlExportFileName: c:\appveyor\bin\E3.3DRoutingBridge\Mainline\E3.BridgeTest\TestFiles\KBL_Import_Tests\Results\2023-10-10--12-16-29_KBL_FNA4164913_1_temp.xml to xmlRefFileName: c:\appveyor\bin\E3.3DRoutingBridge\Mainline\E3.BridgeTest\TestFiles\KBL_Import_Tests\Results\2023-10-10--12-16-29_KBL_FNA4164913_1_ref_temp.xml&#xD;
[12:16:30]  Test KBL_FNA4164913_1 for Tool 3DRoutingBridge equal to Reference!&#xD;
[12:16:30]  Der Test  3DRoutingBridge is successful!&#xD;
[12:16:30]  TestCleanup</StdOut>
      </Output>
    </UnitTestResult>
    <UnitTestResult executionId="cf7e7e49-bb9a-44d9-b1e9-3e692ac0eb09" testId="40db2381-002f-4258-b934-dd3b3affc8e3" testName="KBL_MCAD_KP7_Testdaten_UAT3_31_01_2022_Thy_1" computerName="F27715BE3A7B" duration="00:00:21.3710611" startTime="2023-10-10T12:22:03.6273943+02:00" endTime="2023-10-10T12:22:25.0055161+02:00" testType="13cdc9d9-ddb5-4fa4-a97d-d965ccfc6d4b" outcome="Passed" testListId="8c84fa94-04c1-424b-9868-57a2d4851a1d" relativeResultsDirectory="cf7e7e49-bb9a-44d9-b1e9-3e692ac0eb09">
      <Output>
        <StdOut>[12:22:03]  Start Test: KBL_MCAD_KP7_Testdaten_UAT3_31_01_2022_Thy_1&#xD;
[12:22:04]  Defining database with name Standard...
Given paths are: c:\appveyor\bin\E3.3DRoutingBridge\Mainline\E3.BridgeTest\TestFiles\KBL_Import_Tests\..\Databases\Standard\Components.mdb	c:\appveyor\bin\E3.3DRoutingBridge\Mainline\E3.BridgeTest\TestFiles\KBL_Import_Tests\..\Databases\Standard\symbols.mdb	c:\appveyor\bin\E3.3DRoutingBridge\Mainline\E3.BridgeTest\TestFiles\KBL_Import_Tests\..\Databases\Standard\Configuration.mdb&#xD;
[12:22:08]  Setting current database Standard&#xD;
[12:22:09]  E3 open project&#xD;
[12:22:09]  Doing repaircheck...&#xD;
[12:22:10]  Tool startet: c:\\appveyor\\bin\\E3.3DRoutingBridge\\Mainline\\bin\\Release\\x64\\E3_3DRoutingBridge.exe&#xD;
[12:22:24]  Tool fertig: c:\\appveyor\\bin\\E3.3DRoutingBridge\\Mainline\\bin\\Release\\x64\\E3_3DRoutingBridge.exe : ExitCode 0&#xD;
[12:22:24]  test.NAME: KBL_MCAD_KP7_Testdaten_UAT3_31_01_2022_Thy_1&#xD;
[12:22:24]  preparedOutputFile: c:\appveyor\bin\E3.3DRoutingBridge\Mainline\E3.BridgeTest\TestFiles\KBL_Import_Tests\Results\2023-10-10--12-22-24_KBL_MCAD_KP7_Testdaten_UAT3_31_01_2022_Thy_1_temp.xml&#xD;
[12:22:24]  preparedReferenceFile: c:\appveyor\bin\E3.3DRoutingBridge\Mainline\E3.BridgeTest\TestFiles\KBL_Import_Tests\Results\2023-10-10--12-22-24_KBL_MCAD_KP7_Testdaten_UAT3_31_01_2022_Thy_1_ref_temp.xml&#xD;
[12:22:24]  Start CompareXML: xmlExportFileName: c:\appveyor\bin\E3.3DRoutingBridge\Mainline\E3.BridgeTest\TestFiles\KBL_Import_Tests\Results\2023-10-10--12-22-24_KBL_MCAD_KP7_Testdaten_UAT3_31_01_2022_Thy_1_temp.xml to xmlRefFileName: c:\appveyor\bin\E3.3DRoutingBridge\Mainline\E3.BridgeTest\TestFiles\KBL_Import_Tests\Results\2023-10-10--12-22-24_KBL_MCAD_KP7_Testdaten_UAT3_31_01_2022_Thy_1_ref_temp.xml&#xD;
[12:22:24]  Test KBL_MCAD_KP7_Testdaten_UAT3_31_01_2022_Thy_1 for Tool 3DRoutingBridge equal to Reference!&#xD;
[12:22:24]  Der Test  3DRoutingBridge is successful!&#xD;
[12:22:24]  TestCleanup</StdOut>
      </Output>
    </UnitTestResult>
    <UnitTestResult executionId="49419751-b3a7-4575-b9cd-1b059d311903" testId="00cf9b18-417c-4c7b-baad-0214c83c6198" testName="KBL_8893661179_CM1E_POWERPACK_HARNESS_HCA" computerName="F27715BE3A7B" duration="00:00:59.6583040" startTime="2023-10-10T12:04:27.5561754+02:00" endTime="2023-10-10T12:05:27.2088587+02:00" testType="13cdc9d9-ddb5-4fa4-a97d-d965ccfc6d4b" outcome="Passed" testListId="8c84fa94-04c1-424b-9868-57a2d4851a1d" relativeResultsDirectory="49419751-b3a7-4575-b9cd-1b059d311903">
      <Output>
        <StdOut>[12:04:27]  Start Test: KBL_8893661179_CM1E_POWERPACK_HARNESS_HCA&#xD;
[12:04:28]  Defining database with name Standard...
Given paths are: c:\appveyor\bin\E3.3DRoutingBridge\Mainline\E3.BridgeTest\TestFiles\KBL_Import_Tests\..\Databases\Standard\Components.mdb	c:\appveyor\bin\E3.3DRoutingBridge\Mainline\E3.BridgeTest\TestFiles\KBL_Import_Tests\..\Databases\Standard\symbols.mdb	c:\appveyor\bin\E3.3DRoutingBridge\Mainline\E3.BridgeTest\TestFiles\KBL_Import_Tests\..\Databases\Standard\Configuration.mdb&#xD;
[12:04:32]  Setting current database Standard&#xD;
[12:04:33]  E3 open project&#xD;
[12:04:34]  Doing repaircheck...&#xD;
[12:04:34]  Tool startet: c:\\appveyor\\bin\\E3.3DRoutingBridge\\Mainline\\bin\\Release\\x64\\E3_3DRoutingBridge.exe&#xD;
[12:05:26]  Tool fertig: c:\\appveyor\\bin\\E3.3DRoutingBridge\\Mainline\\bin\\Release\\x64\\E3_3DRoutingBridge.exe : ExitCode 0&#xD;
[12:05:26]  test.NAME: KBL_8893661179_CM1E_POWERPACK_HARNESS_HCA&#xD;
[12:05:26]  preparedOutputFile: c:\appveyor\bin\E3.3DRoutingBridge\Mainline\E3.BridgeTest\TestFiles\KBL_Import_Tests\Results\2023-10-10--12-05-26_KBL_8893661179_CM1E_POWERPACK_HARNESS_HCA_temp.xml&#xD;
[12:05:26]  preparedReferenceFile: c:\appveyor\bin\E3.3DRoutingBridge\Mainline\E3.BridgeTest\TestFiles\KBL_Import_Tests\Results\2023-10-10--12-05-26_KBL_8893661179_CM1E_POWERPACK_HARNESS_HCA_ref_temp.xml&#xD;
[12:05:26]  Start CompareXML: xmlExportFileName: c:\appveyor\bin\E3.3DRoutingBridge\Mainline\E3.BridgeTest\TestFiles\KBL_Import_Tests\Results\2023-10-10--12-05-26_KBL_8893661179_CM1E_POWERPACK_HARNESS_HCA_temp.xml to xmlRefFileName: c:\appveyor\bin\E3.3DRoutingBridge\Mainline\E3.BridgeTest\TestFiles\KBL_Import_Tests\Results\2023-10-10--12-05-26_KBL_8893661179_CM1E_POWERPACK_HARNESS_HCA_ref_temp.xml&#xD;
[12:05:27]  Test KBL_8893661179_CM1E_POWERPACK_HARNESS_HCA for Tool 3DRoutingBridge equal to Reference!&#xD;
[12:05:27]  Der Test  3DRoutingBridge is successful!&#xD;
[12:05:27]  TestCleanup</StdOut>
      </Output>
    </UnitTestResult>
    <UnitTestResult executionId="77fd28c7-9bee-410d-861c-b970b0017f07" testId="acab127d-0081-40c0-8c58-90219192a3e2" testName="KBL_SampleProductA_1" computerName="F27715BE3A7B" duration="00:01:10.5877086" startTime="2023-10-10T12:22:25.0065407+02:00" endTime="2023-10-10T12:23:35.5963925+02:00" testType="13cdc9d9-ddb5-4fa4-a97d-d965ccfc6d4b" outcome="Passed" testListId="8c84fa94-04c1-424b-9868-57a2d4851a1d" relativeResultsDirectory="77fd28c7-9bee-410d-861c-b970b0017f07">
      <Output>
        <StdOut>[12:22:25]  Start Test: KBL_SampleProductA_1&#xD;
[12:22:25]  Defining database with name Standard...
Given paths are: c:\appveyor\bin\E3.3DRoutingBridge\Mainline\E3.BridgeTest\TestFiles\KBL_Import_Tests\..\Databases\Standard\Components.mdb	c:\appveyor\bin\E3.3DRoutingBridge\Mainline\E3.BridgeTest\TestFiles\KBL_Import_Tests\..\Databases\Standard\symbols.mdb	c:\appveyor\bin\E3.3DRoutingBridge\Mainline\E3.BridgeTest\TestFiles\KBL_Import_Tests\..\Databases\Standard\Configuration.mdb&#xD;
[12:22:29]  Setting current database Standard&#xD;
[12:22:30]  E3 open project&#xD;
[12:22:31]  Doing repaircheck...&#xD;
[12:22:31]  Tool startet: c:\\appveyor\\bin\\E3.3DRoutingBridge\\Mainline\\bin\\Release\\x64\\E3_3DRoutingBridge.exe&#xD;
[12:23:35]  Tool fertig: c:\\appveyor\\bin\\E3.3DRoutingBridge\\Mainline\\bin\\Release\\x64\\E3_3DRoutingBridge.exe : ExitCode 0&#xD;
[12:23:35]  test.NAME: KBL_SampleProductA_1&#xD;
[12:23:35]  preparedOutputFile: c:\appveyor\bin\E3.3DRoutingBridge\Mainline\E3.BridgeTest\TestFiles\KBL_Import_Tests\Results\2023-10-10--12-23-35_KBL_SampleProductA_1_temp.xml&#xD;
[12:23:35]  preparedReferenceFile: c:\appveyor\bin\E3.3DRoutingBridge\Mainline\E3.BridgeTest\TestFiles\KBL_Import_Tests\Results\2023-10-10--12-23-35_KBL_SampleProductA_1_ref_temp.xml&#xD;
[12:23:35]  Start CompareXML: xmlExportFileName: c:\appveyor\bin\E3.3DRoutingBridge\Mainline\E3.BridgeTest\TestFiles\KBL_Import_Tests\Results\2023-10-10--12-23-35_KBL_SampleProductA_1_temp.xml to xmlRefFileName: c:\appveyor\bin\E3.3DRoutingBridge\Mainline\E3.BridgeTest\TestFiles\KBL_Import_Tests\Results\2023-10-10--12-23-35_KBL_SampleProductA_1_ref_temp.xml&#xD;
[12:23:35]  Test KBL_SampleProductA_1 for Tool 3DRoutingBridge equal to Reference!&#xD;
[12:23:35]  Der Test  3DRoutingBridge is successful!&#xD;
[12:23:35]  TestCleanup</StdOut>
      </Output>
    </UnitTestResult>
    <UnitTestResult executionId="ad0d3eba-6e08-4b4c-8a22-1d2198a83dd3" testId="38192c66-e749-4677-98b0-f21fd123aa64" testName="KBL_1D001826_CREO7_ASM" computerName="F27715BE3A7B" duration="00:01:12.6816762" startTime="2023-10-10T12:02:54.4607090+02:00" endTime="2023-10-10T12:04:07.1556656+02:00" testType="13cdc9d9-ddb5-4fa4-a97d-d965ccfc6d4b" outcome="Passed" testListId="8c84fa94-04c1-424b-9868-57a2d4851a1d" relativeResultsDirectory="ad0d3eba-6e08-4b4c-8a22-1d2198a83dd3">
      <Output>
        <StdOut>[12:02:54]  Start Test: KBL_1D001826_CREO7_ASM&#xD;
[12:02:55]  Defining database with name Standard...
Given paths are: c:\appveyor\bin\E3.3DRoutingBridge\Mainline\E3.BridgeTest\TestFiles\KBL_Import_Tests\..\Databases\Standard\Components.mdb	c:\appveyor\bin\E3.3DRoutingBridge\Mainline\E3.BridgeTest\TestFiles\KBL_Import_Tests\..\Databases\Standard\symbols.mdb	c:\appveyor\bin\E3.3DRoutingBridge\Mainline\E3.BridgeTest\TestFiles\KBL_Import_Tests\..\Databases\Standard\Configuration.mdb&#xD;
[12:02:59]  Setting current database Standard&#xD;
[12:03:00]  E3 open project&#xD;
[12:03:01]  Doing repaircheck...&#xD;
[12:03:01]  Tool startet: c:\\appveyor\\bin\\E3.3DRoutingBridge\\Mainline\\bin\\Release\\x64\\E3_3DRoutingBridge.exe&#xD;
[12:03:58]  Tool fertig: c:\\appveyor\\bin\\E3.3DRoutingBridge\\Mainline\\bin\\Release\\x64\\E3_3DRoutingBridge.exe : ExitCode 0&#xD;
[12:04:02]  test.NAME: KBL_1D001826_CREO7_ASM&#xD;
[12:04:02]  preparedOutputFile: c:\appveyor\bin\E3.3DRoutingBridge\Mainline\E3.BridgeTest\TestFiles\KBL_Import_Tests\Results\2023-10-10--12-04-01_KBL_1D001826_CREO7_ASM_temp.xml&#xD;
[12:04:02]  preparedReferenceFile: c:\appveyor\bin\E3.3DRoutingBridge\Mainline\E3.BridgeTest\TestFiles\KBL_Import_Tests\Results\2023-10-10--12-04-01_KBL_1D001826_CREO7_ASM_ref_temp.xml&#xD;
[12:04:02]  Start CompareXML: xmlExportFileName: c:\appveyor\bin\E3.3DRoutingBridge\Mainline\E3.BridgeTest\TestFiles\KBL_Import_Tests\Results\2023-10-10--12-04-01_KBL_1D001826_CREO7_ASM_temp.xml to xmlRefFileName: c:\appveyor\bin\E3.3DRoutingBridge\Mainline\E3.BridgeTest\TestFiles\KBL_Import_Tests\Results\2023-10-10--12-04-01_KBL_1D001826_CREO7_ASM_ref_temp.xml&#xD;
[12:04:06]  Test KBL_1D001826_CREO7_ASM for Tool 3DRoutingBridge equal to Reference!&#xD;
[12:04:06]  Der Test  3DRoutingBridge is successful!&#xD;
[12:04:06]  TestCleanup</StdOut>
      </Output>
    </UnitTestResult>
    <UnitTestResult executionId="41813aaf-db5a-4edd-9b72-64ce4d628d3f" testId="067842a7-784e-dd16-4838-cdb2f444dc1a" testName="KBL_A2135405416__________0030_3__a213_540_54_16_028_20161213_hcv_document" computerName="F27715BE3A7B" startTime="2023-10-10T12:09:38.5498792+02:00" endTime="2023-10-10T12:09:38.5498792+02:00" testType="13cdc9d9-ddb5-4fa4-a97d-d965ccfc6d4b" outcome="NotExecuted" testListId="8c84fa94-04c1-424b-9868-57a2d4851a1d" relativeResultsDirectory="41813aaf-db5a-4edd-9b72-64ce4d628d3f">
      <Output></Output>
    </UnitTestResult>
    <UnitTestResult executionId="3a2b3324-319c-4190-b3f8-cdda5b842166" testId="2ced3696-50e8-4967-8305-f20fdca86227" testName="KBL_0000432209_AS_HV_WIRING_EE_UNIT" computerName="F27715BE3A7B" duration="00:00:42.1272436" startTime="2023-10-10T12:00:30.9357927+02:00" endTime="2023-10-10T12:01:13.0639806+02:00" testType="13cdc9d9-ddb5-4fa4-a97d-d965ccfc6d4b" outcome="Passed" testListId="8c84fa94-04c1-424b-9868-57a2d4851a1d" relativeResultsDirectory="3a2b3324-319c-4190-b3f8-cdda5b842166">
      <Output>
        <StdOut>[12:00:30]  Start Test: KBL_0000432209_AS_HV_WIRING_EE_UNIT&#xD;
[12:00:31]  Defining database with name Standard...
Given paths are: c:\appveyor\bin\E3.3DRoutingBridge\Mainline\E3.BridgeTest\TestFiles\KBL_Import_Tests\..\Databases\Standard\Components.mdb	c:\appveyor\bin\E3.3DRoutingBridge\Mainline\E3.BridgeTest\TestFiles\KBL_Import_Tests\..\Databases\Standard\symbols.mdb	c:\appveyor\bin\E3.3DRoutingBridge\Mainline\E3.BridgeTest\TestFiles\KBL_Import_Tests\..\Databases\Standard\Configuration.mdb&#xD;
[12:00:35]  Setting current database Standard&#xD;
[12:00:36]  E3 open project&#xD;
[12:00:37]  Doing repaircheck...&#xD;
[12:00:37]  Tool startet: c:\\appveyor\\bin\\E3.3DRoutingBridge\\Mainline\\bin\\Release\\x64\\E3_3DRoutingBridge.exe&#xD;
[12:01:12]  Tool fertig: c:\\appveyor\\bin\\E3.3DRoutingBridge\\Mainline\\bin\\Release\\x64\\E3_3DRoutingBridge.exe : ExitCode 0&#xD;
[12:01:12]  test.NAME: KBL_0000432209_AS_HV_WIRING_EE_UNIT&#xD;
[12:01:12]  preparedOutputFile: c:\appveyor\bin\E3.3DRoutingBridge\Mainline\E3.BridgeTest\TestFiles\KBL_Import_Tests\Results\2023-10-10--12-01-12_KBL_0000432209_AS_HV_WIRING_EE_UNIT_temp.xml&#xD;
[12:01:12]  preparedReferenceFile: c:\appveyor\bin\E3.3DRoutingBridge\Mainline\E3.BridgeTest\TestFiles\KBL_Import_Tests\Results\2023-10-10--12-01-12_KBL_0000432209_AS_HV_WIRING_EE_UNIT_ref_temp.xml&#xD;
[12:01:12]  Start CompareXML: xmlExportFileName: c:\appveyor\bin\E3.3DRoutingBridge\Mainline\E3.BridgeTest\TestFiles\KBL_Import_Tests\Results\2023-10-10--12-01-12_KBL_0000432209_AS_HV_WIRING_EE_UNIT_temp.xml to xmlRefFileName: c:\appveyor\bin\E3.3DRoutingBridge\Mainline\E3.BridgeTest\TestFiles\KBL_Import_Tests\Results\2023-10-10--12-01-12_KBL_0000432209_AS_HV_WIRING_EE_UNIT_ref_temp.xml&#xD;
[12:01:12]  Test KBL_0000432209_AS_HV_WIRING_EE_UNIT for Tool 3DRoutingBridge equal to Reference!&#xD;
[12:01:12]  Der Test  3DRoutingBridge is successful!&#xD;
[12:01:12]  TestCleanup</StdOut>
      </Output>
    </UnitTestResult>
    <UnitTestResult executionId="0b4ee2f4-ea29-46fc-96c0-146ab9bfec1a" testId="f9e09f0c-b9e0-4f4c-a552-a45e3b24f4b4" testName="KBL_FourthSample" computerName="F27715BE3A7B" duration="00:00:21.2356898" startTime="2023-10-10T12:19:12.3813630+02:00" endTime="2023-10-10T12:19:33.6256668+02:00" testType="13cdc9d9-ddb5-4fa4-a97d-d965ccfc6d4b" outcome="Passed" testListId="8c84fa94-04c1-424b-9868-57a2d4851a1d" relativeResultsDirectory="0b4ee2f4-ea29-46fc-96c0-146ab9bfec1a">
      <Output>
        <StdOut>[12:19:12]  Start Test: KBL_FourthSample&#xD;
[12:19:13]  Defining database with name Standard...
Given paths are: c:\appveyor\bin\E3.3DRoutingBridge\Mainline\E3.BridgeTest\TestFiles\KBL_Import_Tests\..\Databases\Standard\Components.mdb	c:\appveyor\bin\E3.3DRoutingBridge\Mainline\E3.BridgeTest\TestFiles\KBL_Import_Tests\..\Databases\Standard\symbols.mdb	c:\appveyor\bin\E3.3DRoutingBridge\Mainline\E3.BridgeTest\TestFiles\KBL_Import_Tests\..\Databases\Standard\Configuration.mdb&#xD;
[12:19:17]  Setting current database Standard&#xD;
[12:19:18]  E3 open project&#xD;
[12:19:18]  Doing repaircheck...&#xD;
[12:19:19]  Tool startet: c:\\appveyor\\bin\\E3.3DRoutingBridge\\Mainline\\bin\\Release\\x64\\E3_3DRoutingBridge.exe&#xD;
[12:19:33]  Tool fertig: c:\\appveyor\\bin\\E3.3DRoutingBridge\\Mainline\\bin\\Release\\x64\\E3_3DRoutingBridge.exe : ExitCode 0&#xD;
[12:19:33]  test.NAME: KBL_FourthSample&#xD;
[12:19:33]  preparedOutputFile: c:\appveyor\bin\E3.3DRoutingBridge\Mainline\E3.BridgeTest\TestFiles\KBL_Import_Tests\Results\2023-10-10--12-19-33_KBL_FourthSample_temp.xml&#xD;
[12:19:33]  preparedReferenceFile: c:\appveyor\bin\E3.3DRoutingBridge\Mainline\E3.BridgeTest\TestFiles\KBL_Import_Tests\Results\2023-10-10--12-19-33_KBL_FourthSample_ref_temp.xml&#xD;
[12:19:33]  Start CompareXML: xmlExportFileName: c:\appveyor\bin\E3.3DRoutingBridge\Mainline\E3.BridgeTest\TestFiles\KBL_Import_Tests\Results\2023-10-10--12-19-33_KBL_FourthSample_temp.xml to xmlRefFileName: c:\appveyor\bin\E3.3DRoutingBridge\Mainline\E3.BridgeTest\TestFiles\KBL_Import_Tests\Results\2023-10-10--12-19-33_KBL_FourthSample_ref_temp.xml&#xD;
[12:19:33]  Test KBL_FourthSample for Tool 3DRoutingBridge equal to Reference!&#xD;
[12:19:33]  Der Test  3DRoutingBridge is successful!&#xD;
[12:19:33]  TestCleanup</StdOut>
      </Output>
    </UnitTestResult>
    <UnitTestResult executionId="aed3300c-3a2f-4aa7-853b-169708c94f73" testId="36d7e872-e5ea-a3c9-2b20-97e7914bc436" testName="KBL_BMW_77967_MZ_KAROSSERIE_G07_LL_PVL" computerName="F27715BE3A7B" startTime="2023-10-10T12:11:28.9828626+02:00" endTime="2023-10-10T12:11:28.9828626+02:00" testType="13cdc9d9-ddb5-4fa4-a97d-d965ccfc6d4b" outcome="NotExecuted" testListId="8c84fa94-04c1-424b-9868-57a2d4851a1d" relativeResultsDirectory="aed3300c-3a2f-4aa7-853b-169708c94f73">
      <Output></Output>
    </UnitTestResult>
    <UnitTestResult executionId="cbcb0498-93b5-4fb4-bcb4-f219dda3e2ed" testId="01cad006-abeb-4ea0-8293-2c062aaad4b3" testName="KBL_WIRE_HARN_ASSM_FLOOR_STBD_MK1_SAM1_1" computerName="F27715BE3A7B" duration="00:01:48.7771567" startTime="2023-10-10T12:24:43.8148692+02:00" endTime="2023-10-10T12:26:32.7184021+02:00" testType="13cdc9d9-ddb5-4fa4-a97d-d965ccfc6d4b" outcome="Passed" testListId="8c84fa94-04c1-424b-9868-57a2d4851a1d" relativeResultsDirectory="cbcb0498-93b5-4fb4-bcb4-f219dda3e2ed">
      <Output>
        <StdOut>[12:24:43]  Start Test: KBL_WIRE_HARN_ASSM_FLOOR_STBD_MK1_SAM1_1&#xD;
[12:24:44]  Defining database with name Standard...
Given paths are: c:\appveyor\bin\E3.3DRoutingBridge\Mainline\E3.BridgeTest\TestFiles\KBL_Import_Tests\..\Databases\Standard\Components.mdb	c:\appveyor\bin\E3.3DRoutingBridge\Mainline\E3.BridgeTest\TestFiles\KBL_Import_Tests\..\Databases\Standard\symbols.mdb	c:\appveyor\bin\E3.3DRoutingBridge\Mainline\E3.BridgeTest\TestFiles\KBL_Import_Tests\..\Databases\Standard\Configuration.mdb&#xD;
[12:24:48]  Setting current database Standard&#xD;
[12:24:49]  E3 open project&#xD;
[12:24:49]  Doing repaircheck...&#xD;
[12:24:50]  Tool startet: c:\\appveyor\\bin\\E3.3DRoutingBridge\\Mainline\\bin\\Release\\x64\\E3_3DRoutingBridge.exe&#xD;
[12:26:31]  Tool fertig: c:\\appveyor\\bin\\E3.3DRoutingBridge\\Mainline\\bin\\Release\\x64\\E3_3DRoutingBridge.exe : ExitCode 0&#xD;
[12:26:32]  test.NAME: KBL_WIRE_HARN_ASSM_FLOOR_STBD_MK1_SAM1_1&#xD;
[12:26:32]  preparedOutputFile: c:\appveyor\bin\E3.3DRoutingBridge\Mainline\E3.BridgeTest\TestFiles\KBL_Import_Tests\Results\2023-10-10--12-26-31_KBL_WIRE_HARN_ASSM_FLOOR_STBD_MK1_SAM1_1_temp.xml&#xD;
[12:26:32]  preparedReferenceFile: c:\appveyor\bin\E3.3DRoutingBridge\Mainline\E3.BridgeTest\TestFiles\KBL_Import_Tests\Results\2023-10-10--12-26-31_KBL_WIRE_HARN_ASSM_FLOOR_STBD_MK1_SAM1_1_ref_temp.xml&#xD;
[12:26:32]  Start CompareXML: xmlExportFileName: c:\appveyor\bin\E3.3DRoutingBridge\Mainline\E3.BridgeTest\TestFiles\KBL_Import_Tests\Results\2023-10-10--12-26-31_KBL_WIRE_HARN_ASSM_FLOOR_STBD_MK1_SAM1_1_temp.xml to xmlRefFileName: c:\appveyor\bin\E3.3DRoutingBridge\Mainline\E3.BridgeTest\TestFiles\KBL_Import_Tests\Results\2023-10-10--12-26-31_KBL_WIRE_HARN_ASSM_FLOOR_STBD_MK1_SAM1_1_ref_temp.xml&#xD;
[12:26:32]  Test KBL_WIRE_HARN_ASSM_FLOOR_STBD_MK1_SAM1_1 for Tool 3DRoutingBridge equal to Reference!&#xD;
[12:26:32]  Der Test  3DRoutingBridge is successful!&#xD;
[12:26:32]  TestCleanup&#xD;

_____________________E3 output below_____________________
&#xD;
 E3: E³.series 2024 (Oct 10 2023 11:15:29 Build 25.00-Develop @264160) 64 Bit&#xD;
 E3: Workspace 'C:\Users\ContainerAdministrator\AppData\Roaming\Zuken\E3.series\25.0\workspace-cable-44.xml' could not be found. Workspace could not be opened!&#xD;
 E3: Project C:\fe4e93ab-f059-47bd-be8f-ce90468f279e\temp.e3s created.&#xD;
 E3: I - Item Validation enabled&#xD;
 E3: I - Validating project&#xD;
 E3: I - Validation enabled for this project&#xD;
 E3: I - Closing project 'temp' without saving modifications...&#xD;
 E3: I - Opening Project  c:\appveyor\bin\E3.3DRoutingBridge\Mainline\E3.BridgeTest\TestFiles\Templates\Empty.e3s&#xD;
 E3: I - Updating internal structures: 200 cycles up to version 2505...&#xD;
 E3: 2305 &#xD;
 E3: 2306 &#xD;
 E3: 2307 &#xD;
 E3: 2308 &#xD;
 E3: 2309 &#xD;
 E3: 2310 &#xD;
 E3: 2311 &#xD;
 E3: 2312 &#xD;
 E3: 2399 &#xD;
 E3: 2400 &#xD;
 E3: 2401 &#xD;
 E3: 2402 &#xD;
 E3: 2403 &#xD;
 E3: 2404 &#xD;
 E3: 2405 &#xD;
 E3: 2406 &#xD;
 E3: 2407 &#xD;
 E3: 2408 &#xD;
 E3: 2499 &#xD;
 E3: 2500 &#xD;
 E3: 2501 &#xD;
 E3: 2502 &#xD;
 E3: 2503 &#xD;
 E3: 2504 &#xD;
 E3: OK.&#xD;
 E3: Project c:\appveyor\bin\E3.3DRoutingBridge\Mainline\E3.BridgeTest\TestFiles\Templates\Empty.e3s opened.&#xD;
 E3: W - Project has been opened in READ ONLY mode, you can't save any changes to the existing project!&#xD;
 E3: I - Item Validation enabled&#xD;
 E3: I - Validating project&#xD;
 E3: I - Validation enabled for this project&#xD;
 E3: repair_check_extended(0)&#xD;
 E3: --------------------------------------------------------------------------&#xD;
 E3: consistency check (17)....
&#xD;
 E3: ....
&#xD;
 E3: dump lost....
&#xD;
 E3: ....
&#xD;
 E3: new consistency check (45) and dump lost items (46)....
&#xD;
 E3: ....
&#xD;
 E3: - done -------------------------------------------------------------------
&#xD;
 E3: I - No known issues found&#xD;
 E3: Starting Harness Import import&#xD;
 E3: I - Loading HD36-24-18-PN as mating connector of HD34-24-18-SN... &#xD;
 E3: I - Loading COMMON-C-B-AWG16 as crimp contact of HD34-24-18-SN... &#xD;
 E3: I - Loading COMMON-C-B-AWG8 as crimp contact of HD34-24-18-SN.1... &#xD;
 E3: I - Loading COMMON-C-B-AWG12 as crimp contact of HD34-24-18-SN.6... &#xD;
 E3: I - Loading COMMON-C-S-AWG16 as crimp contact of HD36-24-18-PN... &#xD;
 E3: I - Loading COMMON-C-S-AWG8 as crimp contact of HD36-24-18-PN.1... &#xD;
 E3: I - Loading COMMON-C-S-AWG12 as crimp contact of HD36-24-18-PN.6... &#xD;
 E3: I - Loading DT06-6S as mating connector of DT04-6P... &#xD;
 E3: I - Loading DT-C-S-AWG14-16 as crimp contact of DT04-6P... &#xD;
 E3: I - Loading DT-C-S-AWG16-18 as crimp contact of DT04-6P... &#xD;
 E3: I - Loading DT-C-B-AWG14-16 as crimp contact of DT06-6S... &#xD;
 E3: I - Loading DT-C-B-AWG16-18 as crimp contact of DT06-6S... &#xD;
 E3: I - Loading DT06-4S as mating connector of DT04-4P... &#xD;
 E3: I - Loading DT06-3S as mating connector of DT04-3P... &#xD;
 E3: I - Loading DTM06-4S as mating connector of DTM04-4P... &#xD;
 E3: I - Loading DTM-C-S-AWG20-24 as crimp contact of DTM04-4P... &#xD;
 E3: I - Loading DTM-C-B-AWG20-24 as crimp contact of DTM06-4S... &#xD;
 E3: I - Loading DTM06-2S as mating connector of DTM04-2P... &#xD;
 E3: I - Loading DT04-12P as mating connector of DT06-12S... &#xD;
 E3: W - Component BN20372_3442946 not found in database !&#xD;
 E3: W - Cannot load Component 'BN20372_3442946' from database - look in output window for details... &#xD;
 E3: E - Cannot create new device 'X10' with component 'BN20372_3442946'&#xD;
 E3: I - Loading DTM04-6P as mating connector of DTM06-6S... &#xD;
 E3: I - Loading DTM04-3P as mating connector of DTM06-3S... &#xD;
 E3: I - Wire '1' has been created with default wire group 'DefaultWireGroup' and wire 'DefaultWire'.&#xD;
 E3: I - Wire '2' has been created with default wire group 'DefaultWireGroup' and wire 'DefaultWire'.&#xD;
 E3: I - Wire '3' has been created with default wire group 'DefaultWireGroup' and wire 'DefaultWire'.&#xD;
 E3: I - Wire '4' has been created with default wire group 'DefaultWireGroup' and wire 'DefaultWire'.&#xD;
 E3: I - Wire '5' has been created with default wire group 'DefaultWireGroup' and wire 'DefaultWire'.&#xD;
 E3: I - Wire '6' has been created with default wire group 'DefaultWireGroup' and wire 'DefaultWire'.&#xD;
 E3: I - Wire '7' has been created with default wire group 'DefaultWireGroup' and wire 'DefaultWire'.&#xD;
 E3: I - Wire '8' has been created with default wire group 'DefaultWireGroup' and wire 'DefaultWire'.&#xD;
 E3: I - Wire '9' has been created with default wire group 'DefaultWireGroup' and wire 'DefaultWire'.&#xD;
 E3: I - Wire '10' has been created with default wire group 'DefaultWireGroup' and wire 'DefaultWire'.&#xD;
 E3: I - Wire '11' has been created with default wire group 'DefaultWireGroup' and wire 'DefaultWire'.&#xD;
 E3: I - Wire '12' has been created with default wire group 'DefaultWireGroup' and wire 'DefaultWire'.&#xD;
 E3: I - Wire '13' has been created with default wire group 'DefaultWireGroup' and wire 'DefaultWire'.&#xD;
 E3: I - Wire '14' has been created with default wire group 'DefaultWireGroup' and wire 'DefaultWire'.&#xD;
 E3: I - Wire '15' has been created with default wire group 'DefaultWireGroup' and wire 'DefaultWire'.&#xD;
 E3: I - Wire '16' has been created with default wire group 'DefaultWireGroup' and wire 'DefaultWire'.&#xD;
 E3: I - Wire '17' has been created with default wire group 'DefaultWireGroup' and wire 'DefaultWire'.&#xD;
 E3: I - Wire '18' has been created with default wire group 'DefaultWireGroup' and wire 'DefaultWire'.&#xD;
 E3: I - Wire '19' has been created with default wire group 'DefaultWireGroup' and wire 'DefaultWire'.&#xD;
 E3: I - Wire '20' has been created with default wire group 'DefaultWireGroup' and wire 'DefaultWire'.&#xD;
 E3: I - Wire '21' has been created with default wire group 'DefaultWireGroup' and wire 'DefaultWire'.&#xD;
 E3: I - Wire '22' has been created with default wire group 'DefaultWireGroup' and wire 'DefaultWire'.&#xD;
 E3: I - Wire '23' has been created with default wire group 'DefaultWireGroup' and wire 'DefaultWire'.&#xD;
 E3: I - Wire '24' has been created with default wire group 'DefaultWireGroup' and wire 'DefaultWire'.&#xD;
 E3: I - Wire '25' has been created with default wire group 'DefaultWireGroup' and wire 'DefaultWire'.&#xD;
 E3: I - Wire '27' has been created with default wire group 'DefaultWireGroup' and wire 'DefaultWire'.&#xD;
 E3: I - Wire '28' has been created with default wire group 'DefaultWireGroup' and wire 'DefaultWire'.&#xD;
 E3: I - Wire '29' has been created with default wire group 'DefaultWireGroup' and wire 'DefaultWire'.&#xD;
 E3: I - Wire '30' has been created with default wire group 'DefaultWireGroup' and wire 'DefaultWire'.&#xD;
 E3: I - Wire '31' has been created with default wire group 'DefaultWireGroup' and wire 'DefaultWire'.&#xD;
 E3: I - Wire '32' has been created with default wire group 'DefaultWireGroup' and wire 'DefaultWire'.&#xD;
 E3: I - Wire '33' has been created with default wire group 'DefaultWireGroup' and wire 'DefaultWire'.&#xD;
 E3: I - Wire '34' has been created with default wire group 'DefaultWireGroup' and wire 'DefaultWire'.&#xD;
 E3: I - Formboard sheet '__001' was created.&#xD;
 E3: I - Closing project 'Empty' without saving modifications...&#xD;
 E3: Project c:\appveyor\bin\E3.3DRoutingBridge\Mainline\E3.BridgeTest\TestFiles\Templates\temp.e3s created.&#xD;
 E3: I - Item Validation enabled&#xD;
 E3: I - Validating project&#xD;
 E3: I - Validation enabled for this project&#xD;
 E3: I - Closing project 'temp' without saving modifications...&#xD;
 E3: I - Opening Project  c:\appveyor\bin\E3.3DRoutingBridge\Mainline\E3.BridgeTest\TestFiles\Templates\Empty.e3s&#xD;
 E3: I - Updating internal structures: 200 cycles up to version 2505...&#xD;
 E3: 2305 &#xD;
 E3: 2306 &#xD;
 E3: 2307 &#xD;
 E3: 2308 &#xD;
 E3: 2309 &#xD;
 E3: 2310 &#xD;
 E3: 2311 &#xD;
 E3: 2312 &#xD;
 E3: 2399 &#xD;
 E3: 2400 &#xD;
 E3: 2401 &#xD;
 E3: 2402 &#xD;
 E3: 2403 &#xD;
 E3: 2404 &#xD;
 E3: 2405 &#xD;
 E3: 2406 &#xD;
 E3: 2407 &#xD;
 E3: 2408 &#xD;
 E3: 2499 &#xD;
 E3: 2500 &#xD;
 E3: 2501 &#xD;
 E3: 2502 &#xD;
 E3: 2503 &#xD;
 E3: 2504 &#xD;
 E3: OK.&#xD;
 E3: Project c:\appveyor\bin\E3.3DRoutingBridge\Mainline\E3.BridgeTest\TestFiles\Templates\Empty.e3s opened.&#xD;
 E3: W - Project has been opened in READ ONLY mode, you can't save any changes to the existing project!&#xD;
 E3: I - Item Validation enabled&#xD;
 E3: I - Validating project&#xD;
 E3: I - Validation enabled for this project&#xD;
 E3: repair_check_extended(0)&#xD;
 E3: --------------------------------------------------------------------------&#xD;
 E3: consistency check (17)....
&#xD;
 E3: ....
&#xD;
 E3: dump lost....
&#xD;
 E3: ....
&#xD;
 E3: new consistency check (45) and dump lost items (46)....
&#xD;
 E3: ....
&#xD;
 E3: - done -------------------------------------------------------------------
&#xD;
 E3: I - No known issues found&#xD;
 E3: Starting Harness Import import&#xD;
 E3: W - Component 34111 not found in database !&#xD;
 E3: W - Cannot load Component '34111' from database - look in output window for details... &#xD;
 E3: E - Cannot create new device '-X49' with component '34111'&#xD;
 E3: W - Component 130017 not found in database !&#xD;
 E3: W - Cannot load Component '130017' from database - look in output window for details... &#xD;
 E3: E - Cannot create new device '-X36' with component '130017'&#xD;
 E3: W - Component 34111 not found in database !&#xD;
 E3: W - Cannot load Component '34111' from database - look in output window for details... &#xD;
 E3: E - Cannot create new device '-X39' with component '34111'&#xD;
 E3: W - Component 936119-1 not found in database !&#xD;
 E3: W - Cannot load Component '936119-1' from database - look in output window for details... &#xD;
 E3: E - Cannot create new device '-X35' with component '936119-1'&#xD;
 E3: W - Component 936119-1 not found in database !&#xD;
 E3: W - Cannot load Component '936119-1' from database - look in output window for details... &#xD;
 E3: E - Cannot create new device '-X33' with component '936119-1'&#xD;
 E3: W - Component 34111 not found in database !&#xD;
 E3: W - Cannot load Component '34111' from database - look in output window for details... &#xD;
 E3: E - Cannot create new device '-X200' with component '34111'&#xD;
 E3: W - Component 130017 not found in database !&#xD;
 E3: W - Cannot load Component '130017' from database - look in output window for details... &#xD;
 E3: E - Cannot create new device '-X43' with component '130017'&#xD;
 E3: W - Component 34111 not found in database !&#xD;
 E3: W - Cannot load Component '34111' from database - look in output window for details... &#xD;
 E3: E - Cannot create new device '-X38' with component '34111'&#xD;
 E3: W - Component 130017 not found in database !&#xD;
 E3: W - Cannot load Component '130017' from database - look in output window for details... &#xD;
 E3: E - Cannot create new device '-X37' with component '130017'&#xD;
 E3: W - Component 1-917659-6 not found in database !&#xD;
 E3: W - Cannot load Component '1-917659-6' from database - look in output window for details... &#xD;
 E3: E - Cannot create new device '-X24' with component '1-917659-6'&#xD;
 E3: W - Component 936119-1 not found in database !&#xD;
 E3: W - Cannot load Component '936119-1' from database - look in output window for details... &#xD;
 E3: E - Cannot create new device '-X34' with component '936119-1'&#xD;
 E3: W - Component 34111 not found in database !&#xD;
 E3: W - Cannot load Component '34111' from database - look in output window for details... &#xD;
 E3: E - Cannot create new device '-X47' with component '34111'&#xD;
 E3: W - Component 34111 not found in database !&#xD;
 E3: W - Cannot load Component '34111' from database - look in output window for details... &#xD;
 E3: E - Cannot create new device '-X53' with component '34111'&#xD;
 E3: W - Component 1-1355397-3 not found in database !&#xD;
 E3: W - Cannot load Component '1-1355397-3' from database - look in output window for details... &#xD;
 E3: E - Cannot create new device '-X17' with component '1-1355397-3'&#xD;
 E3: W - Component 130017 not found in database !&#xD;
 E3: W - Cannot load Component '130017' from database - look in output window for details... &#xD;
 E3: E - Cannot create new device '-X40' with component '130017'&#xD;
 E3: W - Component 130017 not found in database !&#xD;
 E3: W - Cannot load Component '130017' from database - look in output window for details... &#xD;
 E3: E - Cannot create new device '-X25' with component '130017'&#xD;
 E3: W - Component 34111 not found in database !&#xD;
 E3: W - Cannot load Component '34111' from database - look in output window for details... &#xD;
 E3: E - Cannot create new device '-X27' with component '34111'&#xD;
 E3: W - Component 130017 not found in database !&#xD;
 E3: W - Cannot load Component '130017' from database - look in output window for details... &#xD;
 E3: E - Cannot create new device '-X29' with component '130017'&#xD;
 E3: W - Component 170725-2 not found in database !&#xD;
 E3: W - Cannot load Component '170725-2' from database - look in output window for details... &#xD;
 E3: E - Cannot create new device '-X201' with component '170725-2'&#xD;
 E3: W - Component 34111 not found in database !&#xD;
 E3: W - Cannot load Component '34111' from database - look in output window for details... &#xD;
 E3: E - Cannot create new device '-X32' with component '34111'&#xD;
 E3: W - Component 170725-2 not found in database !&#xD;
 E3: W - Cannot load Component '170725-2' from database - look in output window for details... &#xD;
 E3: E - Cannot create new device '-X202' with component '170725-2'&#xD;
 E3: W - Component 3-350819-2 not found in database !&#xD;
 E3: W - Cannot load Component '3-350819-2' from database - look in output window for details... &#xD;
 E3: E - Cannot create new device '-X51' with component '3-350819-2'&#xD;
 E3: W - Component 3-350819-2 not found in database !&#xD;
 E3: W - Cannot load Component '3-350819-2' from database - look in output window for details... &#xD;
 E3: E - Cannot create new device '-X50' with component '3-350819-2'&#xD;
 E3: W - Component 34111 not found in database !&#xD;
 E3: W - Cannot load Component '34111' from database - look in output window for details... &#xD;
 E3: E - Cannot create new device '-X42' with component '34111'&#xD;
 E3: W - Component 34111 not found in database !&#xD;
 E3: W - Cannot load Component '34111' from database - look in output window for details... &#xD;
 E3: E - Cannot create new device '-X48' with component '34111'&#xD;
 E3: W - Component 34111 not found in database !&#xD;
 E3: W - Cannot load Component '34111' from database - look in output window for details... &#xD;
 E3: E - Cannot create new device '-X46' with component '34111'&#xD;
 E3: W - Component 34111 not found in database !&#xD;
 E3: W - Cannot load Component '34111' from database - look in output window for details... &#xD;
 E3: E - Cannot create new device '-X52' with component '34111'&#xD;
 E3: W - Component 3-520132-2 not found in database !&#xD;
 E3: W - Cannot load Component '3-520132-2' from database - look in output window for details... &#xD;
 E3: E - Cannot create new device '-X44' with component '3-520132-2'&#xD;
 E3: W - Component 3-520132-2 not found in database !&#xD;
 E3: W - Cannot load Component '3-520132-2' from database - look in output window for details... &#xD;
 E3: E - Cannot create new device '-X45' with component '3-520132-2'&#xD;
 E3: Fixing '-FE01' can not be imported. It has no component code and no default component for fixings is defined!&#xD;
 E3: Fixing '-FE02' can not be imported. It has no component code and no default component for fixings is defined!&#xD;
 E3: Fixing '-FE03' can not be imported. It has no component code and no default component for fixings is defined!&#xD;
 E3: Fixing '-FE04' can not be imported. It has no component code and no default component for fixings is defined!&#xD;
 E3: Fixing '-FE05' can not be imported. It has no component code and no default component for fixings is defined!&#xD;
 E3: Fixing '-FE06' can not be imported. It has no component code and no default component for fixings is defined!&#xD;
 E3: Fixing '-FE07' can not be imported. It has no component code and no default component for fixings is defined!&#xD;
 E3: Fixing '-FE08' can not be imported. It has no component code and no default component for fixings is defined!&#xD;
 E3: Fixing '-FE09' can not be imported. It has no component code and no default component for fixings is defined!&#xD;
 E3: Fixing '-FE10' can not be imported. It has no component code and no default component for fixings is defined!&#xD;
 E3: Fixing '-FE11' can not be imported. It has no component code and no default component for fixings is defined!&#xD;
 E3: Fixing '-FE12' can not be imported. It has no component code and no default component for fixings is defined!&#xD;
 E3: Fixing '-FE13' can not be imported. It has no component code and no default component for fixings is defined!&#xD;
 E3: Fixing '-FE14' can not be imported. It has no component code and no default component for fixings is defined!&#xD;
 E3: Fixing '-FE15' can not be imported. It has no component code and no default component for fixings is defined!&#xD;
 E3: Fixing '-FE16' can not be imported. It has no component code and no default component for fixings is defined!&#xD;
 E3: Fixing '-FE17' can not be imported. It has no component code and no default component for fixings is defined!&#xD;
 E3: Fixing '-FE18' can not be imported. It has no component code and no default component for fixings is defined!&#xD;
 E3: Fixing '-FE19' can not be imported. It has no component code and no default component for fixings is defined!&#xD;
 E3: Fixing '-FE20' can not be imported. It has no component code and no default component for fixings is defined!&#xD;
 E3: Fixing '-FE21' can not be imported. It has no component code and no default component for fixings is defined!&#xD;
 E3: Fixing '-FE22' can not be imported. It has no component code and no default component for fixings is defined!&#xD;
 E3: Fixing '-FE23' can not be imported. It has no component code and no default component for fixings is defined!&#xD;
 E3: Fixing '-FE24' can not be imported. It has no component code and no default component for fixings is defined!&#xD;
 E3: Fixing '-FE25' can not be imported. It has no component code and no default component for fixings is defined!&#xD;
 E3: Fixing '-FE26' can not be imported. It has no component code and no default component for fixings is defined!&#xD;
 E3: Fixing '-FE27' can not be imported. It has no component code and no default component for fixings is defined!&#xD;
 E3: Fixing '-FE28' can not be imported. It has no component code and no default component for fixings is defined!&#xD;
 E3: Fixing '-FE29' can not be imported. It has no component code and no default component for fixings is defined!&#xD;
 E3: I - Formboard sheet '0000432209_AS_HV_WIRING_EE_UNIT' was created.&#xD;
 E3: I - Closing project 'Empty' without saving modifications...&#xD;
 E3: Project c:\appveyor\bin\E3.3DRoutingBridge\Mainline\E3.BridgeTest\TestFiles\Templates\temp.e3s created.&#xD;
 E3: I - Item Validation enabled&#xD;
 E3: I - Validating project&#xD;
 E3: I - Validation enabled for this project&#xD;
 E3: I - Closing project 'temp' without saving modifications...&#xD;
 E3: I - Opening Project  c:\appveyor\bin\E3.3DRoutingBridge\Mainline\E3.BridgeTest\TestFiles\Templates\Empty.e3s&#xD;
 E3: I - Updating internal structures: 200 cycles up to version 2505...&#xD;
 E3: 2305 &#xD;
 E3: 2306 &#xD;
 E3: 2307 &#xD;
 E3: 2308 &#xD;
 E3: 2309 &#xD;
 E3: 2310 &#xD;
 E3: 2311 &#xD;
 E3: 2312 &#xD;
 E3: 2399 &#xD;
 E3: 2400 &#xD;
 E3: 2401 &#xD;
 E3: 2402 &#xD;
 E3: 2403 &#xD;
 E3: 2404 &#xD;
 E3: 2405 &#xD;
 E3: 2406 &#xD;
 E3: 2407 &#xD;
 E3: 2408 &#xD;
 E3: 2499 &#xD;
 E3: 2500 &#xD;
 E3: 2501 &#xD;
 E3: 2502 &#xD;
 E3: 2503 &#xD;
 E3: 2504 &#xD;
 E3: OK.&#xD;
 E3: Project c:\appveyor\bin\E3.3DRoutingBridge\Mainline\E3.BridgeTest\TestFiles\Templates\Empty.e3s opened.&#xD;
 E3: W - Project has been opened in READ ONLY mode, you can't save any changes to the existing project!&#xD;
 E3: I - Item Validation enabled&#xD;
 E3: I - Validating project&#xD;
 E3: I - Validation enabled for this project&#xD;
 E3: repair_check_extended(0)&#xD;
 E3: --------------------------------------------------------------------------&#xD;
 E3: consistency check (17)....
&#xD;
 E3: ....
&#xD;
 E3: dump lost....
&#xD;
 E3: ....
&#xD;
 E3: new consistency check (45) and dump lost items (46)....
&#xD;
 E3: ....
&#xD;
 E3: - done -------------------------------------------------------------------
&#xD;
 E3: I - No known issues found&#xD;
 E3: Starting Harness Import import&#xD;
 E3: W - Component CUT-EXTRUDE2 not found in database !&#xD;
 E3: W - Cannot load Component 'CUT-EXTRUDE2' from database - look in output window for details... &#xD;
 E3: E - Cannot create new device 'CUT-EXTRUDE2' with component 'CUT-EXTRUDE2'&#xD;
 E3: W - Component 10-910-000443-A0_01_MODEL not found in database !&#xD;
 E3: W - Cannot load Component '10-910-000443-A0_01_MODEL' from database - look in output window for details... &#xD;
 E3: E - Cannot create new device '10-910-000443-A0_01_MODEL' with component '10-910-000443-A0_01_MODEL'&#xD;
 E3: Fixing '10-900-000100-A0_03_MODEL' can not be imported. It has no component code and no default component for fixings is defined!&#xD;
 E3: Fixing '10-900-000100-A0_03_MODEL' can not be imported. It has no component code and no default component for fixings is defined!&#xD;
 E3: Fixing '10-900-000100-A0_03_MODEL' can not be imported. It has no component code and no default component for fixings is defined!&#xD;
 E3: Fixing '10-810-001227-A0_01_MODEL' can not be imported. It has no component code and no default component for fixings is defined!&#xD;
 E3: Protection 'Overstock (1)' can not be imported. It has no component code and no default component for protections is defined!&#xD;
 E3: Protection 'Overstock (2)' can not be imported. It has no component code and no default component for protections is defined!&#xD;
 E3: Protection 'Overstock (3)' can not be imported. It has no component code and no default component for protections is defined!&#xD;
 E3: Protection 'Overstock (4)' can not be imported. It has no component code and no default component for protections is defined!&#xD;
 E3: Protection 'Overstock (5)' can not be imported. It has no component code and no default component for protections is defined!&#xD;
 E3: Protection 'Overstock (6)' can not be imported. It has no component code and no default component for protections is defined!&#xD;
 E3: Protection 'Overstock (7)' can not be imported. It has no component code and no default component for protections is defined!&#xD;
 E3: Protection 'Overstock (8)' can not be imported. It has no component code and no default component for protections is defined!&#xD;
 E3: Protection 'Overstock (9)' can not be imported. It has no component code and no default component for protections is defined!&#xD;
 E3: Protection 'Overstock (10)' can not be imported. It has no component code and no default component for protections is defined!&#xD;
 E3: Protection 'Overstock (11)' can not be imported. It has no component code and no default component for protections is defined!&#xD;
 E3: Protection 'Overstock (12)' can not be imported. It has no component code and no default component for protections is defined!&#xD;
 E3: Protection 'Overstock (13)' can not be imported. It has no component code and no default component for protections is defined!&#xD;
 E3: Protection 'Overstock (14)' can not be imported. It has no component code and no default component for protections is defined!&#xD;
 E3: I - Formboard sheet '10-400-000651-A1_01' was created.&#xD;
 E3: I - Closing project 'Empty' without saving modifications...&#xD;
 E3: Project c:\appveyor\bin\E3.3DRoutingBridge\Mainline\E3.BridgeTest\TestFiles\Templates\temp.e3s created.&#xD;
 E3: I - Item Validation enabled&#xD;
 E3: I - Validating project&#xD;
 E3: I - Validation enabled for this project&#xD;
 E3: I - Closing project 'temp' without saving modifications...&#xD;
 E3: I - Opening Project  c:\appveyor\bin\E3.3DRoutingBridge\Mainline\E3.BridgeTest\TestFiles\Templates\Empty.e3s&#xD;
 E3: I - Updating internal structures: 200 cycles up to version 2505...&#xD;
 E3: 2305 &#xD;
 E3: 2306 &#xD;
 E3: 2307 &#xD;
 E3: 2308 &#xD;
 E3: 2309 &#xD;
 E3: 2310 &#xD;
 E3: 2311 &#xD;
 E3: 2312 &#xD;
 E3: 2399 &#xD;
 E3: 2400 &#xD;
 E3: 2401 &#xD;
 E3: 2402 &#xD;
 E3: 2403 &#xD;
 E3: 2404 &#xD;
 E3: 2405 &#xD;
 E3: 2406 &#xD;
 E3: 2407 &#xD;
 E3: 2408 &#xD;
 E3: 2499 &#xD;
 E3: 2500 &#xD;
 E3: 2501 &#xD;
 E3: 2502 &#xD;
 E3: 2503 &#xD;
 E3: 2504 &#xD;
 E3: OK.&#xD;
 E3: Project c:\appveyor\bin\E3.3DRoutingBridge\Mainline\E3.BridgeTest\TestFiles\Templates\Empty.e3s opened.&#xD;
 E3: W - Project has been opened in READ ONLY mode, you can't save any changes to the existing project!&#xD;
 E3: I - Item Validation enabled&#xD;
 E3: I - Validating project&#xD;
 E3: I - Validation enabled for this project&#xD;
 E3: repair_check_extended(0)&#xD;
 E3: --------------------------------------------------------------------------&#xD;
 E3: consistency check (17)....
&#xD;
 E3: ....
&#xD;
 E3: dump lost....
&#xD;
 E3: ....
&#xD;
 E3: new consistency check (45) and dump lost items (46)....
&#xD;
 E3: ....
&#xD;
 E3: - done -------------------------------------------------------------------
&#xD;
 E3: I - No known issues found&#xD;
 E3: Starting Harness Import import&#xD;
 E3: W - Component 642325.PRT not found in database !&#xD;
 E3: W - Cannot load Component '642325.PRT' from database - look in output window for details... &#xD;
 E3: E - Cannot create new device '642325.PRT_1' with component '642325.PRT'&#xD;
 E3: W - Component 581766.PRT not found in database !&#xD;
 E3: W - Cannot load Component '581766.PRT' from database - look in output window for details... &#xD;
 E3: E - Cannot create new device '581766.PRT_2' with component '581766.PRT'&#xD;
 E3: W - Component 640015.PRT not found in database !&#xD;
 E3: W - Cannot load Component '640015.PRT' from database - look in output window for details... &#xD;
 E3: E - Cannot create new device '640015.PRT_2' with component '640015.PRT'&#xD;
 E3: W - Component 638861.PRT not found in database !&#xD;
 E3: W - Cannot load Component '638861.PRT' from database - look in output window for details... &#xD;
 E3: E - Cannot create new device '638861.PRT_1' with component '638861.PRT'&#xD;
 E3: W - Component 581766.PRT not found in database !&#xD;
 E3: W - Cannot load Component '581766.PRT' from database - look in output window for details... &#xD;
 E3: E - Cannot create new device '581766.PRT_1' with component '581766.PRT'&#xD;
 E3: W - Component 582253.PRT not found in database !&#xD;
 E3: W - Cannot load Component '582253.PRT' from database - look in output window for details... &#xD;
 E3: E - Cannot create new device '582253.PRT_1' with component '582253.PRT'&#xD;
 E3: W - Component 639085.PRT not found in database !&#xD;
 E3: W - Cannot load Component '639085.PRT' from database - look in output window for details... &#xD;
 E3: E - Cannot create new device '639085.PRT_4' with component '639085.PRT'&#xD;
 E3: W - Component 639085.PRT not found in database !&#xD;
 E3: W - Cannot load Component '639085.PRT' from database - look in output window for details... &#xD;
 E3: E - Cannot create new device '639085.PRT_3' with component '639085.PRT'&#xD;
 E3: W - Component 055725.PRT not found in database !&#xD;
 E3: W - Cannot load Component '055725.PRT' from database - look in output window for details... &#xD;
 E3: E - Cannot create new device '055725.PRT_1' with component '055725.PRT'&#xD;
 E3: W - Component 581345.PRT not found in database !&#xD;
 E3: W - Cannot load Component '581345.PRT' from database - look in output window for details... &#xD;
 E3: E - Cannot create new device '581345.PRT_1' with component '581345.PRT'&#xD;
 E3: W - Component 293548.PRT not found in database !&#xD;
 E3: W - Cannot load Component '293548.PRT' from database - look in output window for details... &#xD;
 E3: E - Cannot create new device '293548.PRT_1' with component '293548.PRT'&#xD;
 E3: W - Component 580653.PRT not found in database !&#xD;
 E3: W - Cannot load Component '580653.PRT' from database - look in output window for details... &#xD;
 E3: E - Cannot create new device '580653.PRT_2' with component '580653.PRT'&#xD;
 E3: W - Component 101906.PRT not found in database !&#xD;
 E3: W - Cannot load Component '101906.PRT' from database - look in output window for details... &#xD;
 E3: E - Cannot create new device '101906.PRT_4' with component '101906.PRT'&#xD;
 E3: W - Component 639085.PRT not found in database !&#xD;
 E3: W - Cannot load Component '639085.PRT' from database - look in output window for details... &#xD;
 E3: E - Cannot create new device '639085.PRT_6' with component '639085.PRT'&#xD;
 E3: W - Component 639085.PRT not found in database !&#xD;
 E3: W - Cannot load Component '639085.PRT' from database - look in output window for details... &#xD;
 E3: E - Cannot create new device '639085.PRT_7' with component '639085.PRT'&#xD;
 E3: W - Component 101906.PRT not found in database !&#xD;
 E3: W - Cannot load Component '101906.PRT' from database - look in output window for details... &#xD;
 E3: E - Cannot create new device '101906.PRT_3' with component '101906.PRT'&#xD;
 E3: W - Component 101906.PRT not found in database !&#xD;
 E3: W - Cannot load Component '101906.PRT' from database - look in output window for details... &#xD;
 E3: E - Cannot create new device '101906.PRT_2' with component '101906.PRT'&#xD;
 E3: W - Component 642268.PRT not found in database !&#xD;
 E3: W - Cannot load Component '642268.PRT' from database - look in output window for details... &#xD;
 E3: E - Cannot create new device '642268.PRT_1' with component '642268.PRT'&#xD;
 E3: W - Component 1D000773.PRT not found in database !&#xD;
 E3: W - Cannot load Component '1D000773.PRT' from database - look in output window for details... &#xD;
 E3: E - Cannot create new device '1D000773.PRT_1' with component '1D000773.PRT'&#xD;
 E3: W - Component 642272.PRT not found in database !&#xD;
 E3: W - Cannot load Component '642272.PRT' from database - look in output window for details... &#xD;
 E3: E - Cannot create new device '642272.PRT_1' with component '642272.PRT'&#xD;
 E3: W - Component 292183.PRT not found in database !&#xD;
 E3: W - Cannot load Component '292183.PRT' from database - look in output window for details... &#xD;
 E3: E - Cannot create new device '292183.PRT_1' with component '292183.PRT'&#xD;
 E3: W - Component 156205.PRT not found in database !&#xD;
 E3: W - Cannot load Component '156205.PRT' from database - look in output window for details... &#xD;
 E3: E - Cannot create new device '156205.PRT_1' with component '156205.PRT'&#xD;
 E3: W - Component 638537.PRT not found in database !&#xD;
 E3: W - Cannot load Component '638537.PRT' from database - look in output window for details... &#xD;
 E3: E - Cannot create new device '638537.PRT_1' with component '638537.PRT'&#xD;
 E3: W - Component 294762.PRT not found in database !&#xD;
 E3: W - Cannot load Component '294762.PRT' from database - look in output window for details... &#xD;
 E3: E - Cannot create new device '294762.PRT_1' with component '294762.PRT'&#xD;
 E3: W - Component 640015.PRT not found in database !&#xD;
 E3: W - Cannot load Component '640015.PRT' from database - look in output window for details... &#xD;
 E3: E - Cannot create new device '640015.PRT_1' with component '640015.PRT'&#xD;
 E3: W - Component 294685.PRT not found in database !&#xD;
 E3: W - Cannot load Component '294685.PRT' from database - look in output window for details... &#xD;
 E3: E - Cannot create new device '294685.PRT_1' with component '294685.PRT'&#xD;
 E3: W - Component 1D001088.PRT not found in database !&#xD;
 E3: W - Cannot load Component '1D001088.PRT' from database - look in output window for details... &#xD;
 E3: E - Cannot create new device '1D001088.PRT_2' with component '1D001088.PRT'&#xD;
 E3: W - Component 584992.PRT not found in database !&#xD;
 E3: W - Cannot load Component '584992.PRT' from database - look in output window for details... &#xD;
 E3: E - Cannot create new device '584992.PRT_1' with component '584992.PRT'&#xD;
 E3: W - Component 641281.PRT not found in database !&#xD;
 E3: W - Cannot load Component '641281.PRT' from database - look in output window for details... &#xD;
 E3: E - Cannot create new device '641281.PRT_1' with component '641281.PRT'&#xD;
 E3: W - Component 252605.PRT not found in database !&#xD;
 E3: W - Cannot load Component '252605.PRT' from database - look in output window for details... &#xD;
 E3: E - Cannot create new device '252605.PRT_1' with component '252605.PRT'&#xD;
 E3: W - Component 580889.PRT not found in database !&#xD;
 E3: W - Cannot load Component '580889.PRT' from database - look in output window for details... &#xD;
 E3: E - Cannot create new device '580889.PRT_1' with component '580889.PRT'&#xD;
 E3: W - Component 580891.PRT not found in database !&#xD;
 E3: W - Cannot load Component '580891.PRT' from database - look in output window for details... &#xD;
 E3: E - Cannot create new device '580891.PRT_1' with component '580891.PRT'&#xD;
 E3: W - Component 580653.PRT not found in database !&#xD;
 E3: W - Cannot load Component '580653.PRT' from database - look in output window for details... &#xD;
 E3: E - Cannot create new device '580653.PRT_3' with component '580653.PRT'&#xD;
 E3: W - Component 642047.PRT not found in database !&#xD;
 E3: W - Cannot load Component '642047.PRT' from database - look in output window for details... &#xD;
 E3: E - Cannot create new device '642047.PRT_1' with component '642047.PRT'&#xD;
 E3: W - Component 583002.PRT not found in database !&#xD;
 E3: W - Cannot load Component '583002.PRT' from database - look in output window for details... &#xD;
 E3: E - Cannot create new device '583002.PRT_1' with component '583002.PRT'&#xD;
 E3: W - Component 639085.PRT not found in database !&#xD;
 E3: W - Cannot load Component '639085.PRT' from database - look in output window for details... &#xD;
 E3: E - Cannot create new device '639085.PRT_8' with component '639085.PRT'&#xD;
 E3: W - Component 639085.PRT not found in database !&#xD;
 E3: W - Cannot load Component '639085.PRT' from database - look in output window for details... &#xD;
 E3: E - Cannot create new device '639085.PRT_5' with component '639085.PRT'&#xD;
 E3: W - Component 293548.PRT not found in database !&#xD;
 E3: W - Cannot load Component '293548.PRT' from database - look in output window for details... &#xD;
 E3: E - Cannot create new device '293548.PRT_2' with component '293548.PRT'&#xD;
 E3: W - Component 580653.PRT not found in database !&#xD;
 E3: W - Cannot load Component '580653.PRT' from database - look in output window for details... &#xD;
 E3: E - Cannot create new device '580653.PRT_1' with component '580653.PRT'&#xD;
 E3: W - Component 643113.PRT not found in database !&#xD;
 E3: W - Cannot load Component '643113.PRT' from database - look in output window for details... &#xD;
 E3: E - Cannot create new device '643113.PRT_1' with component '643113.PRT'&#xD;
 E3: W - Component CM255901.PRT not found in database !&#xD;
 E3: W - Cannot load Component 'CM255901.PRT' from database - look in output window for details... &#xD;
 E3: E - Cannot create new device 'CM255901.PRT_1' with component 'CM255901.PRT'&#xD;
 E3: W - Component 581993.PRT not found in database !&#xD;
 E3: W - Cannot load Component '581993.PRT' from database - look in output window for details... &#xD;
 E3: E - Cannot create new device '581993.PRT_1' with component '581993.PRT'&#xD;
 E3: W - Component 680189.PRT not found in database !&#xD;
 E3: W - Cannot load Component '680189.PRT' from database - look in output window for details... &#xD;
 E3: E - Cannot create new device '680189.PRT_1' with component '680189.PRT'&#xD;
 E3: W - Component 582393.PRT not found in database !&#xD;
 E3: W - Cannot load Component '582393.PRT' from database - look in output window for details... &#xD;
 E3: E - Cannot create new device '582393.PRT_1' with component '582393.PRT'&#xD;
 E3: W - Component 583325.PRT not found in database !&#xD;
 E3: W - Cannot load Component '583325.PRT' from database - look in output window for details... &#xD;
 E3: E - Cannot create new device '583325.PRT_1' with component '583325.PRT'&#xD;
 E3: W - Component 1D000785.PRT not found in database !&#xD;
 E3: W - Cannot load Component '1D000785.PRT' from database - look in output window for details... &#xD;
 E3: E - Cannot create new device '1D000785.PRT_1' with component '1D000785.PRT'&#xD;
 E3: W - Component 639085.PRT not found in database !&#xD;
 E3: W - Cannot load Component '639085.PRT' from database - look in output window for details... &#xD;
 E3: E - Cannot create new device '639085.PRT_2' with component '639085.PRT'&#xD;
 E3: W - Component 583326.PRT not found in database !&#xD;
 E3: W - Cannot load Component '583326.PRT' from database - look in output window for details... &#xD;
 E3: E - Cannot create new device '583326.PRT_1' with component '583326.PRT'&#xD;
 E3: W - Component 639085.PRT not found in database !&#xD;
 E3: W - Cannot load Component '639085.PRT' from database - look in output window for details... &#xD;
 E3: E - Cannot create new device '639085.PRT_1' with component '639085.PRT'&#xD;
 E3: W - Component 101906.PRT not found in database !&#xD;
 E3: W - Cannot load Component '101906.PRT' from database - look in output window for details... &#xD;
 E3: E - Cannot create new device '101906.PRT_1' with component '101906.PRT'&#xD;
 E3: W - Component 642046.PRT not found in database !&#xD;
 E3: W - Cannot load Component '642046.PRT' from database - look in output window for details... &#xD;
 E3: E - Cannot create new device '642046.PRT_1' with component '642046.PRT'&#xD;
 E3: W - Component 293607.PRT not found in database !&#xD;
 E3: W - Cannot load Component '293607.PRT' from database - look in output window for details... &#xD;
 E3: E - Cannot create new device '293607.PRT_1' with component '293607.PRT'&#xD;
 E3: W - Component 638862.PRT not found in database !&#xD;
 E3: W - Cannot load Component '638862.PRT' from database - look in output window for details... &#xD;
 E3: E - Cannot create new device '638862.PRT_1' with component '638862.PRT'&#xD;
 E3: W - Component 1D001088.PRT not found in database !&#xD;
 E3: W - Cannot load Component '1D001088.PRT' from database - look in output window for details... &#xD;
 E3: E - Cannot create new device '1D001088.PRT_1' with component '1D001088.PRT'&#xD;
 E3: W - Component 233656.PRT not found in database !&#xD;
 E3: W - Cannot load Component '233656.PRT' from database - look in output window for details... &#xD;
 E3: E - Cannot create new device '233656.PRT_1' with component '233656.PRT'&#xD;
 E3: W - Component 642326.PRT not found in database !&#xD;
 E3: W - Cannot load Component '642326.PRT' from database - look in output window for details... &#xD;
 E3: E - Cannot create new device '642326.PRT_1' with component '642326.PRT'&#xD;
 E3: W - Component 294084.PRT not found in database !&#xD;
 E3: W - Cannot load Component '294084.PRT' from database - look in output window for details... &#xD;
 E3: E - Cannot create new device '294084.PRT_1' with component '294084.PRT'&#xD;
 E3: W - Component 290404.PRT not found in database !&#xD;
 E3: W - Cannot load Component '290404.PRT' from database - look in output window for details... &#xD;
 E3: E - Cannot create new device '290404.PRT_1' with component '290404.PRT'&#xD;
 E3: W - Component 292577.PRT not found in database !&#xD;
 E3: W - Cannot load Component '292577.PRT' from database - look in output window for details... &#xD;
 E3: E - Cannot create new device '292577.PRT_1' with component '292577.PRT'&#xD;
 E3: W - Component 1D000704.PRT not found in database !&#xD;
 E3: W - Cannot load Component '1D000704.PRT' from database - look in output window for details... &#xD;
 E3: E - Cannot create new device '1D000704.PRT_1' with component '1D000704.PRT'&#xD;
 E3: W - Component 680086.PRT not found in database !&#xD;
 E3: W - Cannot load Component '680086.PRT' from database - look in output window for details... &#xD;
 E3: E - Cannot create new device '680086.PRT_1' with component '680086.PRT'&#xD;
 E3: W - Component 680010.PRT not found in database !&#xD;
 E3: W - Cannot load Component '680010.PRT' from database - look in output window for details... &#xD;
 E3: E - Cannot create new device '680010.PRT_1' with component '680010.PRT'&#xD;
 E3: Fixing '641520.PRT_1' can not be imported. It has no component code and no default component for fixings is defined!&#xD;
 E3: Fixing '641520.PRT_2' can not be imported. It has no component code and no default component for fixings is defined!&#xD;
 E3: Fixing '1D001143_FLEXIBLE.ASM_1' can not be imported. It has no component code and no default component for fixings is defined!&#xD;
 E3: Fixing '640879_D11.PRT_1' can not be imported. It has no component code and no default component for fixings is defined!&#xD;
 E3: Fixing '640879_D4.PRT_1' can not be imported. It has no component code and no default component for fixings is defined!&#xD;
 E3: Fixing '1D001143_FLEXIBLE.ASM_2' can not be imported. It has no component code and no default component for fixings is defined!&#xD;
 E3: Fixing '641518_M5.PRT_1' can not be imported. It has no component code and no default component for fixings is defined!&#xD;
 E3: Fixing '641518_M5.PRT_2' can not be imported. It has no component code and no default component for fixings is defined!&#xD;
 E3: Fixing '641518_M3.PRT_1' can not be imported. It has no component code and no default component for fixings is defined!&#xD;
 E3: Fixing '641518_M3.PRT_2' can not be imported. It has no component code and no default component for fixings is defined!&#xD;
 E3: I - Formboard sheet '1D001826.ASM' was created.&#xD;
 E3: I - Closing project 'Empty' without saving modifications...&#xD;
 E3: Project c:\appveyor\bin\E3.3DRoutingBridge\Mainline\E3.BridgeTest\TestFiles\Templates\temp.e3s created.&#xD;
 E3: I - Item Validation enabled&#xD;
 E3: I - Validating project&#xD;
 E3: I - Validation enabled for this project&#xD;
 E3: I - Closing project 'temp' without saving modifications...&#xD;
 E3: I - Opening Project  c:\appveyor\bin\E3.3DRoutingBridge\Mainline\E3.BridgeTest\TestFiles\Templates\Empty.e3s&#xD;
 E3: I - Updating internal structures: 200 cycles up to version 2505...&#xD;
 E3: 2305 &#xD;
 E3: 2306 &#xD;
 E3: 2307 &#xD;
 E3: 2308 &#xD;
 E3: 2309 &#xD;
 E3: 2310 &#xD;
 E3: 2311 &#xD;
 E3: 2312 &#xD;
 E3: 2399 &#xD;
 E3: 2400 &#xD;
 E3: 2401 &#xD;
 E3: 2402 &#xD;
 E3: 2403 &#xD;
 E3: 2404 &#xD;
 E3: 2405 &#xD;
 E3: 2406 &#xD;
 E3: 2407 &#xD;
 E3: 2408 &#xD;
 E3: 2499 &#xD;
 E3: 2500 &#xD;
 E3: 2501 &#xD;
 E3: 2502 &#xD;
 E3: 2503 &#xD;
 E3: 2504 &#xD;
 E3: OK.&#xD;
 E3: Project c:\appveyor\bin\E3.3DRoutingBridge\Mainline\E3.BridgeTest\TestFiles\Templates\Empty.e3s opened.&#xD;
 E3: W - Project has been opened in READ ONLY mode, you can't save any changes to the existing project!&#xD;
 E3: I - Item Validation enabled&#xD;
 E3: I - Validating project&#xD;
 E3: I - Validation enabled for this project&#xD;
 E3: repair_check_extended(0)&#xD;
 E3: --------------------------------------------------------------------------&#xD;
 E3: consistency check (17)....
&#xD;
 E3: ....
&#xD;
 E3: dump lost....
&#xD;
 E3: ....
&#xD;
 E3: new consistency check (45) and dump lost items (46)....
&#xD;
 E3: ....
&#xD;
 E3: - done -------------------------------------------------------------------
&#xD;
 E3: I - No known issues found&#xD;
 E3: Starting Harness Import import&#xD;
 E3: W - Component 642325_.PRT not found in database !&#xD;
 E3: W - Cannot load Component '642325_.PRT' from database - look in output window for details... &#xD;
 E3: E - Cannot create new device '642325_.PRT_1' with component '642325_.PRT'&#xD;
 E3: W - Component 581766_.PRT not found in database !&#xD;
 E3: W - Cannot load Component '581766_.PRT' from database - look in output window for details... &#xD;
 E3: E - Cannot create new device '581766_.PRT_2' with component '581766_.PRT'&#xD;
 E3: W - Component 640015_.PRT not found in database !&#xD;
 E3: W - Cannot load Component '640015_.PRT' from database - look in output window for details... &#xD;
 E3: E - Cannot create new device '640015_.PRT_2' with component '640015_.PRT'&#xD;
 E3: W - Component 638861_.PRT not found in database !&#xD;
 E3: W - Cannot load Component '638861_.PRT' from database - look in output window for details... &#xD;
 E3: E - Cannot create new device '638861_.PRT_1' with component '638861_.PRT'&#xD;
 E3: W - Component 581766_.PRT not found in database !&#xD;
 E3: W - Cannot load Component '581766_.PRT' from database - look in output window for details... &#xD;
 E3: E - Cannot create new device '581766_.PRT_1' with component '581766_.PRT'&#xD;
 E3: W - Component 582253_.PRT not found in database !&#xD;
 E3: W - Cannot load Component '582253_.PRT' from database - look in output window for details... &#xD;
 E3: E - Cannot create new device '582253_.PRT_1' with component '582253_.PRT'&#xD;
 E3: W - Component 580653_.PRT not found in database !&#xD;
 E3: W - Cannot load Component '580653_.PRT' from database - look in output window for details... &#xD;
 E3: E - Cannot create new device '580653_.PRT_3' with component '580653_.PRT'&#xD;
 E3: W - Component 639085_.PRT not found in database !&#xD;
 E3: W - Cannot load Component '639085_.PRT' from database - look in output window for details... &#xD;
 E3: E - Cannot create new device '639085_.PRT_4' with component '639085_.PRT'&#xD;
 E3: W - Component 639085_.PRT not found in database !&#xD;
 E3: W - Cannot load Component '639085_.PRT' from database - look in output window for details... &#xD;
 E3: E - Cannot create new device '639085_.PRT_3' with component '639085_.PRT'&#xD;
 E3: W - Component 293607_.PRT not found in database !&#xD;
 E3: W - Cannot load Component '293607_.PRT' from database - look in output window for details... &#xD;
 E3: E - Cannot create new device '293607_.PRT_1' with component '293607_.PRT'&#xD;
 E3: W - Component 055725_.PRT not found in database !&#xD;
 E3: W - Cannot load Component '055725_.PRT' from database - look in output window for details... &#xD;
 E3: E - Cannot create new device '055725_.PRT_1' with component '055725_.PRT'&#xD;
 E3: W - Component 294084_.PRT not found in database !&#xD;
 E3: W - Cannot load Component '294084_.PRT' from database - look in output window for details... &#xD;
 E3: E - Cannot create new device '294084_.PRT_1' with component '294084_.PRT'&#xD;
 E3: W - Component 642326_.PRT not found in database !&#xD;
 E3: W - Cannot load Component '642326_.PRT' from database - look in output window for details... &#xD;
 E3: E - Cannot create new device '642326_.PRT_1' with component '642326_.PRT'&#xD;
 E3: W - Component 581345_.PRT not found in database !&#xD;
 E3: W - Cannot load Component '581345_.PRT' from database - look in output window for details... &#xD;
 E3: E - Cannot create new device '581345_.PRT_1' with component '581345_.PRT'&#xD;
 E3: W - Component 293548_.PRT not found in database !&#xD;
 E3: W - Cannot load Component '293548_.PRT' from database - look in output window for details... &#xD;
 E3: E - Cannot create new device '293548_.PRT_1' with component '293548_.PRT'&#xD;
 E3: W - Component 580653_.PRT not found in database !&#xD;
 E3: W - Cannot load Component '580653_.PRT' from database - look in output window for details... &#xD;
 E3: E - Cannot create new device '580653_.PRT_2' with component '580653_.PRT'&#xD;
 E3: W - Component 101906_.PRT not found in database !&#xD;
 E3: W - Cannot load Component '101906_.PRT' from database - look in output window for details... &#xD;
 E3: E - Cannot create new device '101906_.PRT_4' with component '101906_.PRT'&#xD;
 E3: W - Component 639085_.PRT not found in database !&#xD;
 E3: W - Cannot load Component '639085_.PRT' from database - look in output window for details... &#xD;
 E3: E - Cannot create new device '639085_.PRT_6' with component '639085_.PRT'&#xD;
 E3: W - Component 639085_.PRT not found in database !&#xD;
 E3: W - Cannot load Component '639085_.PRT' from database - look in output window for details... &#xD;
 E3: E - Cannot create new device '639085_.PRT_7' with component '639085_.PRT'&#xD;
 E3: W - Component 101906_.PRT not found in database !&#xD;
 E3: W - Cannot load Component '101906_.PRT' from database - look in output window for details... &#xD;
 E3: E - Cannot create new device '101906_.PRT_3' with component '101906_.PRT'&#xD;
 E3: W - Component 101906_.PRT not found in database !&#xD;
 E3: W - Cannot load Component '101906_.PRT' from database - look in output window for details... &#xD;
 E3: E - Cannot create new device '101906_.PRT_2' with component '101906_.PRT'&#xD;
 E3: W - Component 642268_.PRT not found in database !&#xD;
 E3: W - Cannot load Component '642268_.PRT' from database - look in output window for details... &#xD;
 E3: E - Cannot create new device '642268_.PRT_1' with component '642268_.PRT'&#xD;
 E3: W - Component 1D000773_.PRT not found in database !&#xD;
 E3: W - Cannot load Component '1D000773_.PRT' from database - look in output window for details... &#xD;
 E3: E - Cannot create new device '1D000773_.PRT_1' with component '1D000773_.PRT'&#xD;
 E3: W - Component 642272_.PRT not found in database !&#xD;
 E3: W - Cannot load Component '642272_.PRT' from database - look in output window for details... &#xD;
 E3: E - Cannot create new device '642272_.PRT_1' with component '642272_.PRT'&#xD;
 E3: W - Component 292183_.PRT not found in database !&#xD;
 E3: W - Cannot load Component '292183_.PRT' from database - look in output window for details... &#xD;
 E3: E - Cannot create new device '292183_.PRT_1' with component '292183_.PRT'&#xD;
 E3: W - Component 156205_.PRT not found in database !&#xD;
 E3: W - Cannot load Component '156205_.PRT' from database - look in output window for details... &#xD;
[...]
[12:24:23]  preparedReferenceFile: c:\appveyor\bin\E3.3DRoutingBridge\Mainline\E3.BridgeTest\TestFiles\KBL_Import_Tests\Results\2023-10-10--12-24-23_KBL_TEST_SPLICE_ref_temp.xml&#xD;
[12:24:23]  Start CompareXML: xmlExportFileName: c:\appveyor\bin\E3.3DRoutingBridge\Mainline\E3.BridgeTest\TestFiles\KBL_Import_Tests\Results\2023-10-10--12-24-23_KBL_TEST_SPLICE_temp.xml to xmlRefFileName: c:\appveyor\bin\E3.3DRoutingBridge\Mainline\E3.BridgeTest\TestFiles\KBL_Import_Tests\Results\2023-10-10--12-24-23_KBL_TEST_SPLICE_ref_temp.xml&#xD;
[12:24:23]  Test KBL_TEST_SPLICE for Tool 3DRoutingBridge equal to Reference!&#xD;
[12:24:23]  Der Test  3DRoutingBridge is successful!&#xD;
[12:24:23]  TestCleanup</StdOut>
      </Output>
    </UnitTestResult>
  </Results>
  <TestDefinitions>
    <UnitTest name="KBL_CABLING_CREO7_ASM" storage="c:\fe4e93ab-f059-47bd-be8f-ce90468f279e\e3.bridgetest.dll" id="9edab09e-0194-437c-9daf-8552024886f3">
      <Execution id="b2d2ad61-c5bb-4fb5-8a18-35b1e110b9a3" />
      <TestMethod codeBase="C:\fe4e93ab-f059-47bd-be8f-ce90468f279e\E3.BridgeTest.dll" adapterTypeName="executor://mstestadapter/v2" className="E3.BridgeTest.RoutingBridge+KBLImport" name="KBL_CABLING_CREO7_ASM" />
    </UnitTest>
    <UnitTest name="KBL_WIRE_HARN_ASSM_FLOOR_STBD_MK1_SAM1_1" storage="c:\fe4e93ab-f059-47bd-be8f-ce90468f279e\e3.bridgetest.dll" id="01cad006-abeb-4ea0-8293-2c062aaad4b3">
      <Execution id="cbcb0498-93b5-4fb4-bcb4-f219dda3e2ed" />
      <TestMethod codeBase="C:\fe4e93ab-f059-47bd-be8f-ce90468f279e\E3.BridgeTest.dll" adapterTypeName="executor://mstestadapter/v2" className="E3.BridgeTest.RoutingBridge+KBLImport" name="KBL_WIRE_HARN_ASSM_FLOOR_STBD_MK1_SAM1_1" />
    </UnitTest>
    <UnitTest name="KBL_94096545_ASM" storage="c:\fe4e93ab-f059-47bd-be8f-ce90468f279e\e3.bridgetest.dll" id="1f96f9aa-0180-432a-af71-389a37fd5016">
      <Execution id="e7cfdeb6-1656-4bac-a3bd-2b80889519fd" />
      <TestMethod codeBase="C:\fe4e93ab-f059-47bd-be8f-ce90468f279e\E3.BridgeTest.dll" adapterTypeName="executor://mstestadapter/v2" className="E3.BridgeTest.RoutingBridge+KBLImport" name="KBL_94096545_ASM" />
    </UnitTest>
    <UnitTest name="KBL_1D001826_CREO6_ASM" storage="c:\fe4e93ab-f059-47bd-be8f-ce90468f279e\e3.bridgetest.dll" id="a146e2ca-c821-4425-b1c2-f54079955c19">
      <Execution id="6eaaf6da-08a0-42e3-ac19-a0c1b083f04e" />
      <TestMethod codeBase="C:\fe4e93ab-f059-47bd-be8f-ce90468f279e\E3.BridgeTest.dll" adapterTypeName="executor://mstestadapter/v2" className="E3.BridgeTest.RoutingBridge+KBLImport" name="KBL_1D001826_CREO6_ASM" />
    </UnitTest>
    <UnitTest name="KBL_0000432209_AS_HV_WIRING_EE_UNIT" storage="c:\fe4e93ab-f059-47bd-be8f-ce90468f279e\e3.bridgetest.dll" id="2ced3696-50e8-4967-8305-f20fdca86227">
      <Execution id="3a2b3324-319c-4190-b3f8-cdda5b842166" />
      <TestMethod codeBase="C:\fe4e93ab-f059-47bd-be8f-ce90468f279e\E3.BridgeTest.dll" adapterTypeName="executor://mstestadapter/v2" className="E3.BridgeTest.RoutingBridge+KBLImport" name="KBL_0000432209_AS_HV_WIRING_EE_UNIT" />
    </UnitTest>
    <UnitTest name="KBL_201106_CREO_SPLCE_EXMPL_F_ZUKEN_ASM" storage="c:\fe4e93ab-f059-47bd-be8f-ce90468f279e\e3.bridgetest.dll" id="1a7ed6d3-6cfc-4497-95b0-18df78033153">
      <Execution id="24845019-7bd4-4643-9275-622453cef636" />
      <TestMethod codeBase="C:\fe4e93ab-f059-47bd-be8f-ce90468f279e\E3.BridgeTest.dll" adapterTypeName="executor://mstestadapter/v2" className="E3.BridgeTest.RoutingBridge+KBLImport" name="KBL_201106_CREO_SPLCE_EXMPL_F_ZUKEN_ASM" />
    </UnitTest>
    <UnitTest name="KBL_FNA4164913_1_conf2" storage="c:\fe4e93ab-f059-47bd-be8f-ce90468f279e\e3.bridgetest.dll" id="b59efffc-10fc-440f-9e4f-4a99da8f6cca">
      <Execution id="6e6d2828-8c98-4d31-83e2-65bcedebd36d" />
      <TestMethod codeBase="C:\fe4e93ab-f059-47bd-be8f-ce90468f279e\E3.BridgeTest.dll" adapterTypeName="executor://mstestadapter/v2" className="E3.BridgeTest.RoutingBridge+KBLImport" name="KBL_FNA4164913_1_conf2" />
    </UnitTest>
    <UnitTest name="KBL_BMW_178_MZ_ZB_LTG_STOSSFAENGER_VORNE_M_SP_G07_PVL" storage="c:\fe4e93ab-f059-47bd-be8f-ce90468f279e\e3.bridgetest.dll" id="807f20d1-69ec-44f9-aa29-7c8bb4e1f304">
      <Execution id="affa7e1f-bbd2-45bc-ab72-f2ab70ab74ff" />
      <TestMethod codeBase="C:\fe4e93ab-f059-47bd-be8f-ce90468f279e\E3.BridgeTest.dll" adapterTypeName="executor://mstestadapter/v2" className="E3.BridgeTest.RoutingBridge+KBLImport" name="KBL_BMW_178_MZ_ZB_LTG_STOSSFAENGER_VORNE_M_SP_G07_PVL" />
    </UnitTest>
    <UnitTest name="KBL_TEST_SPLICE" storage="c:\fe4e93ab-f059-47bd-be8f-ce90468f279e\e3.bridgetest.dll" id="1e2efc5b-64ff-4c94-bb11-c1946cf779c2">
      <Execution id="bb9d42d3-036b-4d35-900d-1a8ed4ce2ae2" />
      <TestMethod codeBase="C:\fe4e93ab-f059-47bd-be8f-ce90468f279e\E3.BridgeTest.dll" adapterTypeName="executor://mstestadapter/v2" className="E3.BridgeTest.RoutingBridge+KBLImport" name="KBL_TEST_SPLICE" />
    </UnitTest>
    <UnitTest name="KBL_SampleProductA_1" storage="c:\fe4e93ab-f059-47bd-be8f-ce90468f279e\e3.bridgetest.dll" id="acab127d-0081-40c0-8c58-90219192a3e2">
      <Execution id="77fd28c7-9bee-410d-861c-b970b0017f07" />
      <TestMethod codeBase="C:\fe4e93ab-f059-47bd-be8f-ce90468f279e\E3.BridgeTest.dll" adapterTypeName="executor://mstestadapter/v2" className="E3.BridgeTest.RoutingBridge+KBLImport" name="KBL_SampleProductA_1" />
    </UnitTest>
    <UnitTest name="KBL_10_400_000651_A1_01" storage="c:\fe4e93ab-f059-47bd-be8f-ce90468f279e\e3.bridgetest.dll" id="5eb4b740-f476-46b7-aed9-f9672c9292a5">
      <Execution id="5cb5879e-a3ba-414e-8724-52596d9c2443" />
      <TestMethod codeBase="C:\fe4e93ab-f059-47bd-be8f-ce90468f279e\E3.BridgeTest.dll" adapterTypeName="executor://mstestadapter/v2" className="E3.BridgeTest.RoutingBridge+KBLImport" name="KBL_10_400_000651_A1_01" />
    </UnitTest>
    <UnitTest name="KBL_TEST_AS_LV_WIRING_HARNESS_B" storage="c:\fe4e93ab-f059-47bd-be8f-ce90468f279e\e3.bridgetest.dll" id="6d3a1f60-b8a4-4222-9e7f-e29474bedce1">
      <Execution id="96936a13-a916-49c0-81f1-dbbde134df9e" />
      <TestMethod codeBase="C:\fe4e93ab-f059-47bd-be8f-ce90468f279e\E3.BridgeTest.dll" adapterTypeName="executor://mstestadapter/v2" className="E3.BridgeTest.RoutingBridge+KBLImport" name="KBL_TEST_AS_LV_WIRING_HARNESS_B" />
    </UnitTest>
    <UnitTest name="Designer_41944" storage="c:\fe4e93ab-f059-47bd-be8f-ce90468f279e\e3.bridgetest.dll" id="002503c6-793f-4b54-91e3-4492c80ea246">
      <Execution id="a7b980dd-6ae6-4b60-9e9c-d2d7c2bf49bd" />
      <TestMethod codeBase="C:\fe4e93ab-f059-47bd-be8f-ce90468f279e\E3.BridgeTest.dll" adapterTypeName="executor://mstestadapter/v2" className="E3.BridgeTest.RoutingBridge+KBLImport" name="Designer_41944" />
    </UnitTest>
    <UnitTest name="KBL_1D001826_CREO7_ASM" storage="c:\fe4e93ab-f059-47bd-be8f-ce90468f279e\e3.bridgetest.dll" id="38192c66-e749-4677-98b0-f21fd123aa64">
      <Execution id="ad0d3eba-6e08-4b4c-8a22-1d2198a83dd3" />
      <TestMethod codeBase="C:\fe4e93ab-f059-47bd-be8f-ce90468f279e\E3.BridgeTest.dll" adapterTypeName="executor://mstestadapter/v2" className="E3.BridgeTest.RoutingBridge+KBLImport" name="KBL_1D001826_CREO7_ASM" />
    </UnitTest>
    <UnitTest name="KBL_MCAD_KP7_Testdaten_UAT3_31_01_2022_Thy_1" storage="c:\fe4e93ab-f059-47bd-be8f-ce90468f279e\e3.bridgetest.dll" id="40db2381-002f-4258-b934-dd3b3affc8e3">
      <Execution id="cf7e7e49-bb9a-44d9-b1e9-3e692ac0eb09" />
      <TestMethod codeBase="C:\fe4e93ab-f059-47bd-be8f-ce90468f279e\E3.BridgeTest.dll" adapterTypeName="executor://mstestadapter/v2" className="E3.BridgeTest.RoutingBridge+KBLImport" name="KBL_MCAD_KP7_Testdaten_UAT3_31_01_2022_Thy_1" />
    </UnitTest>
    <UnitTest name="KBL_ARRHCA223540F012_0001_05___MITTE_RBA" storage="c:\fe4e93ab-f059-47bd-be8f-ce90468f279e\e3.bridgetest.dll" id="4fb32def-d7e1-4081-afca-cd61e0571b74">
      <Execution id="c42e7571-ea29-4f04-80d1-6e79b00ed173" />
      <TestMethod codeBase="C:\fe4e93ab-f059-47bd-be8f-ce90468f279e\E3.BridgeTest.dll" adapterTypeName="executor://mstestadapter/v2" className="E3.BridgeTest.RoutingBridge+KBLImport" name="KBL_ARRHCA223540F012_0001_05___MITTE_RBA" />
    </UnitTest>
    <UnitTest name="KBL_document" storage="c:\fe4e93ab-f059-47bd-be8f-ce90468f279e\e3.bridgetest.dll" id="7f141627-e3e8-6243-ee5c-f49fd45e1eaf">
      <Execution id="b08244db-d357-4e1c-b8a5-1634a66b640d" />
      <TestMethod codeBase="C:\fe4e93ab-f059-47bd-be8f-ce90468f279e\E3.BridgeTest.dll" adapterTypeName="executor://mstestadapter/v2" className="E3.BridgeTest.RoutingBridge+KBLImport" name="KBL_document" />
    </UnitTest>
    <UnitTest name="KBL_A2135405416__________0030_3__a213_540_54_16_028_20161213_hcv_document" storage="c:\fe4e93ab-f059-47bd-be8f-ce90468f279e\e3.bridgetest.dll" id="067842a7-784e-dd16-4838-cdb2f444dc1a">
      <Execution id="41813aaf-db5a-4edd-9b72-64ce4d628d3f" />
      <TestMethod codeBase="C:\fe4e93ab-f059-47bd-be8f-ce90468f279e\E3.BridgeTest.dll" adapterTypeName="executor://mstestadapter/v2" className="E3.BridgeTest.RoutingBridge+KBLImport" name="KBL_A2135405416__________0030_3__a213_540_54_16_028_20161213_hcv_document" />
    </UnitTest>
    <UnitTest name="KBL_LX6X_14401_ERA_1" storage="c:\fe4e93ab-f059-47bd-be8f-ce90468f279e\e3.bridgetest.dll" id="ed3baf64-2384-4f1a-9550-35a836ab54df">
      <Execution id="822822a6-b3ba-4049-a29d-a605b8b5c8d8" />
      <TestMethod codeBase="C:\fe4e93ab-f059-47bd-be8f-ce90468f279e\E3.BridgeTest.dll" adapterTypeName="executor://mstestadapter/v2" className="E3.BridgeTest.RoutingBridge+KBLImport" name="KBL_LX6X_14401_ERA_1" />
    </UnitTest>
    <UnitTest name="KBL_SuperSample" storage="c:\fe4e93ab-f059-47bd-be8f-ce90468f279e\e3.bridgetest.dll" id="c83534c0-9223-4af7-b5e4-82b9e56da7c5">
      <Execution id="dd1a42ef-9915-44a0-8dc5-f8259a75a340" />
      <TestMethod codeBase="C:\fe4e93ab-f059-47bd-be8f-ce90468f279e\E3.BridgeTest.dll" adapterTypeName="executor://mstestadapter/v2" className="E3.BridgeTest.RoutingBridge+KBLImport" name="KBL_SuperSample" />
    </UnitTest>
    <UnitTest name="KBL_BMW_8726511_MZ_Karosserie_LL_G01_08_2019_Produktionsfreigabe_a_1_a_KAR_Negativ" storage="c:\fe4e93ab-f059-47bd-be8f-ce90468f279e\e3.bridgetest.dll" id="c4e06bd6-da87-f56f-58cf-4b2468ba5dab">
      <Execution id="2d009945-0287-4170-8f92-b2c93e601540" />
      <TestMethod codeBase="C:\fe4e93ab-f059-47bd-be8f-ce90468f279e\E3.BridgeTest.dll" adapterTypeName="executor://mstestadapter/v2" className="E3.BridgeTest.RoutingBridge+KBLImport" name="KBL_BMW_8726511_MZ_Karosserie_LL_G01_08_2019_Produktionsfreigabe_a_1_a_KAR_Negativ" />
    </UnitTest>
    <UnitTest name="KBL_FourthSample" storage="c:\fe4e93ab-f059-47bd-be8f-ce90468f279e\e3.bridgetest.dll" id="f9e09f0c-b9e0-4f4c-a552-a45e3b24f4b4">
      <Execution id="0b4ee2f4-ea29-46fc-96c0-146ab9bfec1a" />
      <TestMethod codeBase="C:\fe4e93ab-f059-47bd-be8f-ce90468f279e\E3.BridgeTest.dll" adapterTypeName="executor://mstestadapter/v2" className="E3.BridgeTest.RoutingBridge+KBLImport" name="KBL_FourthSample" />
    </UnitTest>
    <UnitTest name="KBL_FL3T_14A005_CA" storage="c:\fe4e93ab-f059-47bd-be8f-ce90468f279e\e3.bridgetest.dll" id="371beaba-de00-4a17-85b4-6ad72594c2d5">
      <Execution id="4431099b-8086-4a65-bd22-95ab4bee34be" />
      <TestMethod codeBase="C:\fe4e93ab-f059-47bd-be8f-ce90468f279e\E3.BridgeTest.dll" adapterTypeName="executor://mstestadapter/v2" className="E3.BridgeTest.RoutingBridge+KBLImport" name="KBL_FL3T_14A005_CA" />
    </UnitTest>
    <UnitTest name="KBL_highTest" storage="c:\fe4e93ab-f059-47bd-be8f-ce90468f279e\e3.bridgetest.dll" id="9826beb4-097c-4ece-b014-b76934782ee3">
      <Execution id="0c825d1a-73b6-404b-8659-3e1fdc0dd92f" />
      <TestMethod codeBase="C:\fe4e93ab-f059-47bd-be8f-ce90468f279e\E3.BridgeTest.dll" adapterTypeName="executor://mstestadapter/v2" className="E3.BridgeTest.RoutingBridge+KBLImport" name="KBL_highTest" />
    </UnitTest>
    <UnitTest name="KBL_FL3T_SAMPLE_ASM2_1" storage="c:\fe4e93ab-f059-47bd-be8f-ce90468f279e\e3.bridgetest.dll" id="9713f6bc-6635-4d27-917c-7915eaf5da00">
      <Execution id="b08efa0f-aa7d-468f-b4be-554e2ef1307d" />
      <TestMethod codeBase="C:\fe4e93ab-f059-47bd-be8f-ce90468f279e\E3.BridgeTest.dll" adapterTypeName="executor://mstestadapter/v2" className="E3.BridgeTest.RoutingBridge+KBLImport" name="KBL_FL3T_SAMPLE_ASM2_1" />
    </UnitTest>
    <UnitTest name="KBL_8893661179_CM1E_POWERPACK_HARNESS_HCA" storage="c:\fe4e93ab-f059-47bd-be8f-ce90468f279e\e3.bridgetest.dll" id="00cf9b18-417c-4c7b-baad-0214c83c6198">
      <Execution id="49419751-b3a7-4575-b9cd-1b059d311903" />
      <TestMethod codeBase="C:\fe4e93ab-f059-47bd-be8f-ce90468f279e\E3.BridgeTest.dll" adapterTypeName="executor://mstestadapter/v2" className="E3.BridgeTest.RoutingBridge+KBLImport" name="KBL_8893661179_CM1E_POWERPACK_HARNESS_HCA" />
    </UnitTest>
    <UnitTest name="KBL_BMW_77967_MZ_KAROSSERIE_G07_LL_PVL" storage="c:\fe4e93ab-f059-47bd-be8f-ce90468f279e\e3.bridgetest.dll" id="36d7e872-e5ea-a3c9-2b20-97e7914bc436">
      <Execution id="aed3300c-3a2f-4aa7-853b-169708c94f73" />
      <TestMethod codeBase="C:\fe4e93ab-f059-47bd-be8f-ce90468f279e\E3.BridgeTest.dll" adapterTypeName="executor://mstestadapter/v2" className="E3.BridgeTest.RoutingBridge+KBLImport" name="KBL_BMW_77967_MZ_KAROSSERIE_G07_LL_PVL" />
    </UnitTest>
    <UnitTest name="KBL_FNA4164913_1" storage="c:\fe4e93ab-f059-47bd-be8f-ce90468f279e\e3.bridgetest.dll" id="354668f8-77dd-4512-aa45-a37690fbf304">
      <Execution id="f01d89a1-255b-48d3-aae0-2e40818cd11e" />
      <TestMethod codeBase="C:\fe4e93ab-f059-47bd-be8f-ce90468f279e\E3.BridgeTest.dll" adapterTypeName="executor://mstestadapter/v2" className="E3.BridgeTest.RoutingBridge+KBLImport" name="KBL_FNA4164913_1" />
    </UnitTest>
  </TestDefinitions>
  <TestEntries>
    <TestEntry testId="9edab09e-0194-437c-9daf-8552024886f3" executionId="b2d2ad61-c5bb-4fb5-8a18-35b1e110b9a3" testListId="8c84fa94-04c1-424b-9868-57a2d4851a1d" />
    <TestEntry testId="5eb4b740-f476-46b7-aed9-f9672c9292a5" executionId="5cb5879e-a3ba-414e-8724-52596d9c2443" testListId="8c84fa94-04c1-424b-9868-57a2d4851a1d" />
    <TestEntry testId="002503c6-793f-4b54-91e3-4492c80ea246" executionId="a7b980dd-6ae6-4b60-9e9c-d2d7c2bf49bd" testListId="8c84fa94-04c1-424b-9868-57a2d4851a1d" />
    <TestEntry testId="7f141627-e3e8-6243-ee5c-f49fd45e1eaf" executionId="b08244db-d357-4e1c-b8a5-1634a66b640d" testListId="8c84fa94-04c1-424b-9868-57a2d4851a1d" />
    <TestEntry testId="354668f8-77dd-4512-aa45-a37690fbf304" executionId="f01d89a1-255b-48d3-aae0-2e40818cd11e" testListId="8c84fa94-04c1-424b-9868-57a2d4851a1d" />
    <TestEntry testId="40db2381-002f-4258-b934-dd3b3affc8e3" executionId="cf7e7e49-bb9a-44d9-b1e9-3e692ac0eb09" testListId="8c84fa94-04c1-424b-9868-57a2d4851a1d" />
    <TestEntry testId="00cf9b18-417c-4c7b-baad-0214c83c6198" executionId="49419751-b3a7-4575-b9cd-1b059d311903" testListId="8c84fa94-04c1-424b-9868-57a2d4851a1d" />
    <TestEntry testId="acab127d-0081-40c0-8c58-90219192a3e2" executionId="77fd28c7-9bee-410d-861c-b970b0017f07" testListId="8c84fa94-04c1-424b-9868-57a2d4851a1d" />
    <TestEntry testId="38192c66-e749-4677-98b0-f21fd123aa64" executionId="ad0d3eba-6e08-4b4c-8a22-1d2198a83dd3" testListId="8c84fa94-04c1-424b-9868-57a2d4851a1d" />
    <TestEntry testId="067842a7-784e-dd16-4838-cdb2f444dc1a" executionId="41813aaf-db5a-4edd-9b72-64ce4d628d3f" testListId="8c84fa94-04c1-424b-9868-57a2d4851a1d" />
    <TestEntry testId="2ced3696-50e8-4967-8305-f20fdca86227" executionId="3a2b3324-319c-4190-b3f8-cdda5b842166" testListId="8c84fa94-04c1-424b-9868-57a2d4851a1d" />
    <TestEntry testId="f9e09f0c-b9e0-4f4c-a552-a45e3b24f4b4" executionId="0b4ee2f4-ea29-46fc-96c0-146ab9bfec1a" testListId="8c84fa94-04c1-424b-9868-57a2d4851a1d" />
    <TestEntry testId="36d7e872-e5ea-a3c9-2b20-97e7914bc436" executionId="aed3300c-3a2f-4aa7-853b-169708c94f73" testListId="8c84fa94-04c1-424b-9868-57a2d4851a1d" />
    <TestEntry testId="01cad006-abeb-4ea0-8293-2c062aaad4b3" executionId="cbcb0498-93b5-4fb4-bcb4-f219dda3e2ed" testListId="8c84fa94-04c1-424b-9868-57a2d4851a1d" />
    <TestEntry testId="371beaba-de00-4a17-85b4-6ad72594c2d5" executionId="4431099b-8086-4a65-bd22-95ab4bee34be" testListId="8c84fa94-04c1-424b-9868-57a2d4851a1d" />
    <TestEntry testId="b59efffc-10fc-440f-9e4f-4a99da8f6cca" executionId="6e6d2828-8c98-4d31-83e2-65bcedebd36d" testListId="8c84fa94-04c1-424b-9868-57a2d4851a1d" />
    <TestEntry testId="807f20d1-69ec-44f9-aa29-7c8bb4e1f304" executionId="affa7e1f-bbd2-45bc-ab72-f2ab70ab74ff" testListId="8c84fa94-04c1-424b-9868-57a2d4851a1d" />
    <TestEntry testId="6d3a1f60-b8a4-4222-9e7f-e29474bedce1" executionId="96936a13-a916-49c0-81f1-dbbde134df9e" testListId="8c84fa94-04c1-424b-9868-57a2d4851a1d" />
    <TestEntry testId="9713f6bc-6635-4d27-917c-7915eaf5da00" executionId="b08efa0f-aa7d-468f-b4be-554e2ef1307d" testListId="8c84fa94-04c1-424b-9868-57a2d4851a1d" />
    <TestEntry testId="ed3baf64-2384-4f1a-9550-35a836ab54df" executionId="822822a6-b3ba-4049-a29d-a605b8b5c8d8" testListId="8c84fa94-04c1-424b-9868-57a2d4851a1d" />
    <TestEntry testId="c83534c0-9223-4af7-b5e4-82b9e56da7c5" executionId="dd1a42ef-9915-44a0-8dc5-f8259a75a340" testListId="8c84fa94-04c1-424b-9868-57a2d4851a1d" />
    <TestEntry testId="a146e2ca-c821-4425-b1c2-f54079955c19" executionId="6eaaf6da-08a0-42e3-ac19-a0c1b083f04e" testListId="8c84fa94-04c1-424b-9868-57a2d4851a1d" />
    <TestEntry testId="1a7ed6d3-6cfc-4497-95b0-18df78033153" executionId="24845019-7bd4-4643-9275-622453cef636" testListId="8c84fa94-04c1-424b-9868-57a2d4851a1d" />
    <TestEntry testId="9826beb4-097c-4ece-b014-b76934782ee3" executionId="0c825d1a-73b6-404b-8659-3e1fdc0dd92f" testListId="8c84fa94-04c1-424b-9868-57a2d4851a1d" />
    <TestEntry testId="c4e06bd6-da87-f56f-58cf-4b2468ba5dab" executionId="2d009945-0287-4170-8f92-b2c93e601540" testListId="8c84fa94-04c1-424b-9868-57a2d4851a1d" />
    <TestEntry testId="4fb32def-d7e1-4081-afca-cd61e0571b74" executionId="c42e7571-ea29-4f04-80d1-6e79b00ed173" testListId="8c84fa94-04c1-424b-9868-57a2d4851a1d" />
    <TestEntry testId="1f96f9aa-0180-432a-af71-389a37fd5016" executionId="e7cfdeb6-1656-4bac-a3bd-2b80889519fd" testListId="8c84fa94-04c1-424b-9868-57a2d4851a1d" />
    <TestEntry testId="1e2efc5b-64ff-4c94-bb11-c1946cf779c2" executionId="bb9d42d3-036b-4d35-900d-1a8ed4ce2ae2" testListId="8c84fa94-04c1-424b-9868-57a2d4851a1d" />
  </TestEntries>
  <TestLists>
    <TestList name="Results Not in a List" id="8c84fa94-04c1-424b-9868-57a2d4851a1d" />
    <TestList name="All Loaded Results" id="19431567-8539-422a-85d7-44ee4e166bda" />
  </TestLists>
  <ResultSummary outcome="Completed">
    <Counters total="28" executed="24" passed="24" failed="0" error="0" timeout="0" aborted="0" inconclusive="0" passedButRunAborted="0" notRunnable="0" notExecuted="0" disconnected="0" warning="0" completed="0" inProgress="0" pending="0" />
    <Output>
      <StdOut>MSTest Executor: Test Parallelization enabled for C:\fe4e93ab-f059-47bd-be8f-ce90468f279e\E3.BridgeTest.dll (Workers: 1, Scope: ClassLevel).&#xD;
Test 'KBL_A2135405416__________0030_3__a213_540_54_16_028_20161213_hcv_document' was skipped in the test run.&#xD;
Test 'KBL_BMW_77967_MZ_KAROSSERIE_G07_LL_PVL' was skipped in the test run.&#xD;
Test 'KBL_BMW_8726511_MZ_Karosserie_LL_G01_08_2019_Produktionsfreigabe_a_1_a_KAR_Negativ' was skipped in the test run.&#xD;
Test 'KBL_document' was skipped in the test run.&#xD;
</StdOut>
    </Output>
    <CollectorDataEntries>
      <Collector agentName="F27715BE3A7B" uri="datacollector://microsoft/CodeCoverage/2.0" collectorDisplayName="Code Coverage">
        <UriAttachments>
          <UriAttachment>
            <A href="F27715BE3A7B\ContainerAdministrator_F27715BE3A7B_2023-10-10.11_59_46.coverage"></A>
          </UriAttachment>
        </UriAttachments>
      </Collector>
    </CollectorDataEntries>
  </ResultSummary>
</TestRun>