<?xml version="1.0" encoding="utf-8"?>
<TestRun id="c53e6947-aae6-40a5-8bb1-e599781994c4" name="ContainerAdministrator@F41EF5681340 2023-10-10 12:16:41" runUser="User Manager\ContainerAdministrator" xmlns="http://microsoft.com/schemas/VisualStudio/TeamTest/2010">
  <Times creation="2023-10-10T12:16:41.8523934+02:00" queuing="2023-10-10T12:16:41.8523934+02:00" start="2023-10-10T11:59:36.8101020+02:00" finish="2023-10-10T12:16:41.8847081+02:00" />
  <TestSettings name="default" id="f825b0f3-a624-4d7b-955a-525dda8e6200">
    <Deployment runDeploymentRoot="9a111d319c9d90873eed658dc3e0d717" />
  </TestSettings>
  <Results>
    <UnitTestResult executionId="53febc78-7988-4e6f-9595-1d69c34c73b0" testId="1daa1d6c-9b27-451a-a211-304b2d1f6423" testName="KBL_document2_RL_2D" computerName="F41EF5681340" duration="00:16:49.2148351" startTime="2023-10-10T11:59:41.7164539+02:00" endTime="2023-10-10T12:16:41.1861578+02:00" testType="13cdc9d9-ddb5-4fa4-a97d-d965ccfc6d4b" outcome="Passed" testListId="8c84fa94-04c1-424b-9868-57a2d4851a1d" relativeResultsDirectory="53febc78-7988-4e6f-9595-1d69c34c73b0">
      <Output>
        <StdOut>TotalProcessorTime: 00:00:00.1406250&#xD;
ProcessName: E3.series&#xD;
StartTime: 10/10/2023 11:59:42 AM&#xD;
Cnt: 1&#xD;
TotalProcessorTime: 00:00:01.2187500&#xD;
ProcessName: E3.series&#xD;
StartTime: 10/10/2023 11:59:42 AM&#xD;
Cnt: 2&#xD;
TotalProcessorTime: 00:00:02.2500000&#xD;
ProcessName: E3.series&#xD;
StartTime: 10/10/2023 11:59:42 AM&#xD;
Cnt: 3&#xD;
TotalProcessorTime: 00:00:03.1718750&#xD;
ProcessName: E3.series&#xD;
StartTime: 10/10/2023 11:59:42 AM&#xD;
Cnt: 4&#xD;
---Start: 10.10.2023 - 11:59:51---
&#xD;
[11:59:51]  Using E3 2024 (Oct 10 2023 11:15:29 Build 25.00-Develop @264160) 64 Bit, ProcessId 35164&#xD;
[11:59:52]  Start Test: KBL_document2_RL_2D&#xD;
[11:59:52]  Defining database with name Standard...
Given paths are: c:\appveyor\bin\E3.3DRoutingBridge\Mainline\E3.BridgeTest\TestFiles\KBL_Import_Tests\..\Databases\Standard\Components.mdb	c:\appveyor\bin\E3.3DRoutingBridge\Mainline\E3.BridgeTest\TestFiles\KBL_Import_Tests\..\Databases\Standard\symbols.mdb	c:\appveyor\bin\E3.3DRoutingBridge\Mainline\E3.BridgeTest\TestFiles\KBL_Import_Tests\..\Databases\Standard\Configuration.mdb&#xD;
[11:59:57]  Setting current database Standard&#xD;
[11:59:57]  E3 open project&#xD;
[11:59:58]  Doing repaircheck...&#xD;
[11:59:58]  Tool startet: c:\\appveyor\\bin\\E3.3DRoutingBridge\\Mainline\\bin\\Release\\x64\\E3_3DRoutingBridge.exe&#xD;
[12:14:37]  Tool fertig: c:\\appveyor\\bin\\E3.3DRoutingBridge\\Mainline\\bin\\Release\\x64\\E3_3DRoutingBridge.exe : ExitCode 0&#xD;
[12:14:55]  test.NAME: KBL_document2_RL_2D&#xD;
[12:14:55]  preparedOutputFile: c:\appveyor\bin\E3.3DRoutingBridge\Mainline\E3.BridgeTest\TestFiles\KBL_Import_Tests\ResultsKBLLongImport_1\2023-10-10--12-14-52_KBL_document2_RL_2D_temp.xml&#xD;
[12:14:55]  preparedReferenceFile: c:\appveyor\bin\E3.3DRoutingBridge\Mainline\E3.BridgeTest\TestFiles\KBL_Import_Tests\ResultsKBLLongImport_1\2023-10-10--12-14-52_KBL_document2_RL_2D_ref_temp.xml&#xD;
[12:14:55]  Start CompareXML: xmlExportFileName: c:\appveyor\bin\E3.3DRoutingBridge\Mainline\E3.BridgeTest\TestFiles\KBL_Import_Tests\ResultsKBLLongImport_1\2023-10-10--12-14-52_KBL_document2_RL_2D_temp.xml to xmlRefFileName: c:\appveyor\bin\E3.3DRoutingBridge\Mainline\E3.BridgeTest\TestFiles\KBL_Import_Tests\ResultsKBLLongImport_1\2023-10-10--12-14-52_KBL_document2_RL_2D_ref_temp.xml&#xD;
[12:16:40]  Test KBL_document2_RL_2D for Tool 3DRoutingBridge equal to Reference!&#xD;
[12:16:40]  Der Test  3DRoutingBridge is successful!&#xD;
[12:16:40]  TestCleanup&#xD;

_____________________E3 output below_____________________
&#xD;
 E3: E³.series 2024 (Oct 10 2023 11:15:29 Build 25.00-Develop @264160) 64 Bit&#xD;
 E3: Workspace 'C:\Users\ContainerAdministrator\AppData\Roaming\Zuken\E3.series\25.0\workspace-cable-44.xml' could not be found. Workspace could not be opened!&#xD;
 E3: Project C:\34da2f4f-6f47-45b3-afd0-5ff87ea0d5e2\temp.e3s created.&#xD;
 E3: I - Item Validation enabled&#xD;
 E3: I - Validating project&#xD;
 E3: I - Validation enabled for this project&#xD;
 E3: I - Closing project 'temp' without saving modifications...&#xD;
 E3: I - Opening Project  c:\appveyor\bin\E3.3DRoutingBridge\Mainline\E3.BridgeTest\TestFiles\Templates\Empty.e3s&#xD;
 E3: I - Updating internal structures: 200 cycles up to version 2505...&#xD;
 E3: 2305 &#xD;
 E3: 2306 &#xD;
 E3: 2307 &#xD;
 E3: 2308 &#xD;
 E3: 2309 &#xD;
 E3: 2310 &#xD;
 E3: 2311 &#xD;
 E3: 2312 &#xD;
 E3: 2399 &#xD;
 E3: 2400 &#xD;
 E3: 2401 &#xD;
 E3: 2402 &#xD;
 E3: 2403 &#xD;
 E3: 2404 &#xD;
 E3: 2405 &#xD;
 E3: 2406 &#xD;
 E3: 2407 &#xD;
 E3: 2408 &#xD;
 E3: 2499 &#xD;
 E3: 2500 &#xD;
 E3: 2501 &#xD;
 E3: 2502 &#xD;
 E3: 2503 &#xD;
 E3: 2504 &#xD;
 E3: OK.&#xD;
 E3: Project c:\appveyor\bin\E3.3DRoutingBridge\Mainline\E3.BridgeTest\TestFiles\Templates\Empty.e3s opened.&#xD;
 E3: W - Project has been opened in READ ONLY mode, you can't save any changes to the existing project!&#xD;
 E3: I - Item Validation enabled&#xD;
 E3: I - Validating project&#xD;
 E3: I - Validation enabled for this project&#xD;
 E3: repair_check_extended(0)&#xD;
 E3: --------------------------------------------------------------------------&#xD;
 E3: consistency check (17)....
&#xD;
 E3: ....
&#xD;
 E3: dump lost....
&#xD;
 E3: ....
&#xD;
 E3: new consistency check (45) and dump lost items (46)....
&#xD;
 E3: ....
&#xD;
 E3: - done -------------------------------------------------------------------
&#xD;
 E3: I - No known issues found&#xD;
 E3: Starting Harness Import import&#xD;
 E3: W - Component A0275457226 not found in database !&#xD;
 E3: W - Cannot load Component 'A0275457226' from database - look in output window for details... &#xD;
 E3: E - Cannot create new device 'B22/10*1-B_V1' with component 'A0275457226'&#xD;
 E3: W - Component A0005454738 not found in database !&#xD;
 E3: W - Cannot load Component 'A0005454738' from database - look in output window for details... &#xD;
 E3: E - Cannot create new device 'X62/7*1-B_V1' with component 'A0005454738'&#xD;
 E3: W - Component A0005454738 not found in database !&#xD;
 E3: W - Cannot load Component 'A0005454738' from database - look in output window for details... &#xD;
 E3: E - Cannot create new device 'X62/6*1-B_V1' with component 'A0005454738'&#xD;
 E3: W - Component A2105402181 not found in database !&#xD;
 E3: W - Cannot load Component 'A2105402181' from database - look in output window for details... &#xD;
 E3: E - Cannot create new device 'H3/1*1-B_V1_O1' with component 'A2105402181'&#xD;
 E3: W - Component A2105402181 not found in database !&#xD;
 E3: W - Cannot load Component 'A2105402181' from database - look in output window for details... &#xD;
 E3: E - Cannot create new device 'H3/1*1-B_V1_O2' with component 'A2105402181'&#xD;
 E3: W - Component A0275457226 not found in database !&#xD;
 E3: W - Cannot load Component 'A0275457226' from database - look in output window for details... &#xD;
 E3: E - Cannot create new device 'N33/5*1-B_V1' with component 'A0275457226'&#xD;
 E3: W - Component A1729821302 not found in database !&#xD;
 E3: W - Cannot load Component 'A1729821302' from database - look in output window for details... &#xD;
 E3: E - Cannot create new device 'W84*1-K_V1' with component 'A1729821302'&#xD;
 E3: W - Component A1665401181 not found in database !&#xD;
 E3: W - Cannot load Component 'A1665401181' from database - look in output window for details... &#xD;
 E3: E - Cannot create new device 'N2/5*1-B_V1' with component 'A1665401181'&#xD;
 E3: W - Component A1729821302 not found in database !&#xD;
 E3: W - Cannot load Component 'A1729821302' from database - look in output window for details... &#xD;
 E3: E - Cannot create new device 'W12*1-K_V1' with component 'A1729821302'&#xD;
 E3: W - Component A0315450226 not found in database !&#xD;
 E3: W - Cannot load Component 'A0315450226' from database - look in output window for details... &#xD;
 E3: E - Cannot create new device 'N83/1*1-B_V1' with component 'A0315450226'&#xD;
 E3: W - Component A2105402081 not found in database !&#xD;
 E3: W - Cannot load Component 'A2105402081' from database - look in output window for details... &#xD;
 E3: E - Cannot create new device 'A2/38*1-B_V1' with component 'A2105402081'&#xD;
 E3: W - Component A2105402081 not found in database !&#xD;
 E3: W - Cannot load Component 'A2105402081' from database - look in output window for details... &#xD;
 E3: E - Cannot create new device 'A2/40*1-B_V1' with component 'A2105402081'&#xD;
 E3: W - Component A0275457026 not found in database !&#xD;
 E3: W - Cannot load Component 'A0275457026' from database - look in output window for details... &#xD;
 E3: E - Cannot create new device 'Y129/1*1-B_V1' with component 'A0275457026'&#xD;
 E3: W - Component A2045453326 not found in database !&#xD;
 E3: W - Cannot load Component 'A2045453326' from database - look in output window for details... &#xD;
 E3: E - Cannot create new device 'R12/69*1-B_V1' with component 'A2045453326'&#xD;
 E3: W - Component A0275457626 not found in database !&#xD;
 E3: W - Cannot load Component 'A0275457626' from database - look in output window for details... &#xD;
 E3: E - Cannot create new device 'N37/8*1-B_V1' with component 'A0275457626'&#xD;
 E3: W - Component A0295451226 not found in database !&#xD;
 E3: W - Cannot load Component 'A0295451226' from database - look in output window for details... &#xD;
 E3: E - Cannot create new device 'B94/34*1-B_V1' with component 'A0295451226'&#xD;
 E3: W - Component A0275457626 not found in database !&#xD;
 E3: W - Cannot load Component 'A0275457626' from database - look in output window for details... &#xD;
 E3: E - Cannot create new device 'N37/11*1-B_V1' with component 'A0275457626'&#xD;
 E3: W - Component A2235406315 not found in database !&#xD;
 E3: W - Cannot load Component 'A2235406315' from database - look in output window for details... &#xD;
 E3: E - Cannot create new device 'N88*1-B_V1' with component 'A2235406315'&#xD;
 E3: W - Component A0335455326 not found in database !&#xD;
 E3: W - Cannot load Component 'A0335455326' from database - look in output window for details... &#xD;
 E3: E - Cannot create new device 'R12/6*1-B_V1_O1' with component 'A0335455326'&#xD;
 E3: W - Component A1729821302 not found in database !&#xD;
 E3: W - Cannot load Component 'A1729821302' from database - look in output window for details... &#xD;
 E3: E - Cannot create new device 'W6*1-K_V1' with component 'A1729821302'&#xD;
 E3: W - Component A2235404902 not found in database !&#xD;
 E3: W - Cannot load Component 'A2235404902' from database - look in output window for details... &#xD;
 E3: E - Cannot create new device 'N62/4*E2-B_V1' with component 'A2235404902'&#xD;
 E3: W - Component A2235404902 not found in database !&#xD;
 E3: W - Cannot load Component 'A2235404902' from database - look in output window for details... &#xD;
 E3: E - Cannot create new device 'N62/4*E5-B_V1' with component 'A2235404902'&#xD;
 E3: W - Component A2235404902 not found in database !&#xD;
 E3: W - Cannot load Component 'A2235404902' from database - look in output window for details... &#xD;
 E3: E - Cannot create new device 'N62/4*E4-B_V1' with component 'A2235404902'&#xD;
 E3: W - Component A0005409400 not found in database !&#xD;
 E3: W - Cannot load Component 'A0005409400' from database - look in output window for details... &#xD;
 E3: E - Cannot create new device 'N62/3*M01-B_V1' with component 'A0005409400'&#xD;
 E3: W - Component A0255458926 not found in database !&#xD;
 E3: W - Cannot load Component 'A0255458926' from database - look in output window for details... &#xD;
 E3: E - Cannot create new device 'N62/4*1-B_V1' with component 'A0255458926'&#xD;
 E3: W - Component A2235404902 not found in database !&#xD;
 E3: W - Cannot load Component 'A2235404902' from database - look in output window for details... &#xD;
 E3: E - Cannot create new device 'N62/3*E01-B_V1' with component 'A2235404902'&#xD;
 E3: W - Component A0235455526 not found in database !&#xD;
 E3: W - Cannot load Component 'A0235455526' from database - look in output window for details... &#xD;
 E3: E - Cannot create new device 'N40/3*3-B_V1' with component 'A0235455526'&#xD;
 E3: W - Component A2235408504 not found in database !&#xD;
 E3: W - Cannot load Component 'A2235408504' from database - look in output window for details... &#xD;
 E3: E - Cannot create new device 'N40/14*1-B_V1' with component 'A2235408504'&#xD;
 E3: W - Component A2235408304 not found in database !&#xD;
 E3: W - Cannot load Component 'A2235408304' from database - look in output window for details... &#xD;
 E3: E - Cannot create new device 'N40/3*1-B_V1' with component 'A2235408304'&#xD;
 E3: W - Component A2045453626 not found in database !&#xD;
 E3: W - Cannot load Component 'A2045453626' from database - look in output window for details... &#xD;
 E3: E - Cannot create new device 'N62/3*4F1-B_V1' with component 'A2045453626'&#xD;
 E3: W - Component A0005451621 not found in database !&#xD;
 E3: W - Cannot load Component 'A0005451621' from database - look in output window for details... &#xD;
 E3: E - Cannot create new device 'N62/3*2F1-B_V1' with component 'A0005451621'&#xD;
 E3: W - Component A1729821302 not found in database !&#xD;
 E3: W - Cannot load Component 'A1729821302' from database - look in output window for details... &#xD;
 E3: E - Cannot create new device 'W6/1*1-K_V1' with component 'A1729821302'&#xD;
 E3: W - Component A0005459919 not found in database !&#xD;
 E3: W - Cannot load Component 'A0005459919' from database - look in output window for details... &#xD;
 E3: E - Cannot create new device 'N118/3*2-B_V1' with component 'A0005459919'&#xD;
 E3: W - Component A0005454120 not found in database !&#xD;
 E3: W - Cannot load Component 'A0005454120' from database - look in output window for details... &#xD;
 E3: E - Cannot create new device 'N118/3*1-B_V1' with component 'A0005454120'&#xD;
 E3: W - Component A0275457226 not found in database !&#xD;
 E3: W - Cannot load Component 'A0275457226' from database - look in output window for details... &#xD;
 E3: E - Cannot create new device 'M14/10*1-B_V1' with component 'A0275457226'&#xD;
 E3: W - Component A1729821302 not found in database !&#xD;
 E3: W - Cannot load Component 'A1729821302' from database - look in output window for details... &#xD;
 E3: E - Cannot create new device 'W7*1-K_V1' with component 'A1729821302'&#xD;
 E3: W - Component A1729821302 not found in database !&#xD;
 E3: W - Cannot load Component 'A1729821302' from database - look in output window for details... &#xD;
 E3: E - Cannot create new device 'W7/8*1-K_V1' with component 'A1729821302'&#xD;
 E3: W - Component A0005408604 not found in database !&#xD;
 E3: W - Cannot load Component 'A0005408604' from database - look in output window for details... &#xD;
 E3: E - Cannot create new device 'N10/8*RB1-B_V1' with component 'A0005408604'&#xD;
 E3: W - Component A0005408704 not found in database !&#xD;
 E3: W - Cannot load Component 'A0005408704' from database - look in output window for details... &#xD;
 E3: E - Cannot create new device 'N10/8*RB2-B_V1' with component 'A0005408704'&#xD;
 E3: W - Component A0385451228 not found in database !&#xD;
 E3: W - Cannot load Component 'A0385451228' from database - look in output window for details... &#xD;
 E3: E - Cannot create new device 'N10/8*AAG-B_V1' with component 'A0385451228'&#xD;
 E3: W - Component A0005408804 not found in database !&#xD;
 E3: W - Cannot load Component 'A0005408804' from database - look in output window for details... &#xD;
 E3: E - Cannot create new device 'N10/8*RB3-B_V1' with component 'A0005408804'&#xD;
 E3: W - Component A0005454431 not found in database !&#xD;
 E3: W - Cannot load Component 'A0005454431' from database - look in output window for details... &#xD;
 E3: E - Cannot create new device 'F152/2*S1-B_V1' with component 'A0005454431'&#xD;
 E3: W - Component A0005454731 not found in database !&#xD;
 E3: W - Cannot load Component 'A0005454731' from database - look in output window for details... &#xD;
 E3: E - Cannot create new device 'F152/2*S4-B_V1' with component 'A0005454731'&#xD;
 E3: W - Component A0005454031 not found in database !&#xD;
 E3: W - Cannot load Component 'A0005454031' from database - look in output window for details... &#xD;
 E3: E - Cannot create new device 'F152/2*S3-B_V1' with component 'A0005454031'&#xD;
 E3: W - Component A0005402002 not found in database !&#xD;
 E3: W - Cannot load Component 'A0005402002' from database - look in output window for details... &#xD;
 E3: E - Cannot create new device 'N118/5*2-B_V1' with component 'A0005402002'&#xD;
 E3: W - Component A0005455331 not found in database !&#xD;
 E3: W - Cannot load Component 'A0005455331' from database - look in output window for details... &#xD;
 E3: E - Cannot create new device 'F152/2*S6-B_V1' with component 'A0005455331'&#xD;
 E3: W - Component A0005455431 not found in database !&#xD;
 E3: W - Cannot load Component 'A0005455431' from database - look in output window for details... &#xD;
 E3: E - Cannot create new device 'F152/2*S7-B_V1' with component 'A0005455431'&#xD;
 E3: W - Component A0005454131 not found in database !&#xD;
 E3: W - Cannot load Component 'A0005454131' from database - look in output window for details... &#xD;
 E3: E - Cannot create new device 'F152/2*S5-B_V1' with component 'A0005454131'&#xD;
 E3: W - Component A0005454631 not found in database !&#xD;
 E3: W - Cannot load Component 'A0005454631' from database - look in output window for details... &#xD;
 E3: E - Cannot create new device 'F152/2*S8-B_V1' with component 'A0005454631'&#xD;
 E3: W - Component A0005454231 not found in database !&#xD;
 E3: W - Cannot load Component 'A0005454231' from database - look in output window for details... &#xD;
 E3: E - Cannot create new device 'F152/2*S9-B_V1' with component 'A0005454231'&#xD;
 E3: W - Component A0005458402 not found in database !&#xD;
 E3: W - Cannot load Component 'A0005458402' from database - look in output window for details... &#xD;
 E3: E - Cannot create new device 'N118/5*1-B_V1' with component 'A0005458402'&#xD;
 E3: W - Component A0325454326 not found in database !&#xD;
 E3: W - Cannot load Component 'A0325454326' from database - look in output window for details... &#xD;
 E3: E - Cannot create new device 'N28/1*B-B_V1' with component 'A0325454326'&#xD;
 E3: W - Component A0325453126 not found in database !&#xD;
 E3: W - Cannot load Component 'A0325453126' from database - look in output window for details... &#xD;
 E3: E - Cannot create new device 'N28/1*C-B_V1' with component 'A0325453126'&#xD;
 E3: W - Component A0325453226 not found in database !&#xD;
 E3: W - Cannot load Component 'A0325453226' from database - look in output window for details... &#xD;
 E3: E - Cannot create new device 'N28/1*D-B_V1' with component 'A0325453226'&#xD;
 E3: W - Component A1729821302 not found in database !&#xD;
 E3: W - Cannot load Component 'A1729821302' from database - look in output window for details... &#xD;
 E3: E - Cannot create new device 'W7/1*1-K_V1' with component 'A1729821302'&#xD;
 E3: W - Component A0065402681 not found in database !&#xD;
 E3: W - Cannot load Component 'A0065402681' from database - look in output window for details... &#xD;
 E3: E - Cannot create new device 'X62/32*3-B_V1' with component 'A0065402681'&#xD;
 E3: W - Component A1729821302 not found in database !&#xD;
 E3: W - Cannot load Component 'A1729821302' from database - look in output window for details... &#xD;
 E3: E - Cannot create new device 'W54/4*1-K_V1' with component 'A1729821302'&#xD;
 E3: W - Component A0335455526 not found in database !&#xD;
 E3: W - Cannot load Component 'A0335455526' from database - look in output window for details... &#xD;
 E3: E - Cannot create new device 'R12/11*1-B_V1' with component 'A0335455526'&#xD;
 E3: W - Component A1729821302 not found in database !&#xD;
 E3: W - Cannot load Component 'A1729821302' from database - look in output window for details... &#xD;
 E3: E - Cannot create new device 'W17*1-K_V1' with component 'A1729821302'&#xD;
 E3: W - Component A0065402681 not found in database !&#xD;
 E3: W - Cannot load Component 'A0065402681' from database - look in output window for details... &#xD;
 E3: E - Cannot create new device 'X62/33*3-B_V1' with component 'A0065402681'&#xD;
 E3: W - Component A1729821302 not found in database !&#xD;
 E3: W - Cannot load Component 'A1729821302' from database - look in output window for details... &#xD;
 E3: E - Cannot create new device 'W54/5*1-K_V1' with component 'A1729821302'&#xD;
 E3: W - Component A0335455526 not found in database !&#xD;
 E3: W - Cannot load Component 'A0335455526' from database - look in output window for details... &#xD;
 E3: E - Cannot create new device 'R12/12*1-B_V1' with component 'A0335455526'&#xD;
 E3: W - Component A2235407003 not found in database !&#xD;
 E3: W - Cannot load Component 'A2235407003' from database - look in output window for details... &#xD;
 E3: E - Cannot create new device 'N25/3*1-B_V1' with component 'A2235407003'&#xD;
 E3: W - Component A1715450128 not found in database !&#xD;
 E3: W - Cannot load Component 'A1715450128' from database - look in output window for details... &#xD;
 E3: E - Cannot create new device 'A92*1-B_V1' with component 'A1715450128'&#xD;
 E3: W - Component A0275457226 not found in database !&#xD;
 E3: W - Cannot load Component 'A0275457226' from database - look in output window for details... &#xD;
 E3: E - Cannot create new device 'B4/15*1-B_V1' with component 'A0275457226'&#xD;
 E3: W - Component A0055403981 not found in database !&#xD;
 E3: W - Cannot load Component 'A0055403981' from database - look in output window for details... &#xD;
 E3: E - Cannot create new device 'X25/4*1-B_V1' with component 'A0055403981'&#xD;
 E3: W - Component A0375455928 not found in database !&#xD;
 E3: W - Cannot load Component 'A0375455928' from database - look in output window for details... &#xD;
 E3: E - Cannot create new device 'X77/3*1-B_V1' with component 'A0375455928'&#xD;
 E3: W - Component A0005455722 not found in database !&#xD;
 E3: W - Cannot load Component 'A0005455722' from database - look in output window for details... &#xD;
 E3: E - Cannot create new device 'R13/8*1-B_V1' with component 'A0005455722'&#xD;
 E3: W - Component A0385451228 not found in database !&#xD;
 E3: W - Cannot load Component 'A0385451228' from database - look in output window for details... &#xD;
 E3: E - Cannot create new device 'X77/1*1-B_V1' with component 'A0385451228'&#xD;
 E3: W - Component A0375456528 not found in database !&#xD;
 E3: W - Cannot load Component 'A0375456528' from database - look in output window for details... &#xD;
 E3: E - Cannot create new device 'S68/22*1-B_V1' with component 'A0375456528'&#xD;
 E3: W - Component A0375455928 not found in database !&#xD;
 E3: W - Cannot load Component 'A0375455928' from database - look in output window for details... &#xD;
 E3: E - Cannot create new device 'S68/11*1-B_V1' with component 'A0375455928'&#xD;
 E3: W - Component A0385451228 not found in database !&#xD;
 E3: W - Cannot load Component 'A0385451228' from database - look in output window for details... &#xD;
 E3: E - Cannot create new device 'X77/2*1-B_V1' with component 'A0385451228'&#xD;
 E3: W - Component A0005455722 not found in database !&#xD;
 E3: W - Cannot load Component 'A0005455722' from database - look in output window for details... &#xD;
 E3: E - Cannot create new device 'R13/7*1-B_V1' with component 'A0005455722'&#xD;
 E3: W - Component A0005455722 not found in database !&#xD;
 E3: W - Cannot load Component 'A0005455722' from database - look in output window for details... &#xD;
 E3: E - Cannot create new device 'R13/6*1-B_V1' with component 'A0005455722'&#xD;
 E3: W - Component A0005455722 not found in database !&#xD;
 E3: W - Cannot load Component 'A0005455722' from database - look in output window for details... &#xD;
 E3: E - Cannot create new device 'R13/5*1-B_V1' with component 'A0005455722'&#xD;
 E3: W - Component A0375455928 not found in database !&#xD;
 E3: W - Cannot load Component 'A0375455928' from database - look in output window for details... &#xD;
 E3: E - Cannot create new device 'A2/61*1-B_V1' with component 'A0375455928'&#xD;
 E3: W - Component A0275457426 not found in database !&#xD;
 E3: W - Cannot load Component 'A0275457426' from database - look in output window for details... &#xD;
 E3: E - Cannot create new device 'B4/40*1-B_V1' with component 'A0275457426'&#xD;
 E3: W - Component A1729821302 not found in database !&#xD;
 E3: W - Cannot load Component 'A1729821302' from database - look in output window for details... &#xD;
 E3: E - Cannot create new device 'W3/2*1-K_V1' with component 'A1729821302'&#xD;
 E3: W - Component A0275457226 not found in database !&#xD;
 E3: W - Cannot load Component 'A0275457226' from database - look in output window for details... &#xD;
 E3: E - Cannot create new device 'B22/8*1-B_V1' with component 'A0275457226'&#xD;
 E3: W - Component A0285452726 not found in database !&#xD;
 E3: W - Cannot load Component 'A0285452726' from database - look in output window for details... &#xD;
 E3: E - Cannot create new device 'Y140/1*1-B_V1' with component 'A0285452726'&#xD;
 E3: W - Component A0095400081 not found in database !&#xD;
 E3: W - Cannot load Component 'A0095400081' from database - look in output window for details... &#xD;
 E3: E - Cannot create new device 'X11/35*1-B_V1' with component 'A0095400081'&#xD;
 E3: W - Component A0001532122 not found in database !&#xD;
 E3: W - Cannot load Component 'A0001532122' from database - look in output window for details... &#xD;
 E3: E - Cannot create new device 'X26/28*1-B_V1' with component 'A0001532122'&#xD;
 E3: W - Component A0275457626 not found in database !&#xD;
 E3: W - Cannot load Component 'A0275457626' from database - look in output window for details... &#xD;
 E3: E - Cannot create new device 'Y140*1-B_V1' with component 'A0275457626'&#xD;
 E3: W - Component A2105402081 not found in database !&#xD;
 E3: W - Cannot load Component 'A2105402081' from database - look in output window for details... &#xD;
 E3: E - Cannot create new device 'B11/7*1-B_V1_O1' with component 'A2105402081'&#xD;
 E3: W - Component A1685400181 not found in database !&#xD;
 E3: W - Cannot load Component 'A1685400181' from database - look in output window for details... &#xD;
 E3: E - Cannot create new device 'B94/8*1-B_V1' with component 'A1685400181'&#xD;
 E3: W - Component A0075408881 not found in database !&#xD;
 E3: W - Cannot load Component 'A0075408881' from database - look in output window for details... &#xD;
 E3: E - Cannot create new device 'S62/48*1-B_V1' with component 'A0075408881'&#xD;
 E3: W - Component A1675401808 not found in database !&#xD;
 E3: W - Cannot load Component 'A1675401808' from database - look in output window for details... &#xD;
 E3: E - Cannot create new device 'N51/8*1a-B_V1' with component 'A1675401808'&#xD;
 E3: W - Component A0005456319 not found in database !&#xD;
 E3: W - Cannot load Component 'A0005456319' from database - look in output window for details... &#xD;
 E3: E - Cannot create new device 'B48/1*1-B_V1' with component 'A0005456319'&#xD;
 E3: W - Component A0275457426 not found in database !&#xD;
 E3: W - Cannot load Component 'A0275457426' from database - look in output window for details... &#xD;
 E3: E - Cannot create new device 'M16/58*1-B_V1' with component 'A0275457426'&#xD;
 E3: W - Component A0005456617 not found in database !&#xD;
 E3: W - Cannot load Component 'A0005456617' from database - look in output window for details... &#xD;
 E3: E - Cannot create new device 'A89*1-B_V1' with component 'A0005456617'&#xD;
 E3: W - Component A2235405102 not found in database !&#xD;
 E3: W - Cannot load Component 'A2235405102' from database - look in output window for details... &#xD;
 E3: E - Cannot create new device 'A89*2-B_V1' with component 'A2235405102'&#xD;
 E3: W - Component A0225453226 not found in database !&#xD;
 E3: W - Cannot load Component 'A0225453226' from database - look in output window for details... &#xD;
 E3: E - Cannot create new device 'B92/20*1-B_V1' with component 'A0225453226'&#xD;
 E3: W - Component A0225452026 not found in database !&#xD;
 E3: W - Cannot load Component 'A0225452026' from database - look in output window for details... &#xD;
 E3: E - Cannot create new device 'R61*1-B_V1' with component 'A0225452026'&#xD;
 E3: W - Component A0275457226 not found in database !&#xD;
 E3: W - Cannot load Component 'A0275457226' from database - look in output window for details... &#xD;
 E3: E - Cannot create new device 'B22/9*1-B_V1' with component 'A0275457226'&#xD;
 E3: W - Component A0275457026 not found in database !&#xD;
 E3: W - Cannot load Component 'A0275457026' from database - look in output window for details... &#xD;
 E3: E - Cannot create new device 'Y129*1-B_V1' with component 'A0275457026'&#xD;
 E3: W - Component A0005458512 not found in database !&#xD;
 E3: W - Cannot load Component 'A0005458512' from database - look in output window for details... &#xD;
 E3: E - Cannot create new device 'X26/38*1-B_V1' with component 'A0005458512'&#xD;
 E3: W - Component A2035400481 not found in database !&#xD;
 E3: W - Cannot load Component 'A2035400481' from database - look in output window for details... &#xD;
 E3: E - Cannot create new device 'S62/47*1-B_V1' with component 'A2035400481'&#xD;
 E3: W - Component A2105402081 not found in database !&#xD;
 E3: W - Cannot load Component 'A2105402081' from database - look in output window for details... &#xD;
 E3: E - Cannot create new device 'B11/6*1-B_V1' with component 'A2105402081'&#xD;
 E3: W - Component A0005456319 not found in database !&#xD;
 E3: W - Cannot load Component 'A0005456319' from database - look in output window for details... &#xD;
 E3: E - Cannot create new device 'B48/2*1-B_V1' with component 'A0005456319'&#xD;
 E3: W - Component A0295451226 not found in database !&#xD;
 E3: W - Cannot load Component 'A0295451226' from database - look in output window for details... &#xD;
 E3: E - Cannot create new device 'X272*1-B_V1' with component 'A0295451226'&#xD;
 E3: W - Component A0335459326 not found in database !&#xD;
 E3: W - Cannot load Component 'A0335459326' from database - look in output window for details... &#xD;
 E3: E - Cannot create new device 'S7*1-B_V1' with component 'A0335459326'&#xD;
 E3: W - Component A0285450626 not found in database !&#xD;
 E3: W - Cannot load Component 'A0285450626' from database - look in output window for details... &#xD;
 E3: E - Cannot create new device 'X30/86*10-B_V1' with component 'A0285450626'&#xD;
 E3: W - Component A0285450626 not found in database !&#xD;
 E3: W - Cannot load Component 'A0285450626' from database - look in output window for details... &#xD;
 E3: E - Cannot create new device 'X30/86*12-B_V1' with component 'A0285450626'&#xD;
 E3: W - Component A0285450626 not found in database !&#xD;
 E3: W - Cannot load Component 'A0285450626' from database - look in output window for details... &#xD;
 E3: E - Cannot create new device 'X30/86*15-B_V1' with component 'A0285450626'&#xD;
 E3: W - Component A0285450626 not found in database !&#xD;
 E3: W - Cannot load Component 'A0285450626' from database - look in output window for details... &#xD;
 E3: E - Cannot create new device 'X30/86*18-B_V1' with component 'A0285450626'&#xD;
 E3: W - Component A0285450626 not found in database !&#xD;
 E3: W - Cannot load Component 'A0285450626' from database - look in output window for details... &#xD;
 E3: E - Cannot create new device 'X30/86*19-B_V1' with component 'A0285450626'&#xD;
 E3: W - Component A0285451326 not found in database !&#xD;
 E3: W - Cannot load Component 'A0285451326' from database - look in output window for details... &#xD;
 E3: E - Cannot create new device 'X30/86*11-B_V1' with component 'A0285451326'&#xD;
 E3: W - Component A1729821302 not found in database !&#xD;
 E3: W - Cannot load Component 'A1729821302' from database - look in output window for details... &#xD;
 E3: E - Cannot create new device 'W18*1-K_V1' with component 'A1729821302'&#xD;
 E3: W - Component A2235408904 not found in database !&#xD;
 E3: W - Cannot load Component 'A2235408904' from database - look in output window for details... &#xD;
 E3: E - Cannot create new device 'N32/2*1-B_V1' with component 'A2235408904'&#xD;
 E3: W - Component A0375456528 not found in database !&#xD;
 E3: W - Cannot load Component 'A0375456528' from database - look in output window for details... &#xD;
 E3: E - Cannot create new device 'X6/4*1-B_V1' with component 'A0375456528'&#xD;
 E3: W - Component A0445455328 not found in database !&#xD;
 E3: W - Cannot load Component 'A0445455328' from database - look in output window for details... &#xD;
 E3: E - Cannot create new device 'E17/47*1-S_V1' with component 'A0445455328'&#xD;
 E3: W - Component A0275457026 not found in database !&#xD;
 E3: W - Cannot load Component 'A0275457026' from database - look in output window for details... &#xD;
 E3: E - Cannot create new device 'B48/15*1-B_V1' with component 'A0275457026'&#xD;
 E3: W - Component A0285450926 not found in database !&#xD;
 E3: W - Cannot load Component 'A0285450926' from database - look in output window for details... &#xD;
 E3: E - Cannot create new device 'X30/88*1-B_V1' with component 'A0285450926'&#xD;
 E3: W - Component A0495458528 not found in database !&#xD;
 E3: W - Cannot load Component 'A0495458528' from database - look in output window for details... &#xD;
 E3: E - Cannot create new device 'X30/88*3-B_V1' with component 'A0495458528'&#xD;
 E3: W - Component A0495458528 not found in database !&#xD;
 E3: W - Cannot load Component 'A0495458528' from database - look in output window for details... &#xD;
 E3: E - Cannot create new device 'X30/88*4-B_V1' with component 'A0495458528'&#xD;
 E3: W - Component A0495458528 not found in database !&#xD;
 E3: W - Cannot load Component 'A0495458528' from database - look in output window for details... &#xD;
 E3: E - Cannot create new device 'X30/88*5-B_V1' with component 'A0495458528'&#xD;
 E3: W - Component A0495458528 not found in database !&#xD;
 E3: W - Cannot load Component 'A0495458528' from database - look in output window for details... &#xD;
 E3: E - Cannot create new device 'X30/88*6-B_V1' with component 'A0495458528'&#xD;
 E3: W - Component A1729821302 not found in database !&#xD;
 E3: W - Cannot load Component 'A1729821302' from database - look in output window for details... &#xD;
 E3: E - Cannot create new device 'W19*1-K_V1' with component 'A1729821302'&#xD;
 E3: W - Component A2235408904 not found in database !&#xD;
 E3: W - Cannot load Component 'A2235408904' from database - look in output window for details... &#xD;
 E3: E - Cannot create new device 'N32/1*1-B_V1' with component 'A2235408904'&#xD;
 E3: W - Component A0005402910 not found in database !&#xD;
 E3: W - Cannot load Component 'A0005402910' from database - look in output window for details... &#xD;
 E3: E - Cannot create new device 'X28/60*1-B_V1' with component 'A0005402910'&#xD;
 E3: W - Component A0485454728 not found in database !&#xD;
 E3: W - Cannot load Component 'A0485454728' from database - look in output window for details... &#xD;
 E3: E - Cannot create new device 'X28/45*1-B_V1' with component 'A0485454728'&#xD;
 E3: W - Component A0375456528 not found in database !&#xD;
 E3: W - Cannot load Component 'A0375456528' from database - look in output window for details... &#xD;
 E3: E - Cannot create new device 'X6/5*1-B_V1' with component 'A0375456528'&#xD;
 E3: W - Component A0445455328 not found in database !&#xD;
 E3: W - Cannot load Component 'A0445455328' from database - look in output window for details... &#xD;
 E3: E - Cannot create new device 'E17/48*1-S_V1' with component 'A0445455328'&#xD;
 E3: W - Component A0275457026 not found in database !&#xD;
 E3: W - Cannot load Component 'A0275457026' from database - look in output window for details... &#xD;
 E3: E - Cannot create new device 'B48/16*1-B_V1' with component 'A0275457026'&#xD;
 E3: W - Component A0395456628 not found in database !&#xD;
 E3: W - Cannot load Component 'A0395456628' from database - look in output window for details... &#xD;
 E3: E - Cannot create new device 'B38/2*1-B_V1_O2' with component 'A0395456628'&#xD;
 E3: W - Component A0005459323 not found in database !&#xD;
 E3: W - Cannot load Component 'A0005459323' from database - look in output window for details... &#xD;
 E3: E - Cannot create new device 'B84/19*1-B_V2' with component 'A0005459323'&#xD;
 E3: W - Component A0235455526 not found in database !&#xD;
 E3: W - Cannot load Component 'A0235455526' from database - look in output window for details... &#xD;
 E3: E - Cannot create new device 'B84/14*1-B_V1_O2' with component 'A0235455526'&#xD;
 E3: W - Component A2235457000 not found in database !&#xD;
 E3: W - Cannot load Component 'A2235457000' from database - look in output window for details... &#xD;
 E3: E - Cannot create new device 'A40/11*2-B_V1' with component 'A2235457000'&#xD;
 E3: W - Component A0005458533 not found in database !&#xD;
 E3: W - Cannot load Component 'A0005458533' from database - look in output window for details... &#xD;
 E3: E - Cannot create new device 'A40/11*1-B_V1' with component 'A0005458533'&#xD;
 E3: W - Component A0375455928 not found in database !&#xD;
 E3: W - Cannot load Component 'A0375455928' from database - look in output window for details... &#xD;
 E3: E - Cannot create new device 'R53*1-B_V1' with component 'A0375455928'&#xD;
 E3: W - Component A0375455928 not found in database !&#xD;
 E3: W - Cannot load Component 'A0375455928' from database - look in output window for details... &#xD;
 E3: E - Cannot create new device 'R53/1*1-B_V1' with component 'A0375455928'&#xD;
 E3: W - Component A0005458533 not found in database !&#xD;
 E3: W - Cannot load Component 'A0005458533' from database - look in output window for details... &#xD;
 E3: E - Cannot create new device 'A40/13*1-B_V1' with component 'A0005458533'&#xD;
 E3: W - Component A2235404902 not found in database !&#xD;
 E3: W - Cannot load Component 'A2235404902' from database - look in output window for details... &#xD;
 E3: E - Cannot create new device 'A40/13*2-B_V1' with component 'A2235404902'&#xD;
 E3: W - Component A0255459526 not found in database !&#xD;
 E3: W - Cannot load Component 'A0255459526' from database - look in output window for details... &#xD;
 E3: E - Cannot create new device 'X58/3*2-B_V1' with component 'A0255459526'&#xD;
 E3: W - Component A0065408381 not found in database !&#xD;
 E3: W - Cannot load Component 'A0065408381' from database - look in output window for details... &#xD;
 E3: E - Cannot create new device 'N70*1-B_V1' with component 'A0065408381'&#xD;
 E3: W - Component A0295452426 not found in database !&#xD;
 E3: W - Cannot load Component 'A0295452426' from database - look in output window for details... &#xD;
 E3: E - Cannot create new device 'R12/22*1-B_V1_O1' with component 'A0295452426'&#xD;
 E3: W - Component A0345458626 not found in database !&#xD;
 E3: W - Cannot load Component 'A0345458626' from database - look in output window for details... &#xD;
 E3: E - Cannot create new device 'A3/5*1-B_V1_O1' with component 'A0345458626'&#xD;
 E3: W - Component A0115405581 not found in database !&#xD;
 E3: W - Cannot load Component 'A0115405581' from database - look in output window for details... &#xD;
 E3: E - Cannot create new device 'N121/1*1-B_V1_O1' with component 'A0115405581'&#xD;
 E3: W - Component A0315452026 not found in database !&#xD;
 E3: W - Cannot load Component 'A0315452026' from database - look in output window for details... &#xD;
 E3: E - Cannot create new device 'X58/12*1-B_V1_O1' with component 'A0315452026'&#xD;
 E3: W - Component A0495458428 not found in database !&#xD;
 E3: W - Cannot load Component 'A0495458428' from database - look in output window for details... &#xD;
 E3: E - Cannot create new device 'H13/4*1-B_V1_O1' with component 'A0495458428'&#xD;
 E3: W - Component A0495458428 not found in database !&#xD;
 E3: W - Cannot load Component 'A0495458428' from database - look in output window for details... &#xD;
 E3: E - Cannot create new device 'H21/33*1-B_V1_O1' with component 'A0495458428'&#xD;
 E3: W - Component A0535453528 not found in database !&#xD;
 E3: W - Cannot load Component 'A0535453528' from database - look in output window for details... &#xD;
 E3: E - Cannot create new device 'A28/15*2-S_V1' with component 'A0535453528'&#xD;
 E3: W - Component A0005454633 not found in database !&#xD;
 E3: W - Cannot load Component 'A0005454633' from database - look in output window for details... &#xD;
 E3: E - Cannot create new device 'S54/9*1-B_V1_O1' with component 'A0005454633'&#xD;
 E3: W - Component A0375456528 not found in database !&#xD;
 E3: W - Cannot load Component 'A0375456528' from database - look in output window for details... &#xD;
 E3: E - Cannot create new device 'A28/15*3-B_V1' with component 'A0375456528'&#xD;
 E3: W - Component A0235455526 not found in database !&#xD;
 E3: W - Cannot load Component 'A0235455526' from database - look in output window for details... &#xD;
 E3: E - Cannot create new device 'A28/15*1-B_V1' with component 'A0235455526'&#xD;
 E3: W - Component A0295452426 not found in database !&#xD;
 E3: W - Cannot load Component 'A0295452426' from database - look in output window for details... &#xD;
 E3: E - Cannot create new device 'R12/23*1-B_V1_O1' with component 'A0295452426'&#xD;
 E3: W - Component A0345458626 not found in database !&#xD;
 E3: W - Cannot load Component 'A0345458626' from database - look in output window for details... &#xD;
 E3: E - Cannot create new device 'A3/6*1-B_V1_O1' with component 'A0345458626'&#xD;
 E3: W - Component A0235455526 not found in database !&#xD;
 E3: W - Cannot load Component 'A0235455526' from database - look in output window for details... &#xD;
 E3: E - Cannot create new device 'A2/93*CE1-B_V1_O1' with component 'A0235455526'&#xD;
 E3: W - Component A0235456026 not found in database !&#xD;
 E3: W - Cannot load Component 'A0235456026' from database - look in output window for details... &#xD;
 E3: E - Cannot create new device 'A2/93*CE4-B_V1_O1' with component 'A0235456026'&#xD;
 E3: W - Component A0235455926 not found in database !&#xD;
 E3: W - Cannot load Component 'A0235455926' from database - look in output window for details... &#xD;
 E3: E - Cannot create new device 'A2/93*CE2-B_V1_O1' with component 'A0235455926'&#xD;
 E3: W - Component A0235455826 not found in database !&#xD;
 E3: W - Cannot load Component 'A0235455826' from database - look in output window for details... &#xD;
 E3: E - Cannot create new device 'A2/93*GN1-B_V1_O1' with component 'A0235455826'&#xD;
 E3: W - Component A0235455626 not found in database !&#xD;
 E3: W - Cannot load Component 'A0235455626' from database - look in output window for details... &#xD;
 E3: E - Cannot create new device 'A2/93*CE3-B_V1_O1' with component 'A0235455626'&#xD;
 E3: W - Component A0285451126 not found in database !&#xD;
 E3: W - Cannot load Component 'A0285451126' from database - look in output window for details... &#xD;
 E3: E - Cannot create new device 'A2/93*2-B_V1_O1' with component 'A0285451126'&#xD;
 E3: W - Component A2235404902 not found in database !&#xD;
 E3: W - Cannot load Component 'A2235404902' from database - look in output window for details... &#xD;
 E3: E - Cannot create new device 'N112/2*2a-B_V1' with component 'A2235404902'&#xD;
 E3: W - Component A2235404902 not found in database !&#xD;
 E3: W - Cannot load Component 'A2235404902' from database - look in output window for details... &#xD;
 E3: E - Cannot create new device 'N112/2*2b-B_V1' with component 'A2235404902'&#xD;
 E3: W - Component A0525452626 not found in database !&#xD;
 E3: W - Cannot load Component 'A0525452626' from database - look in output window for details... &#xD;
 E3: E - Cannot create new device 'N112/2*1-B_V1' with component 'A0525452626'&#xD;
 E3: W - Component A0295459526 not found in database !&#xD;
 E3: W - Cannot load Component 'A0295459526' from database - look in output window for details... &#xD;
 E3: E - Cannot create new device 'N112/2*4-B_V1_O1' with component 'A0295459526'&#xD;
 E3: W - Component A0295459426 not found in database !&#xD;
 E3: W - Cannot load Component 'A0295459426' from database - look in output window for details... &#xD;
 E3: E - Cannot create new device 'N112/2*3-B_V1_O1' with component 'A0295459426'&#xD;
 E3: W - Component A0335455326 not found in database !&#xD;
 E3: W - Cannot load Component 'A0335455326' from database - look in output window for details... &#xD;
 E3: E - Cannot create new device 'R12/7*1-B_V1_O1' with component 'A0335455326'&#xD;
 E3: W - Component A0495458428 not found in database !&#xD;
 E3: W - Cannot load Component 'A0495458428' from database - look in output window for details... &#xD;
 E3: E - Cannot create new device 'H21/34*1-B_V1_O1' with component 'A0495458428'&#xD;
 E3: W - Component A0005454633 not found in database !&#xD;
 E3: W - Cannot load Component 'A0005454633' from database - look in output window for details... &#xD;
 E3: E - Cannot create new device 'S54/10*1-B_V1_O1' with component 'A0005454633'&#xD;
 E3: W - Component A0235455726 not found in database !&#xD;
 E3: W - Cannot load Component 'A0235455726' from database - look in output window for details... &#xD;
 E3: E - Cannot create new device 'A2/65*2-B_V1_O1' with component 'A0235455726'&#xD;
 E3: W - Component A0375456328 not found in database !&#xD;
 E3: W - Cannot load Component 'A0375456328' from database - look in output window for details... &#xD;
 E3: E - Cannot create new device 'E21*1-B_V1' with component 'A0375456328'&#xD;
 E3: W - Component A0235455626 not found in database !&#xD;
 E3: W - Cannot load Component 'A0235455626' from database - look in output window for details... &#xD;
 E3: E - Cannot create new device 'A2/65*1-B_V1_O1' with component 'A0235455626'&#xD;
 E3: W - Component A0445455328 not found in database !&#xD;
 E3: W - Cannot load Component 'A0445455328' from database - look in output window for details... &#xD;
 E3: E - Cannot create new device 'B39/4*1-S_V1_O1' with component 'A0445455328'&#xD;
 E3: W - Component A0385454828 not found in database !&#xD;
 E3: W - Cannot load Component 'A0385454828' from database - look in output window for details... &#xD;
 E3: E - Cannot create new device 'M6/4*1-B_V1' with component 'A0385454828'&#xD;
 E3: W - Component DUMMY_KSL_CONNECTOR_12 not found in database !&#xD;
 E3: W - Cannot load Component 'DUMMY_KSL_CONNECTOR_12' from database - look in output window for details... &#xD;
 E3: E - Cannot create new device 'E3/17*1-B_V1_O1' with component 'DUMMY_KSL_CONNECTOR_12'&#xD;
 E3: W - Component DUMMY_KSL_CONNECTOR_12 not found in database !&#xD;
 E3: W - Cannot load Component 'DUMMY_KSL_CONNECTOR_12' from database - look in output window for details... &#xD;
 E3: E - Cannot create new device 'E4/17*1-B_V1_O1' with component 'DUMMY_KSL_CONNECTOR_12'&#xD;
 E3: W - Component A1729821302 not found in database !&#xD;
 E3: W - Cannot load Component 'A1729821302' from database - look in output window for details... &#xD;
 E3: E - Cannot create new device 'W8/5*1-K_V1_O1' with component 'A1729821302'&#xD;
 E3: W - Component A0275457026 not found in database !&#xD;
 E3: W - Cannot load Component 'A0275457026' from database - look in output window for details... &#xD;
 E3: E - Cannot create new device 'M14/4*1-B_V1_O1' with component 'A0275457026'&#xD;
 E3: W - Component A0005453327 not found in database !&#xD;
 E3: W - Cannot load Component 'A0005453327' from database - look in output window for details... &#xD;
 E3: E - Cannot create new device 'S142/2*1-B_V1_O1' with component 'A0005453327'&#xD;
 E3: W - Component A0395456628 not found in database !&#xD;
 E3: W - Cannot load Component 'A0395456628' from database - look in output window for details... &#xD;
 E3: E - Cannot create new device 'S62/36*2-B_V1_O1' with component 'A0395456628'&#xD;
 E3: W - Component A0275457926 not found in database !&#xD;
 E3: W - Cannot load Component 'A0275457926' from database - look in output window for details... &#xD;
 E3: E - Cannot create new device 'M35/2*1-B_V1_O1' with component 'A0275457926'&#xD;
 E3: W - Component A2105402081 not found in database !&#xD;
 E3: W - Cannot load Component 'A2105402081' from database - look in output window for details... &#xD;
 E3: E - Cannot create new device 'S88/8*1-B_V1_O1' with component 'A2105402081'&#xD;
 E3: W - Component A0275457626 not found in database !&#xD;
 E3: W - Cannot load Component 'A0275457626' from database - look in output window for details... &#xD;
 E3: E - Cannot create new device 'A85/6*1-B_V1_O1' with component 'A0275457626'&#xD;
 E3: W - Component A0375456028 not found in database !&#xD;
 E3: W - Cannot load Component 'A0375456028' from database - look in output window for details... &#xD;
 E3: E - Cannot create new device 'H4/60*1-B_V1_O1' with component 'A0375456028'&#xD;
 E3: W - Component A0375456028 not found in database !&#xD;
 E3: W - Cannot load Component 'A0375456028' from database - look in output window for details... &#xD;
 E3: E - Cannot create new device 'E19/1*1-B_V1' with component 'A0375456028'&#xD;
 E3: W - Component A0375456028 not found in database !&#xD;
 E3: W - Cannot load Component 'A0375456028' from database - look in output window for details... &#xD;
 E3: E - Cannot create new device 'E19/2*1-B_V1' with component 'A0375456028'&#xD;
 E3: W - Component DUMMY_KSL_CONNECTOR_5 not found in database !&#xD;
 E3: W - Cannot load Component 'DUMMY_KSL_CONNECTOR_5' from database - look in output window for details... &#xD;
 E3: E - Cannot create new device 'N15/15*1-B_V1' with component 'DUMMY_KSL_CONNECTOR_5'&#xD;
 E3: W - Component A0005458512 not found in database !&#xD;
 E3: W - Cannot load Component 'A0005458512' from database - look in output window for details... &#xD;
 E3: E - Cannot create new device 'A79/8*3-B_V1' with component 'A0005458512'&#xD;
 E3: W - Component A0315450226 not found in database !&#xD;
 E3: W - Cannot load Component 'A0315450226' from database - look in output window for details... &#xD;
 E3: E - Cannot create new device 'N147*1-B_V1' with component 'A0315450226'&#xD;
 E3: W - Component A2105404381 not found in database !&#xD;
 E3: W - Cannot load Component 'A2105404381' from database - look in output window for details... &#xD;
 E3: E - Cannot create new device 'A101*1-B_V1' with component 'A2105404381'&#xD;
 E3: W - Component A0275457026 not found in database !&#xD;
 E3: W - Cannot load Component 'A0275457026' from database - look in output window for details... &#xD;
 E3: E - Cannot create new device 'Y75/1*1-B_V1' with component 'A0275457026'&#xD;
 E3: W - Component A0345458626 not found in database !&#xD;
 E3: W - Cannot load Component 'A0345458626' from database - look in output window for details... &#xD;
 E3: E - Cannot create new device 'A103*2-B_V1' with component 'A0345458626'&#xD;
 E3: W - Component A0275457726 not found in database !&#xD;
 E3: W - Cannot load Component 'A0275457726' from database - look in output window for details... &#xD;
 E3: E - Cannot create new device 'R7/3*1-B_V1' with component 'A0275457726'&#xD;
 E3: W - Component A0265455926 not found in database !&#xD;
 E3: W - Cannot load Component 'A0265455926' from database - look in output window for details... &#xD;
 E3: E - Cannot create new device 'A103*1-B_V1' with component 'A0265455926'&#xD;
 E3: W - Component A2235404902 not found in database !&#xD;
 E3: W - Cannot load Component 'A2235404902' from database - look in output window for details... &#xD;
 E3: E - Cannot create new device 'A26/17*8-B_V1' with component 'A2235404902'&#xD;
 E3: W - Component A0005403302 not found in database !&#xD;
 E3: W - Cannot load Component 'A0005403302' from database - look in output window for details... &#xD;
 E3: E - Cannot create new device 'A26/17*7-B_V1' with component 'A0005403302'&#xD;
 E3: W - Component A0235455526 not found in database !&#xD;
 E3: W - Cannot load Component 'A0235455526' from database - look in output window for details... &#xD;
 E3: E - Cannot create new device 'A26/17*4-B_V1' with component 'A0235455526'&#xD;
 E3: W - Component A2235404902 not found in database !&#xD;
 E3: W - Cannot load Component 'A2235404902' from database - look in output window for details... &#xD;
 E3: E - Cannot create new device 'A26/17*3-B_V1' with component 'A2235404902'&#xD;
 E3: W - Component A0005405203 not found in database !&#xD;
 E3: W - Cannot load Component 'A0005405203' from database - look in output window for details... &#xD;
 E3: E - Cannot create new device 'A26/17*1-B_V1' with component 'A0005405203'&#xD;
 E3: W - Component A0005403610 not found in database !&#xD;
 E3: W - Cannot load Component 'A0005403610' from database - look in output window for details... &#xD;
 E3: E - Cannot create new device 'A26/17*2-B_V1' with component 'A0005403610'&#xD;
 E3: W - Component A0005452933 not found in database !&#xD;
 E3: W - Cannot load Component 'A0005452933' from database - look in output window for details... &#xD;
 E3: E - Cannot create new device 'A26/17*13-B_V1' with component 'A0005452933'&#xD;
 E3: W - Component A0235455626 not found in database !&#xD;
 E3: W - Cannot load Component 'A0235455626' from database - look in output window for details... &#xD;
 E3: E - Cannot create new device 'A26/17*15-B_V1' with component 'A0235455626'&#xD;
 E3: W - Component A0235455926 not found in database !&#xD;
 E3: W - Cannot load Component 'A0235455926' from database - look in output window for details... &#xD;
 E3: E - Cannot create new device 'A26/17*14-B_V1' with component 'A0235455926'&#xD;
 E3: W - Component A0009829511 not found in database !&#xD;
 E3: W - Cannot load Component 'A0009829511' from database - look in output window for details... &#xD;
 E3: E - Cannot create new device 'F150/5*A47-K_V1' with component 'A0009829511'&#xD;
 E3: W - Component A0009826213 not found in database !&#xD;
 E3: W - Cannot load Component 'A0009826213' from database - look in output window for details... &#xD;
 E3: E - Cannot create new device 'G1*B95-K_V1' with component 'A0009826213'&#xD;
 E3: W - Component A0025460844 not found in database !&#xD;
 E3: W - Cannot load Component 'A0025460844' from database - look in output window for details... &#xD;
 E3: E - Cannot create new device 'G1*D1-K_V1' with component 'A0025460844'&#xD;
 E3: W - Component A0009823203 not found in database !&#xD;
 E3: W - Cannot load Component 'A0009823203' from database - look in output window for details... &#xD;
 E3: E - Cannot create new device 'F150/5*A42-K_V1' with component 'A0009823203'&#xD;
 E3: W - Component A0009823603 not found in database !&#xD;
 E3: W - Cannot load Component 'A0009823603' from database - look in output window for details... &#xD;
 E3: E - Cannot create new device 'F150/5*A43-K_V1' with component 'A0009823603'&#xD;
 E3: W - Component A0009829611 not found in database !&#xD;
 E3: W - Cannot load Component 'A0009829611' from database - look in output window for details... &#xD;
 E3: E - Cannot create new device 'F150/5*A46-K_V1' with component 'A0009829611'&#xD;
 E3: W - Component A0009821403 not found in database !&#xD;
 E3: W - Cannot load Component 'A0009821403' from database - look in output window for details... &#xD;
 E3: E - Cannot create new device 'F150/5*A41-K_V1' with component 'A0009821403'&#xD;
 E3: W - Component A0285452726 not found in database !&#xD;
 E3: W - Cannot load Component 'A0285452726' from database - look in output window for details... &#xD;
 E3: E - Cannot create new device 'F150/5*A40-B_V1' with component 'A0285452726'&#xD;
 E3: W - Component A0275457626 not found in database !&#xD;
 E3: W - Cannot load Component 'A0275457626' from database - look in output window for details... &#xD;
 E3: E - Cannot create new device 'M16/53*1-B_V1' with component 'A0275457626'&#xD;
 E3: W - Component A2105402081 not found in database !&#xD;
 E3: W - Cannot load Component 'A2105402081' from database - look in output window for details... &#xD;
 E3: E - Cannot create new device 'B11/7*1-B_V1_O2' with component 'A2105402081'&#xD;
 E3: W - Component A0275457926 not found in database !&#xD;
 E3: W - Cannot load Component 'A0275457926' from database - look in output window for details... &#xD;
 E3: E - Cannot create new device 'Y133/2*1-B_V1' with component 'A0275457926'&#xD;
 E3: W - Component A0315450226 not found in database !&#xD;
 E3: W - Cannot load Component 'A0315450226' from database - look in output window for details... &#xD;
 E3: E - Cannot create new device 'N83*1-B_V1' with component 'A0315450226'&#xD;
 E3: W - Component A0325450826 not found in database !&#xD;
 E3: W - Cannot load Component 'A0325450826' from database - look in output window for details... &#xD;
 E3: E - Cannot create new device 'N82/10*4-B_V1' with component 'A0325450826'&#xD;
 E3: W - Component A0315450326 not found in database !&#xD;
 E3: W - Cannot load Component 'A0315450326' from database - look in output window for details... &#xD;
 E3: E - Cannot create new device 'N116/5*1-B_V1' with component 'A0315450326'&#xD;
 E3: W - Component A0085407581 not found in database !&#xD;
 E3: W - Cannot load Component 'A0085407581' from database - look in output window for details... &#xD;
 E3: E - Cannot create new device 'X35/3*1-B_V1' with component 'A0085407581'&#xD;
 E3: W - Component A0085407581 not found in database !&#xD;
 E3: W - Cannot load Component 'A0085407581' from database - look in output window for details... &#xD;
 E3: E - Cannot create new device 'X35/4*1-B_V1' with component 'A0085407581'&#xD;
 E3: W - Component A1729821802 not found in database !&#xD;
 E3: W - Cannot load Component 'A1729821802' from database - look in output window for details... &#xD;
 E3: E - Cannot create new device 'W107*1-K_V1' with component 'A1729821802'&#xD;
 E3: W - Component A1675409603 not found in database !&#xD;
 E3: W - Cannot load Component 'A1675409603' from database - look in output window for details... &#xD;
 E3: E - Cannot create new device 'N68/4*1-B_V1' with component 'A1675409603'&#xD;
 E3: W - Component A2105403681 not found in database !&#xD;
 E3: W - Cannot load Component 'A2105403681' from database - look in output window for details... &#xD;
 E3: E - Cannot create new device 'N68/4*2-B_V1' with component 'A2105403681'&#xD;
 E3: W - Component A0275457226 not found in database !&#xD;
 E3: W - Cannot load Component 'A0275457226' from database - look in output window for details... &#xD;
 E3: E - Cannot create new device 'B22/7*1-B_V1' with component 'A0275457226'&#xD;
 E3: W - Component A1685400181 not found in database !&#xD;
 E3: W - Cannot load Component 'A1685400181' from database - look in output window for details... &#xD;
 E3: E - Cannot create new device 'H4/148*1-B_V1' with component 'A1685400181'&#xD;
 E3: W - Component DUMMY_KSL_CONNECTOR_12 not found in database !&#xD;
 E3: W - Cannot load Component 'DUMMY_KSL_CONNECTOR_12' from database - look in output window for details... &#xD;
 E3: E - Cannot create new device 'E3/18*1-B_V1_O1' with component 'DUMMY_KSL_CONNECTOR_12'&#xD;
 E3: W - Component A0001534524 not found in database !&#xD;
 E3: W - Cannot load Component 'A0001534524' from database - look in output window for details... &#xD;
 E3: E - Cannot create new device 'X26/40*1-S_V1_O1' with component 'A0001534524'&#xD;
 E3: W - Component A2235406515 not found in database !&#xD;
 E3: W - Cannot load Component 'A2235406515' from database - look in output window for details... &#xD;
 E3: E - Cannot create new device 'B29/13*1-B_V1_O1' with component 'A2235406515'&#xD;
 E3: W - Component A2105403681 not found in database !&#xD;
 E3: W - Cannot load Component 'A2105403681' from database - look in output window for details... &#xD;
 E3: E - Cannot create new device 'A3/3*1-B_V1_O1' with component 'A2105403681'&#xD;
 E3: W - Component DUMMY_KSL_CONNECTOR_12 not found in database !&#xD;
 E3: W - Cannot load Component 'DUMMY_KSL_CONNECTOR_12' from database - look in output window for details... &#xD;
 E3: E - Cannot create new device 'E4/18*1-B_V1_O1' with component 'DUMMY_KSL_CONNECTOR_12'&#xD;
 E3: W - Component A2235406415 not found in database !&#xD;
 E3: W - Cannot load Component 'A2235406415' from database - look in output window for details... &#xD;
 E3: E - Cannot create new device 'B29/14*1-B_V1_O1' with component 'A2235406415'&#xD;
 E3: W - Component A2105403681 not found in database !&#xD;
 E3: W - Cannot load Component 'A2105403681' from database - look in output window for details... &#xD;
 E3: E - Cannot create new device 'A3/4*1-B_V1_O1' with component 'A2105403681'&#xD;
 E3: W - Component A0245458226 not found in database !&#xD;
 E3: W - Cannot load Component 'A0245458226' from database - look in output window for details... &#xD;
 E3: E - Cannot create new device 'B20*1-B_V1' with component 'A0245458226'&#xD;
 E3: W - Component A0395456628 not found in database !&#xD;
 E3: W - Cannot load Component 'A0395456628' from database - look in output window for details... &#xD;
 E3: E - Cannot create new device 'N58/1*1-B_V1' with component 'A0395456628'&#xD;
 E3: W - Component A0225400481 not found in database !&#xD;
 E3: W - Cannot load Component 'A0225400481' from database - look in output window for details... &#xD;
 E3: E - Cannot create new device 'N72/1*1-B_V1' with component 'A0225400481'&#xD;
 E3: W - Component A0005458027 not found in database !&#xD;
 E3: W - Cannot load Component 'A0005458027' from database - look in output window for details... &#xD;
 E3: E - Cannot create new device 'E13/23*1-B_V1' with component 'A0005458027'&#xD;
 E3: W - Component A0005453127 not found in database !&#xD;
 E3: W - Cannot load Component 'A0005453127' from database - look in output window for details... &#xD;
 E3: E - Cannot create new device 'E43/80*1-B_V1' with component 'A0005453127'&#xD;
 E3: W - Component A0385457128 not found in database !&#xD;
 E3: W - Cannot load Component 'A0385457128' from database - look in output window for details... &#xD;
 E3: E - Cannot create new device 'N123/8*1-B_V1' with component 'A0385457128'&#xD;
 E3: W - Component DUMMY_KSL_CONNECTOR_8_HSD not found in database !&#xD;
 E3: W - Cannot load Component 'DUMMY_KSL_CONNECTOR_8_HSD' from database - look in output window for details... &#xD;
 E3: E - Cannot create new device 'A90/5*1HSD-B_V1' with component 'DUMMY_KSL_CONNECTOR_8_HSD'&#xD;
 E3: W - Component A0255459626 not found in database !&#xD;
 E3: W - Cannot load Component 'A0255459626' from database - look in output window for details... &#xD;
 E3: E - Cannot create new device 'X138/1*1-B_V1' with component 'A0255459626'&#xD;
 E3: W - Component A0025455440 not found in database !&#xD;
 E3: W - Cannot load Component 'A0025455440' from database - look in output window for details... &#xD;
 E3: E - Cannot create new device 'A90/5*1MQS-B_V1' with component 'A0025455440'&#xD;
 E3: W - Component A0235455826 not found in database !&#xD;
 E3: W - Cannot load Component 'A0235455826' from database - look in output window for details... &#xD;
 E3: E - Cannot create new device 'N123/8*2-B_V1' with component 'A0235455826'&#xD;
 E3: W - Component A0375456128 not found in database !&#xD;
 E3: W - Cannot load Component 'A0375456128' from database - look in output window for details... &#xD;
 E3: E - Cannot create new device 'A2/60*1-B_V1' with component 'A0375456128'&#xD;
 E3: W - Component A0505453628 not found in database !&#xD;
 E3: W - Cannot load Component 'A0505453628' from database - look in output window for details... &#xD;
 E3: E - Cannot create new device 'A2/187*1-B_V1' with component 'A0505453628'&#xD;
 E3: W - Component A2235404902 not found in database !&#xD;
 E3: W - Cannot load Component 'A2235404902' from database - look in output window for details... &#xD;
 E3: E - Cannot create new device 'A2/187*2a-B_V1' with component 'A2235404902'&#xD;
 E3: W - Component A0005453127 not found in database !&#xD;
 E3: W - Cannot load Component 'A0005453127' from database - look in output window for details... &#xD;
 E3: E - Cannot create new device 'E20/18*1-B_V1' with component 'A0005453127'&#xD;
 E3: W - Component A0005458027 not found in database !&#xD;
 E3: W - Cannot load Component 'A0005458027' from database - look in output window for details... &#xD;
 E3: E - Cannot create new device 'E20/17*1-B_V1' with component 'A0005458027'&#xD;
 E3: W - Component A0005453127 not found in database !&#xD;
 E3: W - Cannot load Component 'A0005453127' from database - look in output window for details... &#xD;
 E3: E - Cannot create new device 'E43/153*1-B_V1' with component 'A0005453127'&#xD;
 E3: W - Component A0005453127 not found in database !&#xD;
 E3: W - Cannot load Component 'A0005453127' from database - look in output window for details... &#xD;
 E3: E - Cannot create new device 'E43/150*1-B_V1' with component 'A0005453127'&#xD;
 E3: W - Component A0005458027 not found in database !&#xD;
 E3: W - Cannot load Component 'A0005458027' from database - look in output window for details... &#xD;
 E3: E - Cannot create new device 'E13/5*1-B_V1' with component 'A0005458027'&#xD;
 E3: W - Component A0375455528 not found in database !&#xD;
 E3: W - Cannot load Component 'A0375455528' from database - look in output window for details... &#xD;
 E3: E - Cannot create new device 'S185*1-B_V1' with component 'A0375455528'&#xD;
 E3: W - Component A0005452423 not found in database !&#xD;
 E3: W - Cannot load Component 'A0005452423' from database - look in output window for details... &#xD;
 E3: E - Cannot create new device 'S185*2-B_V1' with component 'A0005452423'&#xD;
 E3: W - Component DUMMY_CON_9 not found in database !&#xD;
 E3: W - Cannot load Component 'DUMMY_CON_9' from database - look in output window for details... &#xD;
 E3: E - Cannot create new device 'X11/19*V8-B_V1' with component 'DUMMY_CON_9'&#xD;
 E3: W - Component HBE223540H077 not found in database !&#xD;
 E3: W - Cannot load Component 'HBE223540H077' from database - look in output window for details... &#xD;
 E3: E - Cannot create new device 'X11/19*V1-B_V1' with component 'HBE223540H077'&#xD;
 E3: W - Component HBE223540H078 not found in database !&#xD;
 E3: W - Cannot load Component 'HBE223540H078' from database - look in output window for details... &#xD;
 E3: E - Cannot create new device 'X11/19*V2-B_V1' with component 'HBE223540H078'&#xD;
 E3: W - Component HBE223540H079 not found in database !&#xD;
 E3: W - Cannot load Component 'HBE223540H079' from database - look in output window for details... &#xD;
 E3: E - Cannot create new device 'X11/19*V3-B_V1' with component 'HBE223540H079'&#xD;
 E3: W - Component A0225450826 not found in database !&#xD;
 E3: W - Cannot load Component 'A0225450826' from database - look in output window for details... &#xD;
 E3: E - Cannot create new device 'X11/19*V6-B_V1' with component 'A0225450826'&#xD;
 E3: W - Component A0545451326 not found in database !&#xD;
 E3: W - Cannot load Component 'A0545451326' from database - look in output window for details... &#xD;
 E3: E - Cannot create new device 'X11/19*V7-B_V1' with component 'A0545451326'&#xD;
 E3: W - Component DUMMY_CON_9 not found in database !&#xD;
 E3: W - Cannot load Component 'DUMMY_CON_9' from database - look in output window for details... &#xD;
 E3: E - Cannot create new device 'X11/19*V18-B_V1' with component 'DUMMY_CON_9'&#xD;
 E3: W - Component DUMMY_CON_9 not found in database !&#xD;
 E3: W - Cannot load Component 'DUMMY_CON_9' from database - look in output window for details... &#xD;
 E3: E - Cannot create new device 'X11/19*V13-B_V1' with component 'DUMMY_CON_9'&#xD;
 E3: W - Component DUMMY_CON_9 not found in database !&#xD;
 E3: W - Cannot load Component 'DUMMY_CON_9' from database - look in output window for details... &#xD;
 E3: E - Cannot create new device 'X11/19*V21-B_V1' with component 'DUMMY_CON_9'&#xD;
 E3: W - Component A0375455928 not found in database !&#xD;
 E3: W - Cannot load Component 'A0375455928' from database - look in output window for details... &#xD;
 E3: E - Cannot create new device 'X11/19*NA1-S_V1' with component 'A0375455928'&#xD;
 E3: W - Component A0385451228 not found in database !&#xD;
 E3: W - Cannot load Component 'A0385451228' from database - look in output window for details... &#xD;
 E3: E - Cannot create new device 'X11/19*NA2-B_V1' with component 'A0385451228'&#xD;
 E3: W - Component A0025450801 not found in database !&#xD;
 E3: W - Cannot load Component 'A0025450801' from database - look in output window for details... &#xD;
 E3: E - Cannot create new device 'F9*1-B_V1' with component 'A0025450801'&#xD;
 E3: W - Component HBE223540H077 not found in database !&#xD;
 E3: W - Cannot load Component 'HBE223540H077' from database - look in output window for details... &#xD;
 E3: E - Cannot create new device 'X11/19*H1-B_V1' with component 'HBE223540H077'&#xD;
 E3: W - Component HBE223540H078 not found in database !&#xD;
 E3: W - Cannot load Component 'HBE223540H078' from database - look in output window for details... &#xD;
 E3: E - Cannot create new device 'X11/19*H2-B_V1' with component 'HBE223540H078'&#xD;
 E3: W - Component HBE223540H079 not found in database !&#xD;
 E3: W - Cannot load Component 'HBE223540H079' from database - look in output window for details... &#xD;
 E3: E - Cannot create new device 'X11/19*H3-B_V1' with component 'HBE223540H079'&#xD;
 E3: W - Component A0545458428 not found in database !&#xD;
 E3: W - Cannot load Component 'A0545458428' from database - look in output window for details... &#xD;
 E3: E - Cannot create new device 'X11/19*H7-S_V1' with component 'A0545458428'&#xD;
 E3: W - Component MESSVERK_CON_1 not found in database !&#xD;
 E3: W - Cannot load Component 'MESSVERK_CON_1' from database - look in output window for details... &#xD;
 E3: E - Cannot create new device 'X11/19*H11-B_V1' with component 'MESSVERK_CON_1'&#xD;
 E3: W - Component A0005456129 not found in database !&#xD;
 E3: W - Cannot load Component 'A0005456129' from database - look in output window for details... &#xD;
 E3: E - Cannot create new device 'X11/19*H10-S_V1' with component 'A0005456129'&#xD;
 E3: W - Component A0225450826 not found in database !&#xD;
 E3: W - Cannot load Component 'A0225450826' from database - look in output window for details... &#xD;
 E3: E - Cannot create new device 'X11/19*H5-B_V1' with component 'A0225450826'&#xD;
 E3: W - Component A0525458728 not found in database !&#xD;
 E3: W - Cannot load Component 'A0525458728' from database - look in output window for details... &#xD;
 E3: E - Cannot create new device 'X11/19*H5-S_V1' with component 'A0525458728'&#xD;
 E3: W - Component A0225450826 not found in database !&#xD;
 E3: W - Cannot load Component 'A0225450826' from database - look in output window for details... &#xD;
 E3: E - Cannot create new device 'X11/19*H6-B_V1' with component 'A0225450826'&#xD;
 E3: W - Component DUMMY_CON_9 not found in database !&#xD;
 E3: W - Cannot load Component 'DUMMY_CON_9' from database - look in output window for details... &#xD;
 E3: E - Cannot create new device 'X11/19*H8-B_V1' with component 'DUMMY_CON_9'&#xD;
 E3: W - Component A0025454201 not found in database !&#xD;
 E3: W - Cannot load Component 'A0025454201' from database - look in output window for details... &#xD;
 E3: E - Cannot create new device 'F19/2*3-B_V1' with component 'A0025454201'&#xD;
 E3: W - Component A0025467440 not found in database !&#xD;
 E3: W - Cannot load Component 'A0025467440' from database - look in output window for details... &#xD;
 E3: E - Cannot create new device 'Z11/19*102-T_V1' with component 'A0025467440'&#xD;
 E3: W - Component A0025467440 not found in database !&#xD;
 E3: W - Cannot load Component 'A0025467440' from database - look in output window for details... &#xD;
 E3: E - Cannot create new device 'Z11/19*103-T_V1' with component 'A0025467440'&#xD;
 E3: W - Component A0025467440 not found in database !&#xD;
 E3: W - Cannot load Component 'A0025467440' from database - look in output window for details... &#xD;
 E3: E - Cannot create new device 'Z11/19*104-T_V1' with component 'A0025467440'&#xD;
 E3: W - Component A0025467440 not found in database !&#xD;
 E3: W - Cannot load Component 'A0025467440' from database - look in output window for details... &#xD;
 E3: E - Cannot create new device 'Z11/19*105-T_V1' with component 'A0025467440'&#xD;
 E3: W - Component A0025467440 not found in database !&#xD;
 E3: W - Cannot load Component 'A0025467440' from database - look in output window for details... &#xD;
 E3: E - Cannot create new device 'Z11/19*106-T_V1' with component 'A0025467440'&#xD;
 E3: W - Component A0025467440 not found in database !&#xD;
 E3: W - Cannot load Component 'A0025467440' from database - look in output window for details... &#xD;
 E3: E - Cannot create new device 'Z11/19*107-T_V1' with component 'A0025467440'&#xD;
 E3: W - Component A0025467440 not found in database !&#xD;
 E3: W - Cannot load Component 'A0025467440' from database - look in output window for details... &#xD;
 E3: E - Cannot create new device 'Z11/19*108-T_V1' with component 'A0025467440'&#xD;
 E3: W - Component A0025467440 not found in database !&#xD;
 E3: W - Cannot load Component 'A0025467440' from database - look in output window for details... &#xD;
 E3: E - Cannot create new device 'Z11/19*109-T_V1' with component 'A0025467440'&#xD;
 E3: W - Component A0025467440 not found in database !&#xD;
 E3: W - Cannot load Component 'A0025467440' from database - look in output window for details... &#xD;
 E3: E - Cannot create new device 'Z11/19*110-T_V1' with component 'A0025467440'&#xD;
 E3: W - Component A0025467440 not found in database !&#xD;
 E3: W - Cannot load Component 'A0025467440' from database - look in output window for details... &#xD;
 E3: E - Cannot create new device 'Z11/19*111-T_V1' with component 'A0025467440'&#xD;
 E3: W - Component A2235404902 not found in database !&#xD;
 E3: W - Cannot load Component 'A2235404902' from database - look in output window for details... &#xD;
 E3: E - Cannot create new device 'A2/187*2b-B_V1' with component 'A2235404902'&#xD;
 E3: W - Component LTG_END_UNGEDICHTET not found in database !&#xD;
 E3: W - Cannot load Component 'LTG_END_UNGEDICHTET' from database - look in output window for details... &#xD;
 E3: E - Cannot create new device 'Z20/36*3-C_V1' with component 'LTG_END_UNGEDICHTET'&#xD;
 E3: W - Component LTG_END_UNGEDICHTET not found in database !&#xD;
 E3: W - Cannot load Component 'LTG_END_UNGEDICHTET' from database - look in output window for details... &#xD;
 E3: E - Cannot create new device 'Z20/36*2-C_V1' with component 'LTG_END_UNGEDICHTET'&#xD;
 E3: W - Component NACHSTECK_FAKRA not found in database !&#xD;
 E3: W - Cannot load Component 'NACHSTECK_FAKRA' from database - look in output window for details... &#xD;
 E3: E - Cannot create new device 'X35/1*SVS-B_V1' with component 'NACHSTECK_FAKRA'&#xD;
 E3: W - Component A0335455426 not found in database !&#xD;
 E3: W - Cannot load Component 'A0335455426' from database - look in output window for details... &#xD;
 E3: E - Cannot create new device 'R12/6*USA-B_V1' with component 'A0335455426'&#xD;
 E3: W - Component A0335455426 not found in database !&#xD;
 E3: W - Cannot load Component 'A0335455426' from database - look in output window for details... &#xD;
 E3: E - Cannot create new device 'R12/7*USA-B_V1' with component 'A0335455426'&#xD;
 E3: W - Component A0025467440 not found in database !&#xD;
 E3: W - Cannot load Component 'A0025467440' from database - look in output window for details... &#xD;
 E3: E - Cannot create new device 'Z11/19*113-T_V1' with component 'A0025467440'&#xD;
 E3: W - Component A0315457826 not found in database !&#xD;
 E3: W - Cannot load Component 'A0315457826' from database - look in output window for details... &#xD;
 E3: E - Cannot create new device 'A98*1-B_V1' with component 'A0315457826'&#xD;
 E3: W - Component A0005459722 not found in database !&#xD;
 E3: W - Cannot load Component 'A0005459722' from database - look in output window for details... &#xD;
 E3: E - Cannot create new device 'X28/62*1-B_V1' with component 'A0005459722'&#xD;
 E3: W - Component A0005459722 not found in database !&#xD;
 E3: W - Cannot load Component 'A0005459722' from database - look in output window for details... &#xD;
 E3: E - Cannot create new device 'X28/63*1-B_V1' with component 'A0005459722'&#xD;
 E3: W - Component A0255459726 not found in database !&#xD;
 E3: W - Cannot load Component 'A0255459726' from database - look in output window for details... &#xD;
 E3: E - Cannot create new device 'X11/38*1-B_V1' with component 'A0255459726'&#xD;
 E3: W - Component A0465459128 not found in database !&#xD;
 E3: W - Cannot load Component 'A0465459128' from database - look in output window for details... &#xD;
 E3: E - Cannot create new device 'X11/19*M10-B_V1' with component 'A0465459128'&#xD;
 E3: W - Component A1685400181 not found in database !&#xD;
 E3: W - Cannot load Component 'A1685400181' from database - look in output window for details... &#xD;
 E3: E - Cannot create new device 'H4/145*1-B_V1' with component 'A1685400181'&#xD;
 E3: W - Component A0005455131 not found in database !&#xD;
 E3: W - Cannot load Component 'A0005455131' from database - look in output window for details... &#xD;
 E3: E - Cannot create new device 'F152/2*S2-B_V1' with component 'A0005455131'&#xD;
 E3: W - Component DUMMY_CON_1 not found in database !&#xD;
 E3: W - Cannot load Component 'DUMMY_CON_1' from database - look in output window for details... &#xD;
 E3: E - Cannot create new device 'A9/1*3-S_V1' with component 'DUMMY_CON_1'&#xD;
 E3: W - Component DUMMY_CON_1 not found in database !&#xD;
 E3: W - Cannot load Component 'DUMMY_CON_1' from database - look in output window for details... &#xD;
 E3: E - Cannot create new device 'Y36/4*1-S_V1' with component 'DUMMY_CON_1'&#xD;
 E3: W - Component DUMMY_CON_1 not found in database !&#xD;
 E3: W - Cannot load Component 'DUMMY_CON_1' from database - look in output window for details... &#xD;
 E3: E - Cannot create new device 'Y36/3*1-S_V1' with component 'DUMMY_CON_1'&#xD;
 E3: W - Component DUMMY_CON_1 not found in database !&#xD;
 E3: W - Cannot load Component 'DUMMY_CON_1' from database - look in output window for details... &#xD;
 E3: E - Cannot create new device 'A9/1*4-S_V1' with component 'DUMMY_CON_1'&#xD;
 E3: W - Component A1729821302 not found in database !&#xD;
 E3: W - Cannot load Component 'A1729821302' from database - look in output window for details... &#xD;
 E3: E - Cannot create new device 'W29/8*1-K_V1_O1' with component 'A1729821302'&#xD;
 E3: W - Component MESSVERK_CON_1 not found in database !&#xD;
 E3: W - Cannot load Component 'MESSVERK_CON_1' from database - look in output window for details... &#xD;
 E3: E - Cannot create new device 'X11/19*H23-B_V1' with component 'MESSVERK_CON_1'&#xD;
 E3: W - Component MESSVERK_CON_1 not found in database !&#xD;
 E3: W - Cannot load Component 'MESSVERK_CON_1' from database - look in output window for details... &#xD;
 E3: E - Cannot create new device 'X11/19*H24-B_V1' with component 'MESSVERK_CON_1'&#xD;
 E3: W - Component A0375455928 not found in database !&#xD;
 E3: W - Cannot load Component 'A0375455928' from database - look in output window for details... &#xD;
 E3: E - Cannot create new device 'E40/2*1-B_V1_O1' with component 'A0375455928'&#xD;
 E3: W - Component DUMMY_CON_1 not found in database !&#xD;
[...]
 E3: W - Component Iy-2.5 BN not found in database - nothing changed !&#xD;
 E3: W - Wire/Core '6367.2.1' could not be created.&#xD;
 E3: W - Component Iy-2.5 BN not found in database - nothing changed !&#xD;
 E3: W - Wire/Core '6367.2.2' could not be created.&#xD;
 E3: W - Component Iy-2.5 BN not found in database - nothing changed !&#xD;
 E3: W - Wire/Core '6367.1.1' could not be created.&#xD;
 E3: W - Component Iy-2.5 BN not found in database - nothing changed !&#xD;
 E3: W - Wire/Core '6367.1.2' could not be created.&#xD;
 E3: W - Component Iq-0.13 GN/WH not found in database - nothing changed !&#xD;
 E3: W - Wire/Core '6369.1' could not be created.&#xD;
 E3: W - Component Iq-0.13 GN/WH not found in database - nothing changed !&#xD;
 E3: W - Wire/Core '6369.2' could not be created.&#xD;
 E3: W - Component Iy-0.35 GN/GY not found in database - nothing changed !&#xD;
 E3: W - Wire/Core '6405.1' could not be created.&#xD;
 E3: W - Component Iy-0.35 GN/GY not found in database - nothing changed !&#xD;
 E3: W - Wire/Core '6405.2' could not be created.&#xD;
 E3: W - Component Iy-0.35 BN not found in database - nothing changed !&#xD;
 E3: W - Wire/Core '6406.1' could not be created.&#xD;
 E3: W - Component Iy-0.35 BN not found in database - nothing changed !&#xD;
 E3: W - Wire/Core '6406.2' could not be created.&#xD;
 E3: W - Component Iy-0.35 GY not found in database - nothing changed !&#xD;
 E3: W - Wire/Core '6407.1' could not be created.&#xD;
 E3: W - Component Iy-0.35 GY not found in database - nothing changed !&#xD;
 E3: W - Wire/Core '6407.2' could not be created.&#xD;
 E3: W - Component Iy-0.35 GY/BU not found in database - nothing changed !&#xD;
 E3: W - Wire/Core '6408.1' could not be created.&#xD;
 E3: W - Component Iy-0.35 GY/BU not found in database - nothing changed !&#xD;
 E3: W - Wire/Core '6408.2' could not be created.&#xD;
 E3: W - Component Iy-0.35 BN not found in database - nothing changed !&#xD;
 E3: W - Wire/Core '7020.1' could not be created.&#xD;
 E3: W - Component Iy-0.35 BN not found in database - nothing changed !&#xD;
 E3: W - Wire/Core '7020.2' could not be created.&#xD;
 E3: W - Component Iq-0.13 WH/BU not found in database - nothing changed !&#xD;
 E3: W - Wire/Core '7021.1' could not be created.&#xD;
 E3: W - Component Iq-0.13 WH/BU not found in database - nothing changed !&#xD;
 E3: W - Wire/Core '7021.2' could not be created.&#xD;
 E3: W - Component Iy-0.5 BK/GN not found in database - nothing changed !&#xD;
 E3: W - Wire/Core '2653' could not be created.&#xD;
 E3: W - Component Iy-0.5 RD/YE not found in database - nothing changed !&#xD;
 E3: W - Wire/Core '2654' could not be created.&#xD;
 E3: W - Component Iq-0.13 YE/BU not found in database - nothing changed !&#xD;
 E3: W - Wire/Core '4967' could not be created.&#xD;
 E3: W - Component Gk-4 RD/WH not found in database - nothing changed !&#xD;
 E3: W - Wire/Core '5031' could not be created.&#xD;
 E3: W - Component Gk-2.5 RD/YE not found in database - nothing changed !&#xD;
 E3: W - Wire/Core '5032' could not be created.&#xD;
 E3: W - Component Gk-4 BN not found in database - nothing changed !&#xD;
 E3: W - Wire/Core '5033' could not be created.&#xD;
 E3: W - Component Iq-0.13 GN/RD not found in database - nothing changed !&#xD;
 E3: W - Wire/Core '5295.1' could not be created.&#xD;
 E3: W - Component Iq-0.13 GN/RD not found in database - nothing changed !&#xD;
 E3: W - Wire/Core '5295.2' could not be created.&#xD;
 E3: W - Component Iq-0.13 BN not found in database - nothing changed !&#xD;
 E3: W - Wire/Core '5296.1' could not be created.&#xD;
 E3: W - Component Iq-0.13 BN not found in database - nothing changed !&#xD;
 E3: W - Wire/Core '5296.2' could not be created.&#xD;
 E3: W - Component Iy-4 RD/BU not found in database - nothing changed !&#xD;
 E3: W - Wire/Core '6471' could not be created.&#xD;
 E3: W - Component Iy-0.5 RD not found in database - nothing changed !&#xD;
 E3: W - Wire/Core '6477' could not be created.&#xD;
 E3: W - Component Iy-0.5 BN not found in database - nothing changed !&#xD;
 E3: W - Wire/Core '6479' could not be created.&#xD;
 E3: W - Component Iy-2.5 BN not found in database - nothing changed !&#xD;
 E3: W - Wire/Core '1101' could not be created.&#xD;
 E3: W - Component Iy-0.35 BK/RD not found in database - nothing changed !&#xD;
 E3: W - Wire/Core '1779' could not be created.&#xD;
 E3: W - Component Iy-0.35 BN not found in database - nothing changed !&#xD;
 E3: W - Wire/Core '3570.1' could not be created.&#xD;
 E3: W - Component Iy-0.35 BN not found in database - nothing changed !&#xD;
 E3: W - Wire/Core '3570.2' could not be created.&#xD;
 E3: W - Component Iy-0.35 BK/RD not found in database - nothing changed !&#xD;
 E3: W - Wire/Core '3571' could not be created.&#xD;
 E3: W - Component Iy-2.5 RD/GY not found in database - nothing changed !&#xD;
 E3: W - Wire/Core '4299' could not be created.&#xD;
 E3: W - Component Iy-0.35 BN not found in database - nothing changed !&#xD;
 E3: W - Wire/Core '4851.1' could not be created.&#xD;
 E3: W - Component Iy-0.35 BN not found in database - nothing changed !&#xD;
 E3: W - Wire/Core '4851.2' could not be created.&#xD;
 E3: W - Component Iy-0.35 RD/WH not found in database - nothing changed !&#xD;
 E3: W - Wire/Core '2011' could not be created.&#xD;
 E3: W - Component Iy-0.35 BN not found in database - nothing changed !&#xD;
 E3: W - Wire/Core '2012' could not be created.&#xD;
 E3: W - Component Iy-1 BN not found in database - nothing changed !&#xD;
 E3: W - Wire/Core '2797' could not be created.&#xD;
 E3: W - Component Iy-1 RD/BK not found in database - nothing changed !&#xD;
 E3: W - Wire/Core '2798' could not be created.&#xD;
 E3: W - Component Iy-0.35 RD/BU not found in database - nothing changed !&#xD;
 E3: W - Wire/Core '3628' could not be created.&#xD;
 E3: W - Component Iy-0.35 RD/VT not found in database - nothing changed !&#xD;
 E3: W - Wire/Core '4940' could not be created.&#xD;
 E3: W - Component Iy-0.35 BN/WH not found in database - nothing changed !&#xD;
 E3: W - Wire/Core '4941' could not be created.&#xD;
 E3: W - Component Iy-2.5 BN not found in database - nothing changed !&#xD;
 E3: W - Wire/Core '1258' could not be created.&#xD;
 E3: W - Component Iy-0.5 BN not found in database - nothing changed !&#xD;
 E3: W - Wire/Core '1364' could not be created.&#xD;
 E3: W - Component Iy-0.5 BN not found in database - nothing changed !&#xD;
 E3: W - Wire/Core '1365' could not be created.&#xD;
 E3: W - Component Iy-1 BN not found in database - nothing changed !&#xD;
 E3: W - Wire/Core '3515' could not be created.&#xD;
 E3: W - Component Iy-2.5 BN not found in database - nothing changed !&#xD;
 E3: W - Wire/Core '4801' could not be created.&#xD;
 E3: W - Component Iq-0.13 YE/VT not found in database - nothing changed !&#xD;
 E3: W - Wire/Core '1543.1' could not be created.&#xD;
 E3: W - Component Iq-0.13 YE/VT not found in database - nothing changed !&#xD;
 E3: W - Wire/Core '1543.2' could not be created.&#xD;
 E3: W - Component Iq-0.13 WH/BU not found in database - nothing changed !&#xD;
 E3: W - Wire/Core '2101' could not be created.&#xD;
 E3: W - Component Iq-0.13 GN/GY not found in database - nothing changed !&#xD;
 E3: W - Wire/Core '2319' could not be created.&#xD;
 E3: W - Component Iq-0.13 GN/WH not found in database - nothing changed !&#xD;
 E3: W - Wire/Core '2323' could not be created.&#xD;
 E3: W - Component Iq-0.13 BU/YE not found in database - nothing changed !&#xD;
 E3: W - Wire/Core '2907' could not be created.&#xD;
 E3: W - Component Iq-0.13 BU/YE not found in database - nothing changed !&#xD;
 E3: W - Wire/Core '2939' could not be created.&#xD;
 E3: W - Component Iq-0.13 GN/VT not found in database - nothing changed !&#xD;
 E3: W - Wire/Core '3516' could not be created.&#xD;
 E3: W - Component Iq-0.13 BU/YE not found in database - nothing changed !&#xD;
 E3: W - Wire/Core '3520' could not be created.&#xD;
 E3: W - Component Iq-0.13 BU/YE not found in database - nothing changed !&#xD;
 E3: W - Wire/Core '3521' could not be created.&#xD;
 E3: W - Component Iq-0.13 BK/BU not found in database - nothing changed !&#xD;
 E3: W - Wire/Core '3744' could not be created.&#xD;
 E3: W - Component Iq-0.13 BU/YE not found in database - nothing changed !&#xD;
 E3: W - Wire/Core '3902' could not be created.&#xD;
 E3: W - Component Iq-0.13 BU/BK not found in database - nothing changed !&#xD;
 E3: W - Wire/Core '3921' could not be created.&#xD;
 E3: W - Component Iq-0.13 GN/VT not found in database - nothing changed !&#xD;
 E3: W - Wire/Core '4293' could not be created.&#xD;
 E3: W - Component Iq-0.13 BU/YE not found in database - nothing changed !&#xD;
 E3: W - Wire/Core '4373' could not be created.&#xD;
 E3: W - Component Iq-0.13 BK/BU not found in database - nothing changed !&#xD;
 E3: W - Wire/Core '4810' could not be created.&#xD;
 E3: W - Component Iq-0.13 YE/VT not found in database - nothing changed !&#xD;
 E3: W - Wire/Core '4860' could not be created.&#xD;
 E3: W - Component Iq-0.13 GY/VT not found in database - nothing changed !&#xD;
 E3: W - Wire/Core '4871' could not be created.&#xD;
 E3: W - Component Iq-0.13 BK not found in database - nothing changed !&#xD;
 E3: W - Wire/Core '5108' could not be created.&#xD;
 E3: W - Component Iq-0.13 BK/WH not found in database - nothing changed !&#xD;
 E3: W - Wire/Core '5110' could not be created.&#xD;
 E3: W - Component Iq-0.13 WH/BU not found in database - nothing changed !&#xD;
 E3: W - Wire/Core '5180' could not be created.&#xD;
 E3: W - Component Iq-0.13 GN/GY not found in database - nothing changed !&#xD;
 E3: W - Wire/Core '5217' could not be created.&#xD;
 E3: W - Component Iq-0.13 WH/BU not found in database - nothing changed !&#xD;
 E3: W - Wire/Core '5280' could not be created.&#xD;
 E3: W - Component Iq-0.13 WH/BU not found in database - nothing changed !&#xD;
 E3: W - Wire/Core '5758' could not be created.&#xD;
 E3: W - Component Iq-0.13 WH/BU not found in database - nothing changed !&#xD;
 E3: W - Wire/Core '5766' could not be created.&#xD;
 E3: W - Component My-0.35 GN/VT not found in database - nothing changed !&#xD;
 E3: W - Wire/Core '4639' could not be created.&#xD;
 E3: W - Component Iq-0.13 BK/BU not found in database - nothing changed !&#xD;
 E3: W - Wire/Core '1858' could not be created.&#xD;
 E3: W - Component Iy-0.35 PK not found in database - nothing changed !&#xD;
 E3: W - Wire/Core '1993' could not be created.&#xD;
 E3: W - Component Iy-0.35 PK/BK not found in database - nothing changed !&#xD;
 E3: W - Wire/Core '1994' could not be created.&#xD;
 E3: W - Component Tn-0.35 BN not found in database - nothing changed !&#xD;
 E3: W - Wire/Core '3461' could not be created.&#xD;
 E3: W - Component Tn-0.35 YE not found in database - nothing changed !&#xD;
 E3: W - Wire/Core '3462' could not be created.&#xD;
 E3: W - Component Tn-0.35 RD/BN not found in database - nothing changed !&#xD;
 E3: W - Wire/Core '3463' could not be created.&#xD;
 E3: W - Component Tn-0.75 WH/RD not found in database - nothing changed !&#xD;
 E3: W - Wire/Core '3464' could not be created.&#xD;
 E3: W - Component Tn-0.75 GN not found in database - nothing changed !&#xD;
 E3: W - Wire/Core '3465' could not be created.&#xD;
 E3: W - Component Iy-0.35 BN/GN not found in database - nothing changed !&#xD;
 E3: W - Wire/Core '5023' could not be created.&#xD;
 E3: W - Component Iy-0.35 RD/GN not found in database - nothing changed !&#xD;
 E3: W - Wire/Core '5024' could not be created.&#xD;
 E3: W - Component Iq-0.13 PK not found in database - nothing changed !&#xD;
 E3: W - Wire/Core '1042' could not be created.&#xD;
 E3: W - Component Iq-0.13 VT not found in database - nothing changed !&#xD;
 E3: W - Wire/Core '1043' could not be created.&#xD;
 E3: W - Component Iq-0.13 GN/WH not found in database - nothing changed !&#xD;
 E3: W - Wire/Core '1044' could not be created.&#xD;
 E3: W - Component Iq-0.13 BK not found in database - nothing changed !&#xD;
 E3: W - Wire/Core '1045' could not be created.&#xD;
 E3: W - Component Iy-1 GY/BK not found in database - nothing changed !&#xD;
 E3: W - Wire/Core '3259.1' could not be created.&#xD;
 E3: W - Component Iy-1 GY/BK not found in database - nothing changed !&#xD;
 E3: W - Wire/Core '3259.2' could not be created.&#xD;
 E3: W - Component Iy-1 BN not found in database - nothing changed !&#xD;
 E3: W - Wire/Core '3263.1' could not be created.&#xD;
 E3: W - Component Iy-1 BN not found in database - nothing changed !&#xD;
 E3: W - Wire/Core '3263.2' could not be created.&#xD;
 E3: W - Component Iy-1 BU/BK not found in database - nothing changed !&#xD;
 E3: W - Wire/Core '3264.1' could not be created.&#xD;
 E3: W - Component Iy-1 BU/BK not found in database - nothing changed !&#xD;
 E3: W - Wire/Core '3264.2' could not be created.&#xD;
 E3: W - Component Iy-1 BN not found in database - nothing changed !&#xD;
 E3: W - Wire/Core '3267.1.1' could not be created.&#xD;
 E3: W - Component Iy-1 BN not found in database - nothing changed !&#xD;
 E3: W - Wire/Core '3267.1.2' could not be created.&#xD;
 E3: W - Component Iy-1 BN not found in database - nothing changed !&#xD;
 E3: W - Wire/Core '3267.2.1' could not be created.&#xD;
 E3: W - Component Iy-1 BN not found in database - nothing changed !&#xD;
 E3: W - Wire/Core '3267.2.2' could not be created.&#xD;
 E3: W - Component Iy-1 BN not found in database - nothing changed !&#xD;
 E3: W - Wire/Core '3268.1.1' could not be created.&#xD;
 E3: W - Component Iy-1 BN not found in database - nothing changed !&#xD;
 E3: W - Wire/Core '3268.2.1' could not be created.&#xD;
 E3: W - Component Iy-1 BU/GN not found in database - nothing changed !&#xD;
 E3: W - Wire/Core '3270.1' could not be created.&#xD;
 E3: W - Component Iy-1 BN not found in database - nothing changed !&#xD;
 E3: W - Wire/Core '3271.1' could not be created.&#xD;
 E3: W - Component Iy-1 BN not found in database - nothing changed !&#xD;
 E3: W - Wire/Core '3271.2' could not be created.&#xD;
 E3: W - Component Iy-1 GY/BK not found in database - nothing changed !&#xD;
 E3: W - Wire/Core '3275.1' could not be created.&#xD;
 E3: W - Component Iy-1 GY/BK not found in database - nothing changed !&#xD;
 E3: W - Wire/Core '3275.2' could not be created.&#xD;
 E3: W - Component Iy-0.35 WH/BU not found in database - nothing changed !&#xD;
 E3: W - Wire/Core '3482' could not be created.&#xD;
 E3: W - Component Iy-0.75 RD/BU not found in database - nothing changed !&#xD;
 E3: W - Wire/Core '3620' could not be created.&#xD;
 E3: W - Component Iy-0.35 RD/WH not found in database - nothing changed !&#xD;
 E3: W - Wire/Core '3665' could not be created.&#xD;
 E3: W - Component Iy-0.5 OG not found in database - nothing changed !&#xD;
 E3: W - Wire/Core '3720.1' could not be created.&#xD;
 E3: W - Component Iy-0.5 OG not found in database - nothing changed !&#xD;
 E3: W - Wire/Core '3720.2' could not be created.&#xD;
 E3: W - Component Iy-0.5 GN not found in database - nothing changed !&#xD;
 E3: W - Wire/Core '3721.1' could not be created.&#xD;
 E3: W - Component Iy-0.35 GN not found in database - nothing changed !&#xD;
 E3: W - Wire/Core '4575' could not be created.&#xD;
 E3: W - Component Iy-0.35 GN not found in database - nothing changed !&#xD;
 E3: W - Wire/Core '5305' could not be created.&#xD;
 E3: W - Component Iy-1 BN not found in database - nothing changed !&#xD;
 E3: W - Wire/Core '3268.1.2' could not be created.&#xD;
 E3: W - Component Iy-1 BN not found in database - nothing changed !&#xD;
 E3: W - Wire/Core '3268.2.2' could not be created.&#xD;
 E3: W - Component Iy-1 BU/GN not found in database - nothing changed !&#xD;
 E3: W - Wire/Core '3270.2' could not be created.&#xD;
 E3: W - Component Iy-0.5 GN not found in database - nothing changed !&#xD;
 E3: W - Wire/Core '3721.2' could not be created.&#xD;
 E3: W - Component Iy-0.5 GN/BK not found in database - nothing changed !&#xD;
 E3: W - Wire/Core '4925.2' could not be created.&#xD;
 E3: W - Component Iy-0.5 OG not found in database - nothing changed !&#xD;
 E3: W - Wire/Core '5319.2' could not be created.&#xD;
 E3: W - Component Iy-0.35 BN not found in database - nothing changed !&#xD;
 E3: W - Wire/Core '7140.1' could not be created.&#xD;
 E3: W - Component Iy-0.35 BN not found in database - nothing changed !&#xD;
 E3: W - Wire/Core '7140.2' could not be created.&#xD;
 E3: W - Component Iy-0.75 BN not found in database - nothing changed !&#xD;
 E3: W - Wire/Core '4796' could not be created.&#xD;
 E3: W - Component Iy-0.75 BU not found in database - nothing changed !&#xD;
 E3: W - Wire/Core '4797' could not be created.&#xD;
 E3: W - Component Iy-4 BN not found in database - nothing changed !&#xD;
 E3: W - Wire/Core '6207' could not be created.&#xD;
 E3: W - Component Gy-0.35 RD/GY not found in database - nothing changed !&#xD;
 E3: W - Wire/Core '6961' could not be created.&#xD;
 E3: W - Component Gy-0.35 GY/VT not found in database - nothing changed !&#xD;
 E3: W - Wire/Core '6962' could not be created.&#xD;
 E3: W - Component Gy-0.35 BN not found in database - nothing changed !&#xD;
 E3: W - Wire/Core '6963' could not be created.&#xD;
 E3: W - Component Ia-10 BN not found in database - nothing changed !&#xD;
 E3: W - Wire/Core '1928' could not be created.&#xD;
 E3: W - Component Iy-0.5 BK not found in database - nothing changed !&#xD;
 E3: W - Wire/Core '4528' could not be created.&#xD;
 E3: W - Component Iy-0.5 BU/WH not found in database - nothing changed !&#xD;
 E3: W - Wire/Core '4798' could not be created.&#xD;
 E3: W - Component Iy-0.5 BU/WH not found in database - nothing changed !&#xD;
 E3: W - Wire/Core '4799' could not be created.&#xD;
 E3: W - Component Iy-0.5 BU/WH not found in database - nothing changed !&#xD;
 E3: W - Wire/Core '4802' could not be created.&#xD;
 E3: W - Component Tn-0.5 RD/WH not found in database - nothing changed !&#xD;
 E3: W - Wire/Core '1100' could not be created.&#xD;
 E3: I - Formboard sheet 'DOKUMENT' was created.&#xD;
 E3: I - Closing project 'Empty' without saving modifications...&#xD;

---Finish: 10.10.2023 - 12:16:41---</StdOut>
      </Output>
    </UnitTestResult>
  </Results>
  <TestDefinitions>
    <UnitTest name="KBL_document2_RL_2D" storage="c:\34da2f4f-6f47-45b3-afd0-5ff87ea0d5e2\e3.bridgetest.dll" id="1daa1d6c-9b27-451a-a211-304b2d1f6423">
      <Execution id="53febc78-7988-4e6f-9595-1d69c34c73b0" />
      <TestMethod codeBase="C:\34da2f4f-6f47-45b3-afd0-5ff87ea0d5e2\E3.BridgeTest.dll" adapterTypeName="executor://mstestadapter/v2" className="E3.BridgeTest.RoutingBridge+KBLLongImport_1" name="KBL_document2_RL_2D" />
    </UnitTest>
  </TestDefinitions>
  <TestEntries>
    <TestEntry testId="1daa1d6c-9b27-451a-a211-304b2d1f6423" executionId="53febc78-7988-4e6f-9595-1d69c34c73b0" testListId="8c84fa94-04c1-424b-9868-57a2d4851a1d" />
  </TestEntries>
  <TestLists>
    <TestList name="Results Not in a List" id="8c84fa94-04c1-424b-9868-57a2d4851a1d" />
    <TestList name="All Loaded Results" id="19431567-8539-422a-85d7-44ee4e166bda" />
  </TestLists>
  <ResultSummary outcome="Completed">
    <Counters total="1" executed="1" passed="1" failed="0" error="0" timeout="0" aborted="0" inconclusive="0" passedButRunAborted="0" notRunnable="0" notExecuted="0" disconnected="0" warning="0" completed="0" inProgress="0" pending="0" />
    <Output>
      <StdOut>MSTest Executor: Test Parallelization enabled for C:\34da2f4f-6f47-45b3-afd0-5ff87ea0d5e2\E3.BridgeTest.dll (Workers: 1, Scope: ClassLevel).&#xD;
</StdOut>
    </Output>
    <CollectorDataEntries>
      <Collector agentName="F41EF5681340" uri="datacollector://microsoft/CodeCoverage/2.0" collectorDisplayName="Code Coverage">
        <UriAttachments>
          <UriAttachment>
            <A href="F41EF5681340\ContainerAdministrator_F41EF5681340_2023-10-10.11_59_38.coverage"></A>
          </UriAttachment>
        </UriAttachments>
      </Collector>
    </CollectorDataEntries>
  </ResultSummary>
</TestRun>